TN:
SF:src/app.ts
FN:12,(anonymous_1)
FN:17,(anonymous_2)
FNF:2
FNH:0
FNDA:0,(anonymous_1)
FNDA:0,(anonymous_2)
DA:1,1
DA:2,1
DA:4,1
DA:5,1
DA:7,1
DA:8,1
DA:10,1
DA:12,1
DA:13,0
DA:16,1
DA:17,0
DA:18,0
DA:22,1
LF:13
LH:10
BRDA:5,0,0,1
BRDA:5,0,1,1
BRDA:16,1,0,0
BRF:3
BRH:2
end_of_record
TN:
SF:src/models.ts
FN:1,(anonymous_0)
FNF:1
FNH:1
FNDA:1,(anonymous_0)
DA:1,1
DA:2,1
DA:3,1
DA:4,1
DA:5,1
DA:6,1
DA:7,1
LF:7
LH:7
BRDA:1,0,0,1
BRDA:1,0,1,1
BRF:2
BRH:2
end_of_record
TN:
SF:src/repository.ts
FN:13,(anonymous_0)
FN:16,(anonymous_1)
FN:20,(anonymous_2)
FN:39,(anonymous_3)
FN:51,(anonymous_4)
FN:55,(anonymous_5)
FN:56,(anonymous_6)
FN:59,(anonymous_7)
FN:63,(anonymous_8)
FN:67,(anonymous_9)
FN:72,(anonymous_10)
FN:75,(anonymous_11)
FN:86,(anonymous_12)
FN:99,(anonymous_13)
FN:117,(anonymous_14)
FN:124,(anonymous_15)
FN:169,(anonymous_16)
FN:175,(anonymous_17)
FN:184,(anonymous_18)
FN:188,(anonymous_19)
FN:189,(anonymous_20)
FN:208,(anonymous_21)
FN:212,(anonymous_22)
FNF:23
FNH:18
FNDA:1,(anonymous_0)
FNDA:12,(anonymous_1)
FNDA:6,(anonymous_2)
FNDA:6,(anonymous_3)
FNDA:32,(anonymous_4)
FNDA:2,(anonymous_5)
FNDA:1,(anonymous_6)
FNDA:4,(anonymous_7)
FNDA:1,(anonymous_8)
FNDA:0,(anonymous_9)
FNDA:0,(anonymous_10)
FNDA:8,(anonymous_11)
FNDA:1,(anonymous_12)
FNDA:6,(anonymous_13)
FNDA:1,(anonymous_14)
FNDA:4,(anonymous_15)
FNDA:1,(anonymous_16)
FNDA:0,(anonymous_17)
FNDA:0,(anonymous_18)
FNDA:2,(anonymous_19)
FNDA:2,(anonymous_20)
FNDA:0,(anonymous_21)
FNDA:6,(anonymous_22)
DA:1,1
DA:2,1
DA:11,1
DA:13,1
DA:14,1
DA:17,12
DA:26,6
DA:27,6
DA:39,6
DA:47,6
DA:48,6
DA:52,32
DA:56,2
DA:60,4
DA:62,4
DA:63,1
DA:66,4
DA:67,0
DA:68,0
DA:72,4
DA:76,8
DA:77,8
DA:78,0
DA:81,8
DA:82,8
DA:83,8
DA:87,1
DA:88,1
DA:89,0
DA:92,1
DA:93,1
DA:94,1
DA:95,1
DA:96,1
DA:100,6
DA:101,6
DA:102,0
DA:105,6
DA:112,6
DA:113,6
DA:114,6
DA:118,1
DA:124,1
DA:125,4
DA:126,4
DA:127,2
DA:130,2
DA:131,1
DA:134,1
DA:135,1
DA:136,0
DA:139,1
DA:155,1
DA:157,3
DA:158,3
DA:166,1
DA:170,1
DA:171,1
DA:172,1
DA:173,1
DA:175,0
DA:176,0
DA:177,0
DA:184,0
DA:189,2
DA:209,0
DA:213,6
DA:217,1
LF:68
LH:57
BRDA:17,0,0,7
BRDA:17,0,1,5
BRDA:62,1,0,1
BRDA:66,2,0,0
BRDA:77,3,0,0
BRDA:88,4,0,0
BRDA:101,5,0,0
BRDA:126,6,0,2
BRDA:126,7,0,4
BRDA:126,7,1,3
BRDA:130,8,0,1
BRDA:135,9,0,0
BRDA:143,10,0,1
BRDA:143,10,1,0
BRDA:144,11,0,1
BRDA:144,11,1,0
BRDA:145,12,0,1
BRDA:145,12,1,0
BRDA:148,13,0,1
BRDA:148,13,1,0
BRDA:149,14,0,1
BRDA:149,14,1,0
BRDA:150,15,0,1
BRDA:150,15,1,0
BRDA:170,16,0,0
BRDA:173,17,0,1
BRDA:173,17,1,0
BRDA:178,18,0,0
BRDA:178,18,1,0
BRDA:179,19,0,0
BRDA:179,19,1,0
BRDA:180,20,0,0
BRDA:180,20,1,0
BRDA:181,21,0,0
BRDA:181,21,1,0
BRDA:182,22,0,0
BRDA:182,22,1,0
BRF:37
BRH:14
end_of_record
TN:
SF:src/routes.ts
FN:8,(anonymous_0)
FN:18,(anonymous_1)
FN:31,(anonymous_2)
FN:43,(anonymous_3)
FN:52,(anonymous_4)
FN:61,(anonymous_5)
FN:70,(anonymous_6)
FN:83,(anonymous_7)
FN:94,(anonymous_8)
FN:108,(anonymous_9)
FN:123,(anonymous_10)
FN:132,(anonymous_11)
FNF:12
FNH:11
FNDA:3,(anonymous_0)
FNDA:4,(anonymous_1)
FNDA:3,(anonymous_2)
FNDA:3,(anonymous_3)
FNDA:5,(anonymous_4)
FNDA:1,(anonymous_5)
FNDA:0,(anonymous_6)
FNDA:1,(anonymous_7)
FNDA:4,(anonymous_8)
FNDA:4,(anonymous_9)
FNDA:3,(anonymous_10)
FNDA:1,(anonymous_11)
DA:1,1
DA:2,1
DA:3,1
DA:4,1
DA:6,1
DA:8,1
DA:9,3
DA:10,2
DA:12,1
DA:13,1
DA:15,0
DA:18,1
DA:19,4
DA:20,4
DA:21,4
DA:25,4
DA:27,0
DA:31,1
DA:32,3
DA:33,3
DA:34,3
DA:35,0
DA:37,3
DA:39,0
DA:43,1
DA:44,3
DA:45,3
DA:46,3
DA:48,0
DA:52,1
DA:53,5
DA:54,5
DA:55,5
DA:57,0
DA:61,1
DA:62,1
DA:63,1
DA:64,1
DA:66,0
DA:70,1
DA:71,0
DA:72,0
DA:73,0
DA:74,0
DA:75,0
DA:76,0
DA:77,0
DA:79,0
DA:83,1
DA:84,1
DA:85,1
DA:86,1
DA:87,1
DA:88,1
DA:90,0
DA:94,1
DA:95,4
DA:96,4
DA:102,3
DA:104,1
DA:108,1
DA:109,4
DA:110,4
DA:117,3
DA:119,1
DA:123,1
DA:124,3
DA:125,3
DA:126,2
DA:128,1
DA:132,1
DA:133,1
DA:134,1
DA:135,1
DA:137,0
DA:141,1
LF:76
LH:59
BRDA:9,0,0,2
BRDA:12,1,0,1
BRDA:34,2,0,0
BRF:3
BRH:2
end_of_record
TN:
SF:src/service.ts
FN:6,(anonymous_0)
FN:15,(anonymous_1)
FN:19,(anonymous_2)
FN:23,(anonymous_3)
FN:39,(anonymous_4)
FN:58,(anonymous_5)
FN:68,(anonymous_6)
FN:72,(anonymous_7)
FN:76,(anonymous_8)
FN:80,(anonymous_9)
FN:87,(anonymous_10)
FN:88,(anonymous_11)
FNF:12
FNH:12
FNDA:5,(anonymous_0)
FNDA:3,(anonymous_1)
FNDA:4,(anonymous_2)
FNDA:4,(anonymous_3)
FNDA:4,(anonymous_4)
FNDA:3,(anonymous_5)
FNDA:1,(anonymous_6)
FNDA:1,(anonymous_7)
FNDA:2,(anonymous_8)
FNDA:3,(anonymous_9)
FNDA:3,(anonymous_10)
FNDA:6,(anonymous_11)
DA:1,1
DA:2,1
DA:3,1
DA:5,1
DA:12,5
DA:16,3
DA:20,4
DA:24,4
DA:25,4
DA:26,0
DA:29,4
DA:31,3
DA:32,3
DA:40,4
DA:41,4
DA:42,0
DA:45,4
DA:47,3
DA:48,3
DA:50,3
DA:59,3
DA:60,3
DA:61,0
DA:64,3
DA:65,2
DA:69,1
DA:73,1
DA:77,2
DA:81,3
DA:82,3
DA:83,0
DA:86,3
DA:87,3
DA:88,6
DA:98,1
LF:35
LH:31
BRDA:25,0,0,0
BRDA:41,1,0,0
BRDA:47,2,0,2
BRDA:47,2,1,1
BRDA:51,3,0,2
BRDA:51,3,1,1
BRDA:60,4,0,0
BRDA:82,5,0,0
BRF:8
BRH:4
end_of_record
TN:
SF:src/validator.ts
FN:4,(anonymous_0)
FN:11,(anonymous_1)
FN:27,(anonymous_2)
FN:32,(anonymous_3)
FN:42,(anonymous_4)
FN:56,(anonymous_5)
FN:68,(anonymous_6)
FN:84,(anonymous_7)
FNF:8
FNH:8
FNDA:2,(anonymous_0)
FNDA:1,(anonymous_1)
FNDA:9,(anonymous_2)
FNDA:9,(anonymous_3)
FNDA:4,(anonymous_4)
FNDA:4,(anonymous_5)
FNDA:3,(anonymous_6)
FNDA:1,(anonymous_7)
DA:1,1
DA:3,1
DA:5,2
DA:6,2
DA:10,1
DA:12,1
DA:13,1
DA:17,1
DA:18,1
DA:28,9
DA:29,9
DA:33,9
DA:34,0
DA:41,1
DA:43,4
DA:44,0
DA:47,4
DA:48,1
DA:53,3
DA:57,4
DA:58,1
DA:61,3
DA:62,2
DA:64,1
DA:69,3
DA:75,3
DA:76,1
DA:81,2
DA:85,1
DA:86,0
DA:89,1
LF:31
LH:28
BRDA:29,0,0,9
BRDA:29,0,1,0
BRDA:33,1,0,0
BRDA:43,2,0,0
BRDA:43,3,0,4
BRDA:43,3,1,4
BRDA:47,4,0,1
BRDA:57,5,0,1
BRDA:61,6,0,2
BRDA:61,6,1,1
BRDA:75,7,0,1
BRDA:85,8,0,0
BRF:12
BRH:8
end_of_record
