{"/Users/lzy/pro/solo/workspaces/zy70538/src/app.ts": {"path":"/Users/lzy/pro/solo/workspaces/zy70538/src/app.ts","statementMap":{"0":{"start":{"line":1,"column":0},"end":{"line":1,"column":30}},"1":{"start":{"line":2,"column":0},"end":{"line":2,"column":69}},"2":{"start":{"line":3,"column":0},"end":{"line":3,"column":74}},"3":{"start":{"line":5,"column":12},"end":{"line":5,"column":21}},"4":{"start":{"line":6,"column":13},"end":{"line":6,"column":37}},"5":{"start":{"line":8,"column":0},"end":{"line":8,"column":41}},"6":{"start":{"line":9,"column":0},"end":{"line":9,"column":48}},"7":{"start":{"line":11,"column":0},"end":{"line":15,"column":3}},"8":{"start":{"line":12,"column":2},"end":{"line":12,"column":53}},"9":{"start":{"line":13,"column":2},"end":{"line":13,"column":43}},"10":{"start":{"line":14,"column":2},"end":{"line":14,"column":9}},"11":{"start":{"line":17,"column":0},"end":{"line":24,"column":3}},"12":{"start":{"line":18,"column":2},"end":{"line":23,"column":5}},"13":{"start":{"line":26,"column":0},"end":{"line":26,"column":62}},"14":{"start":{"line":28,"column":0},"end":{"line":28,"column":25}},"15":{"start":{"line":29,"column":0},"end":{"line":29,"column":22}},"16":{"start":{"line":31,"column":0},"end":{"line":40,"column":3}},"17":{"start":{"line":32,"column":2},"end":{"line":39,"column":5}},"18":{"start":{"line":42,"column":0},"end":{"line":42,"column":19}}},"fnMap":{"0":{"name":"(anonymous_1)","decl":{"start":{"line":11,"column":8},"end":{"line":11,"column":9}},"loc":{"start":{"line":11,"column":27},"end":{"line":15,"column":1}}},"1":{"name":"(anonymous_2)","decl":{"start":{"line":17,"column":19},"end":{"line":17,"column":20}},"loc":{"start":{"line":17,"column":32},"end":{"line":24,"column":1}}},"2":{"name":"(anonymous_3)","decl":{"start":{"line":31,"column":17},"end":{"line":31,"column":20}},"loc":{"start":{"line":31,"column":22},"end":{"line":40,"column":1}}}},"branchMap":{"0":{"loc":{"start":{"line":6,"column":13},"end":{"line":6,"column":37}},"type":"binary-expr","locations":[{"start":{"line":6,"column":13},"end":{"line":6,"column":29}},{"start":{"line":6,"column":33},"end":{"line":6,"column":37}}]},"1":{"loc":{"start":{"line":36,"column":8},"end":{"line":36,"column":45}},"type":"binary-expr","locations":[{"start":{"line":36,"column":8},"end":{"line":36,"column":28}},{"start":{"line":36,"column":32},"end":{"line":36,"column":45}}]}},"s":{"0":0,"1":0,"2":0,"3":0,"4":0,"5":0,"6":0,"7":0,"8":0,"9":0,"10":0,"11":0,"12":0,"13":0,"14":0,"15":0,"16":0,"17":0,"18":0},"f":{"0":0,"1":0,"2":0},"b":{"0":[0,0],"1":[0,0]}}
,"/Users/lzy/pro/solo/workspaces/zy70538/src/types.ts": {"path":"/Users/lzy/pro/solo/workspaces/zy70538/src/types.ts","statementMap":{"0":{"start":{"line":1,"column":0},"end":{"line":1,"column":null}},"1":{"start":{"line":2,"column":2},"end":{"line":2,"column":null}},"2":{"start":{"line":3,"column":2},"end":{"line":3,"column":null}},"3":{"start":{"line":4,"column":2},"end":{"line":4,"column":null}},"4":{"start":{"line":5,"column":2},"end":{"line":5,"column":null}},"5":{"start":{"line":6,"column":2},"end":{"line":6,"column":null}}},"fnMap":{"0":{"name":"(anonymous_0)","decl":{"start":{"line":1,"column":0},"end":{"line":1,"column":12}},"loc":{"start":{"line":1,"column":34},"end":{"line":7,"column":1}}}},"branchMap":{"0":{"loc":{"start":{"line":1,"column":12},"end":{"line":1,"column":null}},"type":"binary-expr","locations":[{"start":{"line":1,"column":12},"end":{"line":1,"column":34}},{"start":{"line":1,"column":34},"end":{"line":1,"column":null}}]}},"s":{"0":1,"1":1,"2":1,"3":1,"4":1,"5":1},"f":{"0":1},"b":{"0":[1,1]}}
,"/Users/lzy/pro/solo/workspaces/zy70538/src/controllers/cacheExplanationController.ts": {"path":"/Users/lzy/pro/solo/workspaces/zy70538/src/controllers/cacheExplanationController.ts","statementMap":{"0":{"start":{"line":2,"column":0},"end":{"line":2,"column":71}},"1":{"start":{"line":3,"column":0},"end":{"line":3,"column":58}},"2":{"start":{"line":4,"column":0},"end":{"line":4,"column":null}},"3":{"start":{"line":14,"column":4},"end":{"line":29,"column":5}},"4":{"start":{"line":15,"column":48},"end":{"line":15,"column":56}},"5":{"start":{"line":16,"column":26},"end":{"line":16,"column":63}},"6":{"start":{"line":18,"column":6},"end":{"line":22,"column":9}},"7":{"start":{"line":24,"column":6},"end":{"line":28,"column":9}},"8":{"start":{"line":33,"column":19},"end":{"line":33,"column":29}},"9":{"start":{"line":34,"column":24},"end":{"line":34,"column":58}},"10":{"start":{"line":36,"column":4},"end":{"line":42,"column":5}},"11":{"start":{"line":37,"column":6},"end":{"line":40,"column":9}},"12":{"start":{"line":41,"column":6},"end":{"line":41,"column":13}},"13":{"start":{"line":44,"column":4},"end":{"line":47,"column":7}},"14":{"start":{"line":51,"column":25},"end":{"line":51,"column":35}},"15":{"start":{"line":52,"column":24},"end":{"line":52,"column":70}},"16":{"start":{"line":54,"column":4},"end":{"line":60,"column":5}},"17":{"start":{"line":55,"column":6},"end":{"line":58,"column":9}},"18":{"start":{"line":59,"column":6},"end":{"line":59,"column":13}},"19":{"start":{"line":62,"column":4},"end":{"line":65,"column":7}},"20":{"start":{"line":69,"column":4},"end":{"line":89,"column":5}},"21":{"start":{"line":70,"column":45},"end":{"line":70,"column":91}},"22":{"start":{"line":71,"column":21},"end":{"line":71,"column":56}},"23":{"start":{"line":73,"column":6},"end":{"line":82,"column":9}},"24":{"start":{"line":84,"column":6},"end":{"line":88,"column":9}},"25":{"start":{"line":93,"column":19},"end":{"line":93,"column":29}},"26":{"start":{"line":94,"column":34},"end":{"line":94,"column":42}},"27":{"start":{"line":96,"column":4},"end":{"line":103,"column":5}},"28":{"start":{"line":97,"column":6},"end":{"line":101,"column":9}},"29":{"start":{"line":102,"column":6},"end":{"line":102,"column":13}},"30":{"start":{"line":105,"column":24},"end":{"line":105,"column":81}},"31":{"start":{"line":107,"column":4},"end":{"line":113,"column":5}},"32":{"start":{"line":108,"column":6},"end":{"line":111,"column":9}},"33":{"start":{"line":112,"column":6},"end":{"line":112,"column":13}},"34":{"start":{"line":115,"column":4},"end":{"line":119,"column":7}},"35":{"start":{"line":123,"column":4},"end":{"line":146,"column":5}},"36":{"start":{"line":124,"column":47},"end":{"line":124,"column":55}},"37":{"start":{"line":125,"column":26},"end":{"line":125,"column":73}},"38":{"start":{"line":127,"column":6},"end":{"line":133,"column":7}},"39":{"start":{"line":128,"column":8},"end":{"line":131,"column":11}},"40":{"start":{"line":132,"column":8},"end":{"line":132,"column":15}},"41":{"start":{"line":135,"column":6},"end":{"line":139,"column":9}},"42":{"start":{"line":141,"column":6},"end":{"line":145,"column":9}},"43":{"start":{"line":150,"column":46},"end":{"line":150,"column":54}},"44":{"start":{"line":151,"column":24},"end":{"line":151,"column":86}},"45":{"start":{"line":153,"column":4},"end":{"line":159,"column":5}},"46":{"start":{"line":154,"column":6},"end":{"line":157,"column":9}},"47":{"start":{"line":158,"column":6},"end":{"line":158,"column":13}},"48":{"start":{"line":161,"column":4},"end":{"line":165,"column":7}},"49":{"start":{"line":169,"column":4},"end":{"line":192,"column":5}},"50":{"start":{"line":170,"column":43},"end":{"line":170,"column":51}},"51":{"start":{"line":171,"column":26},"end":{"line":171,"column":69}},"52":{"start":{"line":173,"column":6},"end":{"line":179,"column":7}},"53":{"start":{"line":174,"column":8},"end":{"line":177,"column":11}},"54":{"start":{"line":178,"column":8},"end":{"line":178,"column":15}},"55":{"start":{"line":181,"column":6},"end":{"line":185,"column":9}},"56":{"start":{"line":187,"column":6},"end":{"line":191,"column":9}},"57":{"start":{"line":196,"column":4},"end":{"line":225,"column":5}},"58":{"start":{"line":197,"column":77},"end":{"line":197,"column":85}},"59":{"start":{"line":198,"column":26},"end":{"line":203,"column":null}},"60":{"start":{"line":206,"column":6},"end":{"line":212,"column":7}},"61":{"start":{"line":207,"column":8},"end":{"line":210,"column":11}},"62":{"start":{"line":211,"column":8},"end":{"line":211,"column":15}},"63":{"start":{"line":214,"column":6},"end":{"line":218,"column":9}},"64":{"start":{"line":220,"column":6},"end":{"line":224,"column":9}},"65":{"start":{"line":229,"column":19},"end":{"line":229,"column":29}},"66":{"start":{"line":230,"column":24},"end":{"line":230,"column":58}},"67":{"start":{"line":232,"column":4},"end":{"line":238,"column":5}},"68":{"start":{"line":233,"column":6},"end":{"line":236,"column":9}},"69":{"start":{"line":237,"column":6},"end":{"line":237,"column":13}},"70":{"start":{"line":240,"column":19},"end":{"line":240,"column":68}},"71":{"start":{"line":242,"column":4},"end":{"line":245,"column":7}},"72":{"start":{"line":249,"column":4},"end":{"line":265,"column":5}},"73":{"start":{"line":250,"column":27},"end":{"line":250,"column":66}},"74":{"start":{"line":251,"column":23},"end":{"line":251,"column":62}},"75":{"start":{"line":253,"column":6},"end":{"line":258,"column":9}},"76":{"start":{"line":260,"column":6},"end":{"line":264,"column":9}},"77":{"start":{"line":269,"column":4},"end":{"line":285,"column":5}},"78":{"start":{"line":270,"column":27},"end":{"line":270,"column":66}},"79":{"start":{"line":271,"column":23},"end":{"line":271,"column":63}},"80":{"start":{"line":273,"column":6},"end":{"line":278,"column":9}},"81":{"start":{"line":280,"column":6},"end":{"line":284,"column":9}},"82":{"start":{"line":289,"column":19},"end":{"line":289,"column":29}},"83":{"start":{"line":290,"column":24},"end":{"line":290,"column":58}},"84":{"start":{"line":292,"column":4},"end":{"line":298,"column":5}},"85":{"start":{"line":293,"column":6},"end":{"line":296,"column":9}},"86":{"start":{"line":297,"column":6},"end":{"line":297,"column":13}},"87":{"start":{"line":300,"column":4},"end":{"line":306,"column":7}},"88":{"start":{"line":12,"column":0},"end":{"line":12,"column":13}},"89":{"start":{"line":310,"column":13},"end":{"line":310,"column":75}}},"fnMap":{"0":{"name":"(anonymous_0)","decl":{"start":{"line":13,"column":2},"end":{"line":13,"column":7}},"loc":{"start":{"line":13,"column":53},"end":{"line":30,"column":3}}},"1":{"name":"(anonymous_1)","decl":{"start":{"line":32,"column":2},"end":{"line":32,"column":7}},"loc":{"start":{"line":32,"column":54},"end":{"line":48,"column":3}}},"2":{"name":"(anonymous_2)","decl":{"start":{"line":50,"column":2},"end":{"line":50,"column":7}},"loc":{"start":{"line":50,"column":60},"end":{"line":66,"column":3}}},"3":{"name":"(anonymous_3)","decl":{"start":{"line":68,"column":2},"end":{"line":68,"column":7}},"loc":{"start":{"line":68,"column":53},"end":{"line":90,"column":3}}},"4":{"name":"(anonymous_4)","decl":{"start":{"line":92,"column":2},"end":{"line":92,"column":7}},"loc":{"start":{"line":92,"column":48},"end":{"line":120,"column":3}}},"5":{"name":"(anonymous_5)","decl":{"start":{"line":122,"column":2},"end":{"line":122,"column":7}},"loc":{"start":{"line":122,"column":52},"end":{"line":147,"column":3}}},"6":{"name":"(anonymous_6)","decl":{"start":{"line":149,"column":2},"end":{"line":149,"column":7}},"loc":{"start":{"line":149,"column":45},"end":{"line":166,"column":3}}},"7":{"name":"(anonymous_7)","decl":{"start":{"line":168,"column":2},"end":{"line":168,"column":7}},"loc":{"start":{"line":168,"column":48},"end":{"line":193,"column":3}}},"8":{"name":"(anonymous_8)","decl":{"start":{"line":195,"column":2},"end":{"line":195,"column":7}},"loc":{"start":{"line":195,"column":49},"end":{"line":226,"column":3}}},"9":{"name":"(anonymous_9)","decl":{"start":{"line":228,"column":2},"end":{"line":228,"column":7}},"loc":{"start":{"line":228,"column":53},"end":{"line":246,"column":3}}},"10":{"name":"(anonymous_10)","decl":{"start":{"line":248,"column":2},"end":{"line":248,"column":7}},"loc":{"start":{"line":248,"column":47},"end":{"line":266,"column":3}}},"11":{"name":"(anonymous_11)","decl":{"start":{"line":268,"column":2},"end":{"line":268,"column":7}},"loc":{"start":{"line":268,"column":48},"end":{"line":286,"column":3}}},"12":{"name":"(anonymous_12)","decl":{"start":{"line":288,"column":2},"end":{"line":288,"column":7}},"loc":{"start":{"line":288,"column":49},"end":{"line":307,"column":3}}}},"branchMap":{"0":{"loc":{"start":{"line":27,"column":17},"end":{"line":27,"column":71}},"type":"cond-expr","locations":[{"start":{"line":27,"column":42},"end":{"line":27,"column":55}},{"start":{"line":27,"column":58},"end":{"line":27,"column":71}}]},"1":{"loc":{"start":{"line":36,"column":4},"end":{"line":42,"column":5}},"type":"if","locations":[{"start":{"line":36,"column":4},"end":{"line":42,"column":5}}]},"2":{"loc":{"start":{"line":54,"column":4},"end":{"line":60,"column":5}},"type":"if","locations":[{"start":{"line":54,"column":4},"end":{"line":60,"column":5}}]},"3":{"loc":{"start":{"line":77,"column":16},"end":{"line":77,"column":32}},"type":"binary-expr","locations":[{"start":{"line":77,"column":16},"end":{"line":77,"column":27}},{"start":{"line":77,"column":31},"end":{"line":77,"column":32}}]},"4":{"loc":{"start":{"line":78,"column":20},"end":{"line":78,"column":41}},"type":"binary-expr","locations":[{"start":{"line":78,"column":20},"end":{"line":78,"column":35}},{"start":{"line":78,"column":39},"end":{"line":78,"column":41}}]},"5":{"loc":{"start":{"line":80,"column":48},"end":{"line":80,"column":69}},"type":"binary-expr","locations":[{"start":{"line":80,"column":48},"end":{"line":80,"column":63}},{"start":{"line":80,"column":67},"end":{"line":80,"column":69}}]},"6":{"loc":{"start":{"line":87,"column":17},"end":{"line":87,"column":71}},"type":"cond-expr","locations":[{"start":{"line":87,"column":42},"end":{"line":87,"column":55}},{"start":{"line":87,"column":58},"end":{"line":87,"column":71}}]},"7":{"loc":{"start":{"line":96,"column":4},"end":{"line":103,"column":5}},"type":"if","locations":[{"start":{"line":96,"column":4},"end":{"line":103,"column":5}}]},"8":{"loc":{"start":{"line":107,"column":4},"end":{"line":113,"column":5}},"type":"if","locations":[{"start":{"line":107,"column":4},"end":{"line":113,"column":5}}]},"9":{"loc":{"start":{"line":127,"column":6},"end":{"line":133,"column":7}},"type":"if","locations":[{"start":{"line":127,"column":6},"end":{"line":133,"column":7}}]},"10":{"loc":{"start":{"line":144,"column":17},"end":{"line":144,"column":71}},"type":"cond-expr","locations":[{"start":{"line":144,"column":42},"end":{"line":144,"column":55}},{"start":{"line":144,"column":58},"end":{"line":144,"column":71}}]},"11":{"loc":{"start":{"line":153,"column":4},"end":{"line":159,"column":5}},"type":"if","locations":[{"start":{"line":153,"column":4},"end":{"line":159,"column":5}}]},"12":{"loc":{"start":{"line":173,"column":6},"end":{"line":179,"column":7}},"type":"if","locations":[{"start":{"line":173,"column":6},"end":{"line":179,"column":7}}]},"13":{"loc":{"start":{"line":190,"column":17},"end":{"line":190,"column":71}},"type":"cond-expr","locations":[{"start":{"line":190,"column":42},"end":{"line":190,"column":55}},{"start":{"line":190,"column":58},"end":{"line":190,"column":71}}]},"14":{"loc":{"start":{"line":206,"column":6},"end":{"line":212,"column":7}},"type":"if","locations":[{"start":{"line":206,"column":6},"end":{"line":212,"column":7}}]},"15":{"loc":{"start":{"line":223,"column":17},"end":{"line":223,"column":71}},"type":"cond-expr","locations":[{"start":{"line":223,"column":42},"end":{"line":223,"column":55}},{"start":{"line":223,"column":58},"end":{"line":223,"column":71}}]},"16":{"loc":{"start":{"line":232,"column":4},"end":{"line":238,"column":5}},"type":"if","locations":[{"start":{"line":232,"column":4},"end":{"line":238,"column":5}}]},"17":{"loc":{"start":{"line":263,"column":17},"end":{"line":263,"column":71}},"type":"cond-expr","locations":[{"start":{"line":263,"column":42},"end":{"line":263,"column":55}},{"start":{"line":263,"column":58},"end":{"line":263,"column":71}}]},"18":{"loc":{"start":{"line":283,"column":17},"end":{"line":283,"column":71}},"type":"cond-expr","locations":[{"start":{"line":283,"column":42},"end":{"line":283,"column":55}},{"start":{"line":283,"column":58},"end":{"line":283,"column":71}}]},"19":{"loc":{"start":{"line":292,"column":4},"end":{"line":298,"column":5}},"type":"if","locations":[{"start":{"line":292,"column":4},"end":{"line":298,"column":5}}]}},"s":{"0":0,"1":0,"2":0,"3":0,"4":0,"5":0,"6":0,"7":0,"8":0,"9":0,"10":0,"11":0,"12":0,"13":0,"14":0,"15":0,"16":0,"17":0,"18":0,"19":0,"20":0,"21":0,"22":0,"23":0,"24":0,"25":0,"26":0,"27":0,"28":0,"29":0,"30":0,"31":0,"32":0,"33":0,"34":0,"35":0,"36":0,"37":0,"38":0,"39":0,"40":0,"41":0,"42":0,"43":0,"44":0,"45":0,"46":0,"47":0,"48":0,"49":0,"50":0,"51":0,"52":0,"53":0,"54":0,"55":0,"56":0,"57":0,"58":0,"59":0,"60":0,"61":0,"62":0,"63":0,"64":0,"65":0,"66":0,"67":0,"68":0,"69":0,"70":0,"71":0,"72":0,"73":0,"74":0,"75":0,"76":0,"77":0,"78":0,"79":0,"80":0,"81":0,"82":0,"83":0,"84":0,"85":0,"86":0,"87":0,"88":0,"89":0},"f":{"0":0,"1":0,"2":0,"3":0,"4":0,"5":0,"6":0,"7":0,"8":0,"9":0,"10":0,"11":0,"12":0},"b":{"0":[0,0],"1":[0],"2":[0],"3":[0,0],"4":[0,0],"5":[0,0],"6":[0,0],"7":[0],"8":[0],"9":[0],"10":[0,0],"11":[0],"12":[0],"13":[0,0],"14":[0],"15":[0,0],"16":[0],"17":[0,0],"18":[0,0],"19":[0]}}
,"/Users/lzy/pro/solo/workspaces/zy70538/src/middleware/errorHandler.ts": {"path":"/Users/lzy/pro/solo/workspaces/zy70538/src/middleware/errorHandler.ts","statementMap":{"0":{"start":{"line":4,"column":0},"end":{"line":4,"column":16}},"1":{"start":{"line":24,"column":0},"end":{"line":24,"column":16}},"2":{"start":{"line":44,"column":0},"end":{"line":44,"column":16}},"3":{"start":{"line":59,"column":0},"end":{"line":59,"column":16}},"4":{"start":{"line":5,"column":2},"end":{"line":21,"column":4}},"5":{"start":{"line":6,"column":22},"end":{"line":6,"column":70}},"6":{"start":{"line":8,"column":4},"end":{"line":18,"column":5}},"7":{"start":{"line":9,"column":6},"end":{"line":16,"column":9}},"8":{"start":{"line":12,"column":46},"end":{"line":15,"column":10}},"9":{"start":{"line":17,"column":6},"end":{"line":17,"column":13}},"10":{"start":{"line":20,"column":4},"end":{"line":20,"column":11}},"11":{"start":{"line":25,"column":2},"end":{"line":41,"column":4}},"12":{"start":{"line":26,"column":22},"end":{"line":26,"column":71}},"13":{"start":{"line":28,"column":4},"end":{"line":38,"column":5}},"14":{"start":{"line":29,"column":6},"end":{"line":36,"column":9}},"15":{"start":{"line":32,"column":46},"end":{"line":35,"column":10}},"16":{"start":{"line":37,"column":6},"end":{"line":37,"column":13}},"17":{"start":{"line":40,"column":4},"end":{"line":40,"column":11}},"18":{"start":{"line":50,"column":2},"end":{"line":50,"column":34}},"19":{"start":{"line":52,"column":2},"end":{"line":56,"column":5}},"20":{"start":{"line":60,"column":2},"end":{"line":65,"column":5}}},"fnMap":{"0":{"name":"validateRequest","decl":{"start":{"line":4,"column":16},"end":{"line":4,"column":31}},"loc":{"start":{"line":4,"column":56},"end":{"line":22,"column":1}}},"1":{"name":"(anonymous_1)","decl":{"start":{"line":5,"column":9},"end":{"line":5,"column":10}},"loc":{"start":{"line":5,"column":67},"end":{"line":21,"column":3}}},"2":{"name":"(anonymous_2)","decl":{"start":{"line":12,"column":35},"end":{"line":12,"column":41}},"loc":{"start":{"line":12,"column":46},"end":{"line":15,"column":10}}},"3":{"name":"validateQuery","decl":{"start":{"line":24,"column":16},"end":{"line":24,"column":29}},"loc":{"start":{"line":24,"column":54},"end":{"line":42,"column":1}}},"4":{"name":"(anonymous_4)","decl":{"start":{"line":25,"column":9},"end":{"line":25,"column":10}},"loc":{"start":{"line":25,"column":67},"end":{"line":41,"column":3}}},"5":{"name":"(anonymous_5)","decl":{"start":{"line":32,"column":35},"end":{"line":32,"column":41}},"loc":{"start":{"line":32,"column":46},"end":{"line":35,"column":10}}},"6":{"name":"errorHandler","decl":{"start":{"line":44,"column":16},"end":{"line":44,"column":28}},"loc":{"start":{"line":48,"column":20},"end":{"line":57,"column":1}}},"7":{"name":"notFoundHandler","decl":{"start":{"line":59,"column":16},"end":{"line":59,"column":31}},"loc":{"start":{"line":59,"column":59},"end":{"line":66,"column":1}}}},"branchMap":{"0":{"loc":{"start":{"line":8,"column":4},"end":{"line":18,"column":5}},"type":"if","locations":[{"start":{"line":8,"column":4},"end":{"line":18,"column":5}}]},"1":{"loc":{"start":{"line":28,"column":4},"end":{"line":38,"column":5}},"type":"if","locations":[{"start":{"line":28,"column":4},"end":{"line":38,"column":5}}]},"2":{"loc":{"start":{"line":55,"column":13},"end":{"line":55,"column":79}},"type":"cond-expr","locations":[{"start":{"line":55,"column":54},"end":{"line":55,"column":67}},{"start":{"line":55,"column":70},"end":{"line":55,"column":79}}]}},"s":{"0":0,"1":0,"2":0,"3":0,"4":0,"5":0,"6":0,"7":0,"8":0,"9":0,"10":0,"11":0,"12":0,"13":0,"14":0,"15":0,"16":0,"17":0,"18":0,"19":0,"20":0},"f":{"0":0,"1":0,"2":0,"3":0,"4":0,"5":0,"6":0,"7":0},"b":{"0":[0],"1":[0],"2":[0,0]}}
,"/Users/lzy/pro/solo/workspaces/zy70538/src/middleware/validation.ts": {"path":"/Users/lzy/pro/solo/workspaces/zy70538/src/middleware/validation.ts","statementMap":{"0":{"start":{"line":1,"column":0},"end":{"line":1,"column":22}},"1":{"start":{"line":2,"column":0},"end":{"line":2,"column":50}},"2":{"start":{"line":4,"column":13},"end":{"line":32,"column":3}},"3":{"start":{"line":34,"column":13},"end":{"line":40,"column":3}},"4":{"start":{"line":42,"column":13},"end":{"line":46,"column":3}},"5":{"start":{"line":48,"column":13},"end":{"line":55,"column":3}},"6":{"start":{"line":57,"column":13},"end":{"line":61,"column":3}},"7":{"start":{"line":63,"column":13},"end":{"line":69,"column":3}}},"fnMap":{},"branchMap":{},"s":{"0":0,"1":0,"2":0,"3":0,"4":0,"5":0,"6":0,"7":0},"f":{},"b":{}}
,"/Users/lzy/pro/solo/workspaces/zy70538/src/routes/cacheExplanationRoutes.ts": {"path":"/Users/lzy/pro/solo/workspaces/zy70538/src/routes/cacheExplanationRoutes.ts","statementMap":{"0":{"start":{"line":1,"column":0},"end":{"line":1,"column":33}},"1":{"start":{"line":2,"column":0},"end":{"line":2,"column":87}},"2":{"start":{"line":3,"column":0},"end":{"line":3,"column":76}},"3":{"start":{"line":4,"column":0},"end":{"line":4,"column":null}},"4":{"start":{"line":13,"column":15},"end":{"line":13,"column":23}},"5":{"start":{"line":15,"column":0},"end":{"line":19,"column":2}},"6":{"start":{"line":21,"column":0},"end":{"line":25,"column":2}},"7":{"start":{"line":27,"column":0},"end":{"line":30,"column":2}},"8":{"start":{"line":32,"column":0},"end":{"line":35,"column":2}},"9":{"start":{"line":37,"column":0},"end":{"line":40,"column":2}},"10":{"start":{"line":42,"column":0},"end":{"line":45,"column":2}},"11":{"start":{"line":47,"column":0},"end":{"line":50,"column":2}},"12":{"start":{"line":52,"column":0},"end":{"line":56,"column":2}},"13":{"start":{"line":58,"column":0},"end":{"line":62,"column":2}},"14":{"start":{"line":64,"column":0},"end":{"line":68,"column":2}},"15":{"start":{"line":70,"column":0},"end":{"line":74,"column":2}},"16":{"start":{"line":76,"column":0},"end":{"line":79,"column":2}},"17":{"start":{"line":81,"column":0},"end":{"line":84,"column":2}},"18":{"start":{"line":86,"column":0},"end":{"line":86,"column":22}}},"fnMap":{},"branchMap":{},"s":{"0":0,"1":0,"2":0,"3":0,"4":0,"5":0,"6":0,"7":0,"8":0,"9":0,"10":0,"11":0,"12":0,"13":0,"14":0,"15":0,"16":0,"17":0,"18":0},"f":{},"b":{}}
,"/Users/lzy/pro/solo/workspaces/zy70538/src/services/exportService.ts": {"path":"/Users/lzy/pro/solo/workspaces/zy70538/src/services/exportService.ts","statementMap":{"0":{"start":{"line":1,"column":0},"end":{"line":1,"column":51}},"1":{"start":{"line":2,"column":0},"end":{"line":2,"column":68}},"2":{"start":{"line":3,"column":0},"end":{"line":3,"column":25}},"3":{"start":{"line":4,"column":0},"end":{"line":4,"column":29}},"4":{"start":{"line":10,"column":4},"end":{"line":10,"column":57}},"5":{"start":{"line":11,"column":4},"end":{"line":11,"column":27}},"6":{"start":{"line":15,"column":4},"end":{"line":17,"column":5}},"7":{"start":{"line":16,"column":6},"end":{"line":16,"column":56}},"8":{"start":{"line":21,"column":22},"end":{"line":21,"column":68}},"9":{"start":{"line":22,"column":21},"end":{"line":22,"column":58}},"10":{"start":{"line":23,"column":21},"end":{"line":23,"column":56}},"11":{"start":{"line":25,"column":22},"end":{"line":42,"column":6}},"12":{"start":{"line":44,"column":20},"end":{"line":58,"column":7}},"13":{"start":{"line":44,"column":45},"end":{"line":58,"column":6}},"14":{"start":{"line":60,"column":4},"end":{"line":60,"column":36}},"15":{"start":{"line":61,"column":4},"end":{"line":61,"column":20}},"16":{"start":{"line":65,"column":22},"end":{"line":65,"column":68}},"17":{"start":{"line":66,"column":21},"end":{"line":66,"column":59}},"18":{"start":{"line":67,"column":21},"end":{"line":67,"column":56}},"19":{"start":{"line":69,"column":4},"end":{"line":69,"column":78}},"20":{"start":{"line":70,"column":4},"end":{"line":70,"column":20}},"21":{"start":{"line":74,"column":62},"end":{"line":80,"column":6}},"22":{"start":{"line":81,"column":4},"end":{"line":81,"column":39}},"23":{"start":{"line":85,"column":4},"end":{"line":123,"column":6}},"24":{"start":{"line":6,"column":0},"end":{"line":6,"column":13}},"25":{"start":{"line":127,"column":13},"end":{"line":127,"column":49}}},"fnMap":{"0":{"name":"(anonymous_9)","decl":{"start":{"line":9,"column":2},"end":{"line":9,"column":null}},"loc":{"start":{"line":9,"column":2},"end":{"line":12,"column":3}}},"1":{"name":"(anonymous_10)","decl":{"start":{"line":14,"column":10},"end":{"line":14,"column":25}},"loc":{"start":{"line":14,"column":25},"end":{"line":18,"column":3}}},"2":{"name":"(anonymous_11)","decl":{"start":{"line":20,"column":2},"end":{"line":20,"column":13}},"loc":{"start":{"line":20,"column":46},"end":{"line":62,"column":3}}},"3":{"name":"(anonymous_12)","decl":{"start":{"line":44,"column":37},"end":{"line":44,"column":40}},"loc":{"start":{"line":44,"column":45},"end":{"line":58,"column":6}}},"4":{"name":"(anonymous_13)","decl":{"start":{"line":64,"column":2},"end":{"line":64,"column":14}},"loc":{"start":{"line":64,"column":47},"end":{"line":71,"column":3}}},"5":{"name":"(anonymous_14)","decl":{"start":{"line":73,"column":10},"end":{"line":73,"column":30}},"loc":{"start":{"line":73,"column":61},"end":{"line":82,"column":3}}},"6":{"name":"(anonymous_15)","decl":{"start":{"line":84,"column":2},"end":{"line":84,"column":24}},"loc":{"start":{"line":84,"column":54},"end":{"line":124,"column":3}}}},"branchMap":{"0":{"loc":{"start":{"line":15,"column":4},"end":{"line":17,"column":5}},"type":"if","locations":[{"start":{"line":15,"column":4},"end":{"line":17,"column":5}}]},"1":{"loc":{"start":{"line":56,"column":18},"end":{"line":56,"column":48}},"type":"cond-expr","locations":[{"start":{"line":56,"column":39},"end":{"line":56,"column":42}},{"start":{"line":56,"column":45},"end":{"line":56,"column":48}}]},"2":{"loc":{"start":{"line":57,"column":17},"end":{"line":57,"column":46}},"type":"binary-expr","locations":[{"start":{"line":57,"column":17},"end":{"line":57,"column":39}},{"start":{"line":57,"column":43},"end":{"line":57,"column":46}}]},"3":{"loc":{"start":{"line":81,"column":11},"end":{"line":81,"column":38}},"type":"binary-expr","locations":[{"start":{"line":81,"column":11},"end":{"line":81,"column":28}},{"start":{"line":81,"column":32},"end":{"line":81,"column":38}}]},"4":{"loc":{"start":{"line":117,"column":20},"end":{"line":117,"column":60}},"type":"binary-expr","locations":[{"start":{"line":117,"column":20},"end":{"line":117,"column":52}},{"start":{"line":117,"column":56},"end":{"line":117,"column":60}}]},"5":{"loc":{"start":{"line":118,"column":19},"end":{"line":118,"column":91}},"type":"binary-expr","locations":[{"start":{"line":118,"column":19},"end":{"line":118,"column":83}},{"start":{"line":118,"column":87},"end":{"line":118,"column":91}}]},"6":{"loc":{"start":{"line":121,"column":22},"end":{"line":121,"column":56}},"type":"binary-expr","locations":[{"start":{"line":121,"column":22},"end":{"line":121,"column":48}},{"start":{"line":121,"column":52},"end":{"line":121,"column":56}}]}},"s":{"0":0,"1":0,"2":0,"3":0,"4":0,"5":0,"6":0,"7":0,"8":0,"9":0,"10":0,"11":0,"12":0,"13":0,"14":0,"15":0,"16":0,"17":0,"18":0,"19":0,"20":0,"21":0,"22":0,"23":0,"24":0,"25":0},"f":{"0":0,"1":0,"2":0,"3":0,"4":0,"5":0,"6":0},"b":{"0":[0],"1":[0,0],"2":[0,0],"3":[0,0],"4":[0,0],"5":[0,0],"6":[0,0]}}
,"/Users/lzy/pro/solo/workspaces/zy70538/src/store/cacheExplanationStore.ts": {"path":"/Users/lzy/pro/solo/workspaces/zy70538/src/store/cacheExplanationStore.ts","statementMap":{"0":{"start":{"line":1,"column":0},"end":{"line":1,"column":36}},"1":{"start":{"line":2,"column":0},"end":{"line":2,"column":null}},"2":{"start":{"line":12,"column":56},"end":{"line":12,"column":65}},"3":{"start":{"line":15,"column":16},"end":{"line":15,"column":26}},"4":{"start":{"line":16,"column":22},"end":{"line":16,"column":73}},"5":{"start":{"line":18,"column":42},"end":{"line":41,"column":6}},"6":{"start":{"line":43,"column":4},"end":{"line":43,"column":55}},"7":{"start":{"line":44,"column":4},"end":{"line":44,"column":23}},"8":{"start":{"line":48,"column":4},"end":{"line":48,"column":37}},"9":{"start":{"line":52,"column":4},"end":{"line":56,"column":5}},"10":{"start":{"line":53,"column":6},"end":{"line":55,"column":7}},"11":{"start":{"line":54,"column":8},"end":{"line":54,"column":19}},"12":{"start":{"line":57,"column":4},"end":{"line":57,"column":21}},"13":{"start":{"line":61,"column":18},"end":{"line":61,"column":56}},"14":{"start":{"line":63,"column":4},"end":{"line":65,"column":5}},"15":{"start":{"line":64,"column":6},"end":{"line":64,"column":73}},"16":{"start":{"line":64,"column":36},"end":{"line":64,"column":71}},"17":{"start":{"line":67,"column":4},"end":{"line":69,"column":5}},"18":{"start":{"line":68,"column":6},"end":{"line":68,"column":68}},"19":{"start":{"line":68,"column":36},"end":{"line":68,"column":66}},"20":{"start":{"line":71,"column":4},"end":{"line":73,"column":5}},"21":{"start":{"line":72,"column":6},"end":{"line":72,"column":64}},"22":{"start":{"line":72,"column":36},"end":{"line":72,"column":62}},"23":{"start":{"line":75,"column":4},"end":{"line":77,"column":5}},"24":{"start":{"line":76,"column":6},"end":{"line":76,"column":72}},"25":{"start":{"line":76,"column":36},"end":{"line":76,"column":70}},"26":{"start":{"line":79,"column":17},"end":{"line":79,"column":33}},"27":{"start":{"line":80,"column":21},"end":{"line":80,"column":42}},"28":{"start":{"line":81,"column":18},"end":{"line":81,"column":39}},"29":{"start":{"line":82,"column":16},"end":{"line":82,"column":32}},"30":{"start":{"line":84,"column":4},"end":{"line":87,"column":6}},"31":{"start":{"line":91,"column":24},"end":{"line":91,"column":49}},"32":{"start":{"line":92,"column":4},"end":{"line":92,"column":39}},"33":{"start":{"line":92,"column":22},"end":{"line":92,"column":39}},"34":{"start":{"line":94,"column":4},"end":{"line":94,"column":32}},"35":{"start":{"line":95,"column":4},"end":{"line":95,"column":48}},"36":{"start":{"line":97,"column":4},"end":{"line":100,"column":5}},"37":{"start":{"line":98,"column":6},"end":{"line":98,"column":51}},"38":{"start":{"line":99,"column":6},"end":{"line":99,"column":52}},"39":{"start":{"line":102,"column":4},"end":{"line":102,"column":23}},"40":{"start":{"line":106,"column":24},"end":{"line":106,"column":68}},"41":{"start":{"line":107,"column":4},"end":{"line":107,"column":39}},"42":{"start":{"line":107,"column":22},"end":{"line":107,"column":39}},"43":{"start":{"line":109,"column":4},"end":{"line":109,"column":43}},"44":{"start":{"line":110,"column":4},"end":{"line":110,"column":48}},"45":{"start":{"line":112,"column":4},"end":{"line":115,"column":5}},"46":{"start":{"line":113,"column":6},"end":{"line":113,"column":62}},"47":{"start":{"line":114,"column":6},"end":{"line":114,"column":91}},"48":{"start":{"line":117,"column":4},"end":{"line":119,"column":6}},"49":{"start":{"line":121,"column":4},"end":{"line":121,"column":23}},"50":{"start":{"line":125,"column":24},"end":{"line":125,"column":53}},"51":{"start":{"line":126,"column":4},"end":{"line":126,"column":39}},"52":{"start":{"line":126,"column":22},"end":{"line":126,"column":39}},"53":{"start":{"line":128,"column":4},"end":{"line":132,"column":7}},"54":{"start":{"line":134,"column":4},"end":{"line":134,"column":23}},"55":{"start":{"line":138,"column":24},"end":{"line":138,"column":61}},"56":{"start":{"line":139,"column":4},"end":{"line":139,"column":39}},"57":{"start":{"line":139,"column":22},"end":{"line":139,"column":39}},"58":{"start":{"line":141,"column":4},"end":{"line":141,"column":50}},"59":{"start":{"line":142,"column":4},"end":{"line":142,"column":56}},"60":{"start":{"line":143,"column":4},"end":{"line":143,"column":48}},"61":{"start":{"line":145,"column":4},"end":{"line":147,"column":6}},"62":{"start":{"line":149,"column":4},"end":{"line":149,"column":23}},"63":{"start":{"line":159,"column":24},"end":{"line":159,"column":49}},"64":{"start":{"line":160,"column":4},"end":{"line":160,"column":39}},"65":{"start":{"line":160,"column":22},"end":{"line":160,"column":39}},"66":{"start":{"line":162,"column":4},"end":{"line":162,"column":56}},"67":{"start":{"line":163,"column":4},"end":{"line":168,"column":6}},"68":{"start":{"line":169,"column":4},"end":{"line":169,"column":48}},"69":{"start":{"line":171,"column":4},"end":{"line":171,"column":23}},"70":{"start":{"line":175,"column":4},"end":{"line":175,"column":50}},"71":{"start":{"line":179,"column":13},"end":{"line":179,"column":65}}},"fnMap":{"0":{"name":"(anonymous_0)","decl":{"start":{"line":14,"column":2},"end":{"line":14,"column":8}},"loc":{"start":{"line":14,"column":42},"end":{"line":45,"column":3}}},"1":{"name":"(anonymous_1)","decl":{"start":{"line":47,"column":2},"end":{"line":47,"column":10}},"loc":{"start":{"line":47,"column":21},"end":{"line":49,"column":3}}},"2":{"name":"(anonymous_2)","decl":{"start":{"line":51,"column":2},"end":{"line":51,"column":16}},"loc":{"start":{"line":51,"column":33},"end":{"line":58,"column":3}}},"3":{"name":"(anonymous_3)","decl":{"start":{"line":60,"column":2},"end":{"line":60,"column":7}},"loc":{"start":{"line":60,"column":38},"end":{"line":88,"column":3}}},"4":{"name":"(anonymous_4)","decl":{"start":{"line":64,"column":31},"end":{"line":64,"column":32}},"loc":{"start":{"line":64,"column":36},"end":{"line":64,"column":71}}},"5":{"name":"(anonymous_5)","decl":{"start":{"line":68,"column":31},"end":{"line":68,"column":32}},"loc":{"start":{"line":68,"column":36},"end":{"line":68,"column":66}}},"6":{"name":"(anonymous_6)","decl":{"start":{"line":72,"column":31},"end":{"line":72,"column":32}},"loc":{"start":{"line":72,"column":36},"end":{"line":72,"column":62}}},"7":{"name":"(anonymous_7)","decl":{"start":{"line":76,"column":31},"end":{"line":76,"column":32}},"loc":{"start":{"line":76,"column":36},"end":{"line":76,"column":70}}},"8":{"name":"(anonymous_8)","decl":{"start":{"line":90,"column":2},"end":{"line":90,"column":14}},"loc":{"start":{"line":90,"column":77},"end":{"line":103,"column":3}}},"9":{"name":"(anonymous_9)","decl":{"start":{"line":105,"column":2},"end":{"line":105,"column":18}},"loc":{"start":{"line":105,"column":51},"end":{"line":122,"column":3}}},"10":{"name":"(anonymous_10)","decl":{"start":{"line":124,"column":2},"end":{"line":124,"column":11}},"loc":{"start":{"line":124,"column":66},"end":{"line":135,"column":3}}},"11":{"name":"(anonymous_11)","decl":{"start":{"line":137,"column":2},"end":{"line":137,"column":14}},"loc":{"start":{"line":137,"column":43},"end":{"line":150,"column":3}}},"12":{"name":"(anonymous_12)","decl":{"start":{"line":152,"column":2},"end":{"line":152,"column":15}},"loc":{"start":{"line":157,"column":23},"end":{"line":172,"column":3}}},"13":{"name":"(anonymous_13)","decl":{"start":{"line":174,"column":2},"end":{"line":174,"column":17}},"loc":{"start":{"line":174,"column":17},"end":{"line":176,"column":3}}}},"branchMap":{"0":{"loc":{"start":{"line":53,"column":6},"end":{"line":55,"column":7}},"type":"if","locations":[{"start":{"line":53,"column":6},"end":{"line":55,"column":7}}]},"1":{"loc":{"start":{"line":63,"column":4},"end":{"line":65,"column":5}},"type":"if","locations":[{"start":{"line":63,"column":4},"end":{"line":65,"column":5}}]},"2":{"loc":{"start":{"line":67,"column":4},"end":{"line":69,"column":5}},"type":"if","locations":[{"start":{"line":67,"column":4},"end":{"line":69,"column":5}}]},"3":{"loc":{"start":{"line":71,"column":4},"end":{"line":73,"column":5}},"type":"if","locations":[{"start":{"line":71,"column":4},"end":{"line":73,"column":5}}]},"4":{"loc":{"start":{"line":75,"column":4},"end":{"line":77,"column":5}},"type":"if","locations":[{"start":{"line":75,"column":4},"end":{"line":77,"column":5}}]},"5":{"loc":{"start":{"line":79,"column":17},"end":{"line":79,"column":33}},"type":"binary-expr","locations":[{"start":{"line":79,"column":17},"end":{"line":79,"column":28}},{"start":{"line":79,"column":32},"end":{"line":79,"column":33}}]},"6":{"loc":{"start":{"line":80,"column":21},"end":{"line":80,"column":42}},"type":"binary-expr","locations":[{"start":{"line":80,"column":21},"end":{"line":80,"column":36}},{"start":{"line":80,"column":40},"end":{"line":80,"column":42}}]},"7":{"loc":{"start":{"line":92,"column":4},"end":{"line":92,"column":39}},"type":"if","locations":[{"start":{"line":92,"column":4},"end":{"line":92,"column":39}}]},"8":{"loc":{"start":{"line":97,"column":4},"end":{"line":100,"column":5}},"type":"if","locations":[{"start":{"line":97,"column":4},"end":{"line":100,"column":5}}]},"9":{"loc":{"start":{"line":97,"column":8},"end":{"line":97,"column":64}},"type":"binary-expr","locations":[{"start":{"line":97,"column":8},"end":{"line":97,"column":51}},{"start":{"line":97,"column":55},"end":{"line":97,"column":64}}]},"10":{"loc":{"start":{"line":107,"column":4},"end":{"line":107,"column":39}},"type":"if","locations":[{"start":{"line":107,"column":4},"end":{"line":107,"column":39}}]},"11":{"loc":{"start":{"line":112,"column":4},"end":{"line":115,"column":5}},"type":"if","locations":[{"start":{"line":112,"column":4},"end":{"line":115,"column":5}}]},"12":{"loc":{"start":{"line":126,"column":4},"end":{"line":126,"column":39}},"type":"if","locations":[{"start":{"line":126,"column":4},"end":{"line":126,"column":39}}]},"13":{"loc":{"start":{"line":139,"column":4},"end":{"line":139,"column":39}},"type":"if","locations":[{"start":{"line":139,"column":4},"end":{"line":139,"column":39}}]},"14":{"loc":{"start":{"line":160,"column":4},"end":{"line":160,"column":39}},"type":"if","locations":[{"start":{"line":160,"column":4},"end":{"line":160,"column":39}}]}},"s":{"0":1,"1":1,"2":1,"3":35,"4":35,"5":35,"6":35,"7":35,"8":2,"9":3,"10":3,"11":3,"12":0,"13":2,"14":2,"15":0,"16":0,"17":2,"18":0,"19":0,"20":2,"21":1,"22":2,"23":2,"24":0,"25":0,"26":2,"27":2,"28":2,"29":2,"30":2,"31":2,"32":2,"33":0,"34":2,"35":2,"36":2,"37":1,"38":1,"39":2,"40":1,"41":1,"42":0,"43":1,"44":1,"45":1,"46":1,"47":1,"48":1,"49":1,"50":1,"51":1,"52":0,"53":1,"54":1,"55":1,"56":1,"57":0,"58":1,"59":1,"60":1,"61":1,"62":1,"63":1,"64":1,"65":0,"66":1,"67":1,"68":1,"69":1,"70":0,"71":1},"f":{"0":35,"1":2,"2":3,"3":2,"4":0,"5":0,"6":2,"7":0,"8":2,"9":1,"10":1,"11":1,"12":1,"13":0},"b":{"0":[3],"1":[0],"2":[0],"3":[1],"4":[0],"5":[2,1],"6":[2,1],"7":[0],"8":[1],"9":[2,2],"10":[0],"11":[1],"12":[0],"13":[0],"14":[0]}}
}
