TN:
SF:src/app.ts
FN:11,(anonymous_1)
FN:17,(anonymous_2)
FN:31,(anonymous_3)
FNF:3
FNH:0
FNDA:0,(anonymous_1)
FNDA:0,(anonymous_2)
FNDA:0,(anonymous_3)
DA:1,0
DA:2,0
DA:3,0
DA:5,0
DA:6,0
DA:8,0
DA:9,0
DA:11,0
DA:12,0
DA:13,0
DA:14,0
DA:17,0
DA:18,0
DA:26,0
DA:28,0
DA:29,0
DA:31,0
DA:32,0
DA:42,0
LF:19
LH:0
BRDA:6,0,0,0
BRDA:6,0,1,0
BRDA:36,1,0,0
BRDA:36,1,1,0
BRF:4
BRH:0
end_of_record
TN:
SF:src/types.ts
FN:1,(anonymous_0)
FNF:1
FNH:1
FNDA:1,(anonymous_0)
DA:1,1
DA:2,1
DA:3,1
DA:4,1
DA:5,1
DA:6,1
LF:6
LH:6
BRDA:1,0,0,1
BRDA:1,0,1,1
BRF:2
BRH:2
end_of_record
TN:
SF:src/controllers/cacheExplanationController.ts
FN:13,(anonymous_0)
FN:32,(anonymous_1)
FN:50,(anonymous_2)
FN:68,(anonymous_3)
FN:92,(anonymous_4)
FN:122,(anonymous_5)
FN:149,(anonymous_6)
FN:168,(anonymous_7)
FN:195,(anonymous_8)
FN:228,(anonymous_9)
FN:248,(anonymous_10)
FN:268,(anonymous_11)
FN:288,(anonymous_12)
FNF:13
FNH:0
FNDA:0,(anonymous_0)
FNDA:0,(anonymous_1)
FNDA:0,(anonymous_2)
FNDA:0,(anonymous_3)
FNDA:0,(anonymous_4)
FNDA:0,(anonymous_5)
FNDA:0,(anonymous_6)
FNDA:0,(anonymous_7)
FNDA:0,(anonymous_8)
FNDA:0,(anonymous_9)
FNDA:0,(anonymous_10)
FNDA:0,(anonymous_11)
FNDA:0,(anonymous_12)
DA:2,0
DA:3,0
DA:4,0
DA:12,0
DA:14,0
DA:15,0
DA:16,0
DA:18,0
DA:24,0
DA:33,0
DA:34,0
DA:36,0
DA:37,0
DA:41,0
DA:44,0
DA:51,0
DA:52,0
DA:54,0
DA:55,0
DA:59,0
DA:62,0
DA:69,0
DA:70,0
DA:71,0
DA:73,0
DA:84,0
DA:93,0
DA:94,0
DA:96,0
DA:97,0
DA:102,0
DA:105,0
DA:107,0
DA:108,0
DA:112,0
DA:115,0
DA:123,0
DA:124,0
DA:125,0
DA:127,0
DA:128,0
DA:132,0
DA:135,0
DA:141,0
DA:150,0
DA:151,0
DA:153,0
DA:154,0
DA:158,0
DA:161,0
DA:169,0
DA:170,0
DA:171,0
DA:173,0
DA:174,0
DA:178,0
DA:181,0
DA:187,0
DA:196,0
DA:197,0
DA:198,0
DA:206,0
DA:207,0
DA:211,0
DA:214,0
DA:220,0
DA:229,0
DA:230,0
DA:232,0
DA:233,0
DA:237,0
DA:240,0
DA:242,0
DA:249,0
DA:250,0
DA:251,0
DA:253,0
DA:260,0
DA:269,0
DA:270,0
DA:271,0
DA:273,0
DA:280,0
DA:289,0
DA:290,0
DA:292,0
DA:293,0
DA:297,0
DA:300,0
DA:310,0
LF:90
LH:0
BRDA:27,0,0,0
BRDA:27,0,1,0
BRDA:36,1,0,0
BRDA:54,2,0,0
BRDA:77,3,0,0
BRDA:77,3,1,0
BRDA:78,4,0,0
BRDA:78,4,1,0
BRDA:80,5,0,0
BRDA:80,5,1,0
BRDA:87,6,0,0
BRDA:87,6,1,0
BRDA:96,7,0,0
BRDA:107,8,0,0
BRDA:127,9,0,0
BRDA:144,10,0,0
BRDA:144,10,1,0
BRDA:153,11,0,0
BRDA:173,12,0,0
BRDA:190,13,0,0
BRDA:190,13,1,0
BRDA:206,14,0,0
BRDA:223,15,0,0
BRDA:223,15,1,0
BRDA:232,16,0,0
BRDA:263,17,0,0
BRDA:263,17,1,0
BRDA:283,18,0,0
BRDA:283,18,1,0
BRDA:292,19,0,0
BRF:30
BRH:0
end_of_record
TN:
SF:src/middleware/errorHandler.ts
FN:4,validateRequest
FN:5,(anonymous_1)
FN:12,(anonymous_2)
FN:24,validateQuery
FN:25,(anonymous_4)
FN:32,(anonymous_5)
FN:44,errorHandler
FN:59,notFoundHandler
FNF:8
FNH:0
FNDA:0,validateRequest
FNDA:0,(anonymous_1)
FNDA:0,(anonymous_2)
FNDA:0,validateQuery
FNDA:0,(anonymous_4)
FNDA:0,(anonymous_5)
FNDA:0,errorHandler
FNDA:0,notFoundHandler
DA:4,0
DA:5,0
DA:6,0
DA:8,0
DA:9,0
DA:12,0
DA:17,0
DA:20,0
DA:24,0
DA:25,0
DA:26,0
DA:28,0
DA:29,0
DA:32,0
DA:37,0
DA:40,0
DA:44,0
DA:50,0
DA:52,0
DA:59,0
DA:60,0
LF:21
LH:0
BRDA:8,0,0,0
BRDA:28,1,0,0
BRDA:55,2,0,0
BRDA:55,2,1,0
BRF:4
BRH:0
end_of_record
TN:
SF:src/middleware/validation.ts
FNF:0
FNH:0
DA:1,0
DA:2,0
DA:4,0
DA:34,0
DA:42,0
DA:48,0
DA:57,0
DA:63,0
LF:8
LH:0
BRF:0
BRH:0
end_of_record
TN:
SF:src/routes/cacheExplanationRoutes.ts
FNF:0
FNH:0
DA:1,0
DA:2,0
DA:3,0
DA:4,0
DA:13,0
DA:15,0
DA:21,0
DA:27,0
DA:32,0
DA:37,0
DA:42,0
DA:47,0
DA:52,0
DA:58,0
DA:64,0
DA:70,0
DA:76,0
DA:81,0
DA:86,0
LF:19
LH:0
BRF:0
BRH:0
end_of_record
TN:
SF:src/services/exportService.ts
FN:9,(anonymous_9)
FN:14,(anonymous_10)
FN:20,(anonymous_11)
FN:44,(anonymous_12)
FN:64,(anonymous_13)
FN:73,(anonymous_14)
FN:84,(anonymous_15)
FNF:7
FNH:0
FNDA:0,(anonymous_9)
FNDA:0,(anonymous_10)
FNDA:0,(anonymous_11)
FNDA:0,(anonymous_12)
FNDA:0,(anonymous_13)
FNDA:0,(anonymous_14)
FNDA:0,(anonymous_15)
DA:1,0
DA:2,0
DA:3,0
DA:4,0
DA:6,0
DA:10,0
DA:11,0
DA:15,0
DA:16,0
DA:21,0
DA:22,0
DA:23,0
DA:25,0
DA:44,0
DA:60,0
DA:61,0
DA:65,0
DA:66,0
DA:67,0
DA:69,0
DA:70,0
DA:74,0
DA:81,0
DA:85,0
DA:127,0
LF:25
LH:0
BRDA:15,0,0,0
BRDA:56,1,0,0
BRDA:56,1,1,0
BRDA:57,2,0,0
BRDA:57,2,1,0
BRDA:81,3,0,0
BRDA:81,3,1,0
BRDA:117,4,0,0
BRDA:117,4,1,0
BRDA:118,5,0,0
BRDA:118,5,1,0
BRDA:121,6,0,0
BRDA:121,6,1,0
BRF:13
BRH:0
end_of_record
TN:
SF:src/store/cacheExplanationStore.ts
FN:14,(anonymous_0)
FN:47,(anonymous_1)
FN:51,(anonymous_2)
FN:60,(anonymous_3)
FN:64,(anonymous_4)
FN:68,(anonymous_5)
FN:72,(anonymous_6)
FN:76,(anonymous_7)
FN:90,(anonymous_8)
FN:105,(anonymous_9)
FN:124,(anonymous_10)
FN:137,(anonymous_11)
FN:152,(anonymous_12)
FN:174,(anonymous_13)
FNF:14
FNH:10
FNDA:35,(anonymous_0)
FNDA:2,(anonymous_1)
FNDA:3,(anonymous_2)
FNDA:2,(anonymous_3)
FNDA:0,(anonymous_4)
FNDA:0,(anonymous_5)
FNDA:2,(anonymous_6)
FNDA:0,(anonymous_7)
FNDA:2,(anonymous_8)
FNDA:1,(anonymous_9)
FNDA:1,(anonymous_10)
FNDA:1,(anonymous_11)
FNDA:1,(anonymous_12)
FNDA:0,(anonymous_13)
DA:1,1
DA:2,1
DA:12,1
DA:15,35
DA:16,35
DA:18,35
DA:43,35
DA:44,35
DA:48,2
DA:52,3
DA:53,3
DA:54,3
DA:57,0
DA:61,2
DA:63,2
DA:64,0
DA:67,2
DA:68,0
DA:71,2
DA:72,2
DA:75,2
DA:76,0
DA:79,2
DA:80,2
DA:81,2
DA:82,2
DA:84,2
DA:91,2
DA:92,2
DA:94,2
DA:95,2
DA:97,2
DA:98,1
DA:99,1
DA:102,2
DA:106,1
DA:107,1
DA:109,1
DA:110,1
DA:112,1
DA:113,1
DA:114,1
DA:117,1
DA:121,1
DA:125,1
DA:126,1
DA:128,1
DA:134,1
DA:138,1
DA:139,1
DA:141,1
DA:142,1
DA:143,1
DA:145,1
DA:149,1
DA:159,1
DA:160,1
DA:162,1
DA:163,1
DA:169,1
DA:171,1
DA:175,0
DA:179,1
LF:63
LH:58
BRDA:53,0,0,3
BRDA:63,1,0,0
BRDA:67,2,0,0
BRDA:71,3,0,1
BRDA:75,4,0,0
BRDA:79,5,0,2
BRDA:79,5,1,1
BRDA:80,6,0,2
BRDA:80,6,1,1
BRDA:92,7,0,0
BRDA:97,8,0,1
BRDA:97,9,0,2
BRDA:97,9,1,2
BRDA:107,10,0,0
BRDA:112,11,0,1
BRDA:126,12,0,0
BRDA:139,13,0,0
BRDA:160,14,0,0
BRF:18
BRH:10
end_of_record
