TN:
SF:src/dataStore/inMemoryStore.ts
FN:32,(anonymous_0)
FN:38,(anonymous_1)
FN:45,(anonymous_2)
FN:51,(anonymous_3)
FN:57,(anonymous_4)
FN:68,(anonymous_5)
FN:79,(anonymous_6)
FN:81,(anonymous_7)
FN:86,(anonymous_8)
FN:90,(anonymous_9)
FN:90,(anonymous_10)
FN:91,(anonymous_11)
FN:98,(anonymous_12)
FN:107,(anonymous_13)
FN:109,(anonymous_14)
FN:114,(anonymous_15)
FN:118,(anonymous_16)
FN:118,(anonymous_17)
FN:119,(anonymous_18)
FN:129,(anonymous_19)
FN:131,(anonymous_20)
FN:136,(anonymous_21)
FN:140,(anonymous_22)
FN:140,(anonymous_23)
FN:141,(anonymous_24)
FN:142,(anonymous_25)
FN:143,(anonymous_26)
FN:153,(anonymous_27)
FN:155,(anonymous_28)
FN:160,(anonymous_29)
FN:164,(anonymous_30)
FN:164,(anonymous_31)
FN:165,(anonymous_32)
FN:167,(anonymous_33)
FN:169,(anonymous_34)
FN:179,(anonymous_35)
FN:181,(anonymous_36)
FN:186,(anonymous_37)
FN:190,(anonymous_38)
FN:190,(anonymous_39)
FN:191,(anonymous_40)
FN:193,(anonymous_41)
FN:195,(anonymous_42)
FN:198,(anonymous_43)
FN:200,(anonymous_44)
FN:210,(anonymous_45)
FN:212,(anonymous_46)
FN:220,(anonymous_47)
FN:224,(anonymous_48)
FN:226,(anonymous_49)
FN:228,(anonymous_50)
FN:228,(anonymous_51)
FN:229,(anonymous_52)
FN:231,(anonymous_53)
FN:233,(anonymous_54)
FN:235,(anonymous_55)
FN:237,(anonymous_56)
FN:247,(anonymous_57)
FN:249,(anonymous_58)
FN:254,(anonymous_59)
FN:258,(anonymous_60)
FN:260,(anonymous_61)
FN:262,(anonymous_62)
FN:264,(anonymous_63)
FN:266,(anonymous_64)
FN:268,(anonymous_65)
FN:273,(anonymous_66)
FN:283,(anonymous_67)
FN:285,(anonymous_68)
FN:290,(anonymous_69)
FN:291,(anonymous_70)
FN:293,(anonymous_71)
FN:294,(anonymous_72)
FN:295,(anonymous_73)
FN:302,(anonymous_74)
FN:304,(anonymous_75)
FN:309,(anonymous_76)
FN:313,(anonymous_77)
FN:315,(anonymous_78)
FN:317,(anonymous_79)
FN:319,(anonymous_80)
FN:321,(anonymous_81)
FN:331,(anonymous_82)
FN:333,(anonymous_83)
FN:341,(anonymous_84)
FN:345,(anonymous_85)
FN:345,(anonymous_86)
FN:346,(anonymous_87)
FN:348,(anonymous_88)
FN:350,(anonymous_89)
FN:352,(anonymous_90)
FN:359,(anonymous_91)
FN:361,(anonymous_92)
FN:366,(anonymous_93)
FN:370,(anonymous_94)
FN:372,(anonymous_95)
FN:374,(anonymous_96)
FN:374,(anonymous_97)
FN:375,(anonymous_98)
FN:377,(anonymous_99)
FN:379,(anonymous_100)
FN:389,(anonymous_101)
FN:391,(anonymous_102)
FN:396,(anonymous_103)
FN:397,(anonymous_104)
FN:399,(anonymous_105)
FN:400,(anonymous_106)
FN:401,(anonymous_107)
FN:402,(anonymous_108)
FN:403,(anonymous_109)
FN:413,(anonymous_110)
FNF:111
FNH:50
FNDA:111,(anonymous_0)
FNDA:14,(anonymous_1)
FNDA:13,(anonymous_2)
FNDA:1,(anonymous_3)
FNDA:111,(anonymous_4)
FNDA:43,(anonymous_5)
FNDA:20,(anonymous_6)
FNDA:10,(anonymous_7)
FNDA:10,(anonymous_8)
FNDA:0,(anonymous_9)
FNDA:0,(anonymous_10)
FNDA:0,(anonymous_11)
FNDA:0,(anonymous_12)
FNDA:20,(anonymous_13)
FNDA:10,(anonymous_14)
FNDA:10,(anonymous_15)
FNDA:0,(anonymous_16)
FNDA:0,(anonymous_17)
FNDA:0,(anonymous_18)
FNDA:32,(anonymous_19)
FNDA:10,(anonymous_20)
FNDA:22,(anonymous_21)
FNDA:0,(anonymous_22)
FNDA:0,(anonymous_23)
FNDA:0,(anonymous_24)
FNDA:0,(anonymous_25)
FNDA:0,(anonymous_26)
FNDA:16,(anonymous_27)
FNDA:10,(anonymous_28)
FNDA:0,(anonymous_29)
FNDA:0,(anonymous_30)
FNDA:0,(anonymous_31)
FNDA:6,(anonymous_32)
FNDA:6,(anonymous_33)
FNDA:0,(anonymous_34)
FNDA:22,(anonymous_35)
FNDA:10,(anonymous_36)
FNDA:0,(anonymous_37)
FNDA:0,(anonymous_38)
FNDA:0,(anonymous_39)
FNDA:6,(anonymous_40)
FNDA:6,(anonymous_41)
FNDA:5,(anonymous_42)
FNDA:5,(anonymous_43)
FNDA:1,(anonymous_44)
FNDA:113,(anonymous_45)
FNDA:13,(anonymous_46)
FNDA:58,(anonymous_47)
FNDA:0,(anonymous_48)
FNDA:0,(anonymous_49)
FNDA:0,(anonymous_50)
FNDA:0,(anonymous_51)
FNDA:0,(anonymous_52)
FNDA:0,(anonymous_53)
FNDA:0,(anonymous_54)
FNDA:0,(anonymous_55)
FNDA:42,(anonymous_56)
FNDA:57,(anonymous_57)
FNDA:13,(anonymous_58)
FNDA:0,(anonymous_59)
FNDA:39,(anonymous_60)
FNDA:50,(anonymous_61)
FNDA:0,(anonymous_62)
FNDA:0,(anonymous_63)
FNDA:5,(anonymous_64)
FNDA:8,(anonymous_65)
FNDA:0,(anonymous_66)
FNDA:46,(anonymous_67)
FNDA:31,(anonymous_68)
FNDA:0,(anonymous_69)
FNDA:15,(anonymous_70)
FNDA:20,(anonymous_71)
FNDA:10,(anonymous_72)
FNDA:0,(anonymous_73)
FNDA:5,(anonymous_74)
FNDA:3,(anonymous_75)
FNDA:0,(anonymous_76)
FNDA:2,(anonymous_77)
FNDA:1,(anonymous_78)
FNDA:0,(anonymous_79)
FNDA:0,(anonymous_80)
FNDA:0,(anonymous_81)
FNDA:2,(anonymous_82)
FNDA:1,(anonymous_83)
FNDA:0,(anonymous_84)
FNDA:0,(anonymous_85)
FNDA:0,(anonymous_86)
FNDA:1,(anonymous_87)
FNDA:1,(anonymous_88)
FNDA:0,(anonymous_89)
FNDA:0,(anonymous_90)
FNDA:0,(anonymous_91)
FNDA:0,(anonymous_92)
FNDA:0,(anonymous_93)
FNDA:0,(anonymous_94)
FNDA:0,(anonymous_95)
FNDA:0,(anonymous_96)
FNDA:0,(anonymous_97)
FNDA:0,(anonymous_98)
FNDA:0,(anonymous_99)
FNDA:0,(anonymous_100)
FNDA:0,(anonymous_101)
FNDA:0,(anonymous_102)
FNDA:0,(anonymous_103)
FNDA:0,(anonymous_104)
FNDA:0,(anonymous_105)
FNDA:0,(anonymous_106)
FNDA:0,(anonymous_107)
FNDA:0,(anonymous_108)
FNDA:0,(anonymous_109)
FNDA:11,(anonymous_110)
DA:18,1
DA:19,1
DA:20,1
DA:21,1
DA:22,1
DA:23,1
DA:24,1
DA:25,1
DA:26,1
DA:27,1
DA:28,1
DA:29,1
DA:30,1
DA:33,111
DA:34,111
DA:35,111
DA:39,14
DA:40,14
DA:41,14
DA:42,14
DA:46,13
DA:47,13
DA:48,13
DA:52,1
DA:53,1
DA:54,1
DA:58,111
DA:59,111
DA:72,43
DA:80,20
DA:82,10
DA:83,10
DA:84,10
DA:87,10
DA:88,10
DA:90,0
DA:92,0
DA:93,0
DA:94,0
DA:95,0
DA:96,0
DA:99,0
DA:100,0
DA:101,0
DA:102,0
DA:108,20
DA:110,10
DA:111,10
DA:112,10
DA:115,10
DA:116,10
DA:118,0
DA:120,0
DA:121,0
DA:122,0
DA:123,0
DA:124,0
DA:130,32
DA:132,10
DA:133,10
DA:134,10
DA:137,22
DA:138,22
DA:140,0
DA:142,0
DA:144,0
DA:145,0
DA:146,0
DA:147,0
DA:148,0
DA:154,16
DA:156,10
DA:157,10
DA:158,10
DA:161,0
DA:162,0
DA:164,0
DA:166,6
DA:167,6
DA:170,0
DA:171,0
DA:172,0
DA:173,0
DA:174,0
DA:180,22
DA:182,10
DA:183,10
DA:184,10
DA:187,0
DA:188,0
DA:190,0
DA:192,6
DA:193,6
DA:196,5
DA:198,5
DA:201,1
DA:202,1
DA:203,1
DA:204,1
DA:205,1
DA:211,113
DA:213,13
DA:217,13
DA:218,13
DA:221,58
DA:222,58
DA:225,0
DA:226,0
DA:228,0
DA:230,0
DA:231,0
DA:234,0
DA:235,0
DA:238,42
DA:239,42
DA:240,42
DA:241,42
DA:242,42
DA:248,57
DA:250,13
DA:251,13
DA:252,13
DA:255,0
DA:256,0
DA:259,39
DA:260,50
DA:263,0
DA:264,0
DA:267,5
DA:268,8
DA:274,0
DA:275,0
DA:276,0
DA:277,0
DA:278,0
DA:284,46
DA:286,31
DA:287,31
DA:288,31
DA:290,0
DA:292,15
DA:293,20
DA:294,10
DA:296,0
DA:297,0
DA:303,5
DA:305,3
DA:306,3
DA:307,3
DA:310,0
DA:311,0
DA:314,2
DA:315,1
DA:318,0
DA:319,0
DA:322,0
DA:323,0
DA:324,0
DA:325,0
DA:326,0
DA:332,2
DA:334,1
DA:338,1
DA:339,1
DA:342,0
DA:343,0
DA:345,0
DA:347,1
DA:348,1
DA:351,0
DA:352,0
DA:360,0
DA:362,0
DA:363,0
DA:364,0
DA:367,0
DA:368,0
DA:371,0
DA:372,0
DA:374,0
DA:376,0
DA:377,0
DA:380,0
DA:381,0
DA:382,0
DA:383,0
DA:384,0
DA:390,0
DA:392,0
DA:393,0
DA:394,0
DA:396,0
DA:398,0
DA:399,0
DA:400,0
DA:402,0
DA:404,0
DA:405,0
DA:406,0
DA:407,0
DA:408,0
DA:414,11
DA:415,11
DA:416,11
DA:417,11
DA:418,11
DA:419,11
DA:420,11
DA:421,11
DA:422,11
DA:423,11
DA:424,11
DA:425,11
DA:426,11
DA:430,1
LF:215
LH:118
BRDA:39,0,0,14
BRDA:39,0,1,11
BRDA:88,1,0,10
BRDA:88,1,1,0
BRDA:88,2,0,10
BRDA:88,2,1,10
BRDA:93,3,0,0
BRDA:100,4,0,0
BRDA:116,5,0,10
BRDA:116,5,1,0
BRDA:116,6,0,10
BRDA:116,6,1,10
BRDA:121,7,0,0
BRDA:138,8,0,22
BRDA:138,8,1,0
BRDA:138,9,0,22
BRDA:138,9,1,22
BRDA:142,10,0,0
BRDA:142,10,1,0
BRDA:145,11,0,0
BRDA:162,12,0,0
BRDA:162,12,1,0
BRDA:162,13,0,0
BRDA:162,13,1,0
BRDA:167,14,0,6
BRDA:167,14,1,6
BRDA:167,14,2,6
BRDA:167,14,3,6
BRDA:171,15,0,0
BRDA:188,16,0,0
BRDA:188,16,1,0
BRDA:188,17,0,0
BRDA:188,17,1,0
BRDA:193,18,0,6
BRDA:193,18,1,6
BRDA:193,18,2,6
BRDA:202,19,0,0
BRDA:222,20,0,58
BRDA:222,20,1,0
BRDA:222,21,0,58
BRDA:222,21,1,58
BRDA:226,22,0,0
BRDA:226,22,1,0
BRDA:231,23,0,0
BRDA:231,23,1,0
BRDA:235,24,0,0
BRDA:235,24,1,0
BRDA:239,25,0,0
BRDA:256,26,0,0
BRDA:256,26,1,0
BRDA:256,27,0,0
BRDA:256,27,1,0
BRDA:260,28,0,50
BRDA:260,28,1,50
BRDA:264,29,0,0
BRDA:264,29,1,0
BRDA:268,30,0,8
BRDA:268,30,1,8
BRDA:268,30,2,8
BRDA:268,30,3,8
BRDA:275,31,0,0
BRDA:297,32,0,0
BRDA:297,32,1,0
BRDA:311,33,0,0
BRDA:311,33,1,0
BRDA:311,34,0,0
BRDA:311,34,1,0
BRDA:315,35,0,1
BRDA:315,35,1,1
BRDA:319,36,0,0
BRDA:319,36,1,0
BRDA:323,37,0,0
BRDA:343,38,0,0
BRDA:343,38,1,0
BRDA:343,39,0,0
BRDA:343,39,1,0
BRDA:348,40,0,1
BRDA:348,40,1,1
BRDA:352,41,0,0
BRDA:352,41,1,0
BRDA:352,41,2,0
BRDA:368,42,0,0
BRDA:368,42,1,0
BRDA:368,43,0,0
BRDA:368,43,1,0
BRDA:372,44,0,0
BRDA:372,44,1,0
BRDA:377,45,0,0
BRDA:377,45,1,0
BRDA:381,46,0,0
BRDA:405,47,0,0
BRF:91
BRH:31
end_of_record
TN:
SF:src/middleware/errorHandler.ts
FN:5,errorHandler
FN:57,getStatusCodeForErrorCode
FN:81,notFoundHandler
FNF:3
FNH:0
FNDA:0,errorHandler
FNDA:0,getStatusCodeForErrorCode
FNDA:0,notFoundHandler
DA:2,0
DA:5,0
DA:11,0
DA:12,0
DA:15,0
DA:16,0
DA:21,0
DA:22,0
DA:28,0
DA:29,0
DA:40,0
DA:42,0
DA:43,0
DA:54,0
DA:58,0
DA:60,0
DA:62,0
DA:64,0
DA:66,0
DA:68,0
DA:70,0
DA:72,0
DA:74,0
DA:77,0
DA:81,0
DA:85,0
DA:95,0
LF:27
LH:0
BRDA:11,0,0,0
BRDA:21,1,0,0
BRDA:21,1,1,0
BRDA:58,2,0,0
BRDA:58,2,1,0
BRDA:58,2,2,0
BRDA:58,2,3,0
BRDA:58,2,4,0
BRDA:58,2,5,0
BRDA:58,2,6,0
BRDA:58,2,7,0
BRDA:58,2,8,0
BRDA:58,2,9,0
BRF:13
BRH:0
end_of_record
TN:
SF:src/middleware/requestContext.ts
FN:15,requestContextMiddleware
FN:36,(anonymous_1)
FNF:2
FNH:0
FNDA:0,requestContextMiddleware
FNDA:0,(anonymous_1)
DA:2,0
DA:3,0
DA:15,0
DA:20,0
DA:21,0
DA:23,0
DA:24,0
DA:25,0
DA:27,0
DA:29,0
DA:36,0
DA:37,0
DA:38,0
DA:46,0
LF:14
LH:0
BRDA:20,0,0,0
BRDA:20,0,1,0
BRF:2
BRH:0
end_of_record
TN:
SF:src/routes/inventoryRoutes.ts
FN:9,successResponse
FN:18,(anonymous_1)
FN:27,(anonymous_2)
FN:36,(anonymous_3)
FN:45,(anonymous_4)
FN:64,(anonymous_5)
FNF:6
FNH:0
FNDA:0,successResponse
FNDA:0,(anonymous_1)
FNDA:0,(anonymous_2)
FNDA:0,(anonymous_3)
FNDA:0,(anonymous_4)
FNDA:0,(anonymous_5)
DA:1,0
DA:3,0
DA:5,0
DA:7,0
DA:10,0
DA:18,0
DA:19,0
DA:20,0
DA:21,0
DA:23,0
DA:27,0
DA:28,0
DA:29,0
DA:30,0
DA:32,0
DA:36,0
DA:37,0
DA:38,0
DA:39,0
DA:41,0
DA:45,0
DA:46,0
DA:47,0
DA:49,0
DA:50,0
DA:53,0
DA:58,0
DA:60,0
DA:64,0
DA:65,0
DA:75,0
DA:77,0
DA:78,0
DA:81,0
DA:92,0
DA:94,0
DA:98,0
LF:37
LH:0
BRDA:49,0,0,0
BRDA:77,1,0,0
BRDA:77,2,0,0
BRDA:77,2,1,0
BRDA:77,2,2,0
BRDA:77,2,3,0
BRDA:85,3,0,0
BRDA:85,3,1,0
BRDA:87,4,0,0
BRDA:87,4,1,0
BRDA:88,5,0,0
BRDA:88,5,1,0
BRDA:89,6,0,0
BRDA:89,6,1,0
BRF:14
BRH:0
end_of_record
TN:
SF:src/routes/ledgerRoutes.ts
FN:9,successResponse
FN:18,(anonymous_1)
FN:27,(anonymous_2)
FN:36,(anonymous_3)
FN:45,(anonymous_4)
FN:64,(anonymous_5)
FN:83,(anonymous_6)
FN:92,(anonymous_7)
FNF:8
FNH:0
FNDA:0,successResponse
FNDA:0,(anonymous_1)
FNDA:0,(anonymous_2)
FNDA:0,(anonymous_3)
FNDA:0,(anonymous_4)
FNDA:0,(anonymous_5)
FNDA:0,(anonymous_6)
FNDA:0,(anonymous_7)
DA:1,0
DA:3,0
DA:4,0
DA:5,0
DA:7,0
DA:10,0
DA:18,0
DA:19,0
DA:20,0
DA:21,0
DA:23,0
DA:27,0
DA:28,0
DA:29,0
DA:30,0
DA:32,0
DA:36,0
DA:37,0
DA:38,0
DA:39,0
DA:41,0
DA:45,0
DA:46,0
DA:47,0
DA:49,0
DA:50,0
DA:53,0
DA:58,0
DA:60,0
DA:64,0
DA:65,0
DA:66,0
DA:69,0
DA:70,0
DA:76,0
DA:77,0
DA:79,0
DA:83,0
DA:84,0
DA:85,0
DA:86,0
DA:88,0
DA:92,0
DA:93,0
DA:94,0
DA:96,0
DA:97,0
DA:100,0
DA:106,0
DA:108,0
DA:112,0
LF:51
LH:0
BRDA:49,0,0,0
BRDA:49,1,0,0
BRDA:49,1,1,0
BRDA:69,2,0,0
BRDA:69,3,0,0
BRDA:69,3,1,0
BRDA:96,4,0,0
BRDA:96,5,0,0
BRDA:96,5,1,0
BRF:9
BRH:0
end_of_record
TN:
SF:src/routes/masterDataRoutes.ts
FN:9,successResponse
FN:18,(anonymous_1)
FN:27,(anonymous_2)
FN:39,(anonymous_3)
FN:77,(anonymous_4)
FN:86,(anonymous_5)
FN:98,(anonymous_6)
FN:120,(anonymous_7)
FN:129,(anonymous_8)
FN:141,(anonymous_9)
FN:179,(anonymous_10)
FN:216,(anonymous_11)
FN:225,(anonymous_12)
FN:237,(anonymous_13)
FN:269,(anonymous_14)
FNF:15
FNH:0
FNDA:0,successResponse
FNDA:0,(anonymous_1)
FNDA:0,(anonymous_2)
FNDA:0,(anonymous_3)
FNDA:0,(anonymous_4)
FNDA:0,(anonymous_5)
FNDA:0,(anonymous_6)
FNDA:0,(anonymous_7)
FNDA:0,(anonymous_8)
FNDA:0,(anonymous_9)
FNDA:0,(anonymous_10)
FNDA:0,(anonymous_11)
FNDA:0,(anonymous_12)
FNDA:0,(anonymous_13)
FNDA:0,(anonymous_14)
DA:1,0
DA:3,0
DA:4,0
DA:5,0
DA:7,0
DA:10,0
DA:18,0
DA:19,0
DA:20,0
DA:21,0
DA:23,0
DA:27,0
DA:28,0
DA:29,0
DA:30,0
DA:31,0
DA:33,0
DA:35,0
DA:39,0
DA:40,0
DA:52,0
DA:54,0
DA:55,0
DA:58,0
DA:71,0
DA:73,0
DA:77,0
DA:78,0
DA:79,0
DA:80,0
DA:82,0
DA:86,0
DA:87,0
DA:88,0
DA:89,0
DA:90,0
DA:92,0
DA:94,0
DA:98,0
DA:99,0
DA:100,0
DA:102,0
DA:103,0
DA:106,0
DA:114,0
DA:116,0
DA:120,0
DA:121,0
DA:122,0
DA:123,0
DA:125,0
DA:129,0
DA:130,0
DA:131,0
DA:132,0
DA:133,0
DA:135,0
DA:137,0
DA:141,0
DA:142,0
DA:154,0
DA:156,0
DA:157,0
DA:160,0
DA:173,0
DA:175,0
DA:179,0
DA:180,0
DA:191,0
DA:193,0
DA:194,0
DA:195,0
DA:198,0
DA:199,0
DA:200,0
DA:201,0
DA:202,0
DA:203,0
DA:204,0
DA:205,0
DA:206,0
DA:207,0
DA:209,0
DA:210,0
DA:212,0
DA:216,0
DA:217,0
DA:218,0
DA:219,0
DA:221,0
DA:225,0
DA:226,0
DA:227,0
DA:228,0
DA:229,0
DA:231,0
DA:233,0
DA:237,0
DA:238,0
DA:247,0
DA:249,0
DA:250,0
DA:253,0
DA:263,0
DA:265,0
DA:269,0
DA:270,0
DA:271,0
DA:273,0
DA:274,0
DA:277,0
DA:282,0
DA:284,0
DA:288,0
LF:114
LH:0
BRDA:30,0,0,0
BRDA:54,1,0,0
BRDA:54,2,0,0
BRDA:54,2,1,0
BRDA:61,3,0,0
BRDA:61,3,1,0
BRDA:62,4,0,0
BRDA:62,4,1,0
BRDA:63,5,0,0
BRDA:63,5,1,0
BRDA:64,6,0,0
BRDA:64,6,1,0
BRDA:65,7,0,0
BRDA:65,7,1,0
BRDA:66,8,0,0
BRDA:66,8,1,0
BRDA:67,9,0,0
BRDA:67,9,1,0
BRDA:68,10,0,0
BRDA:68,10,1,0
BRDA:89,11,0,0
BRDA:102,12,0,0
BRDA:108,13,0,0
BRDA:108,13,1,0
BRDA:109,14,0,0
BRDA:109,14,1,0
BRDA:110,15,0,0
BRDA:110,15,1,0
BRDA:111,16,0,0
BRDA:111,16,1,0
BRDA:132,17,0,0
BRDA:156,18,0,0
BRDA:156,19,0,0
BRDA:156,19,1,0
BRDA:156,19,2,0
BRDA:164,20,0,0
BRDA:164,20,1,0
BRDA:165,21,0,0
BRDA:165,21,1,0
BRDA:166,22,0,0
BRDA:166,22,1,0
BRDA:167,23,0,0
BRDA:167,23,1,0
BRDA:168,24,0,0
BRDA:168,24,1,0
BRDA:169,25,0,0
BRDA:169,25,1,0
BRDA:170,26,0,0
BRDA:170,26,1,0
BRDA:194,27,0,0
BRDA:199,28,0,0
BRDA:200,29,0,0
BRDA:201,30,0,0
BRDA:202,31,0,0
BRDA:203,32,0,0
BRDA:204,33,0,0
BRDA:205,34,0,0
BRDA:205,35,0,0
BRDA:205,35,1,0
BRDA:206,36,0,0
BRDA:206,37,0,0
BRDA:206,37,1,0
BRDA:207,38,0,0
BRDA:228,39,0,0
BRDA:249,40,0,0
BRDA:249,41,0,0
BRDA:249,41,1,0
BRDA:249,41,2,0
BRDA:257,42,0,0
BRDA:257,42,1,0
BRDA:258,43,0,0
BRDA:258,43,1,0
BRDA:259,44,0,0
BRDA:259,44,1,0
BRDA:273,45,0,0
BRDA:273,46,0,0
BRDA:273,46,1,0
BRF:77
BRH:0
end_of_record
TN:
SF:src/routes/requisitionRoutes.ts
FN:15,successResponse
FN:24,(anonymous_1)
FN:46,(anonymous_2)
FN:55,(anonymous_3)
FN:64,(anonymous_4)
FN:73,(anonymous_5)
FN:104,(anonymous_6)
FN:113,(anonymous_7)
FN:133,(anonymous_8)
FN:153,(anonymous_9)
FN:162,(anonymous_10)
FN:184,(anonymous_11)
FN:204,(anonymous_12)
FNF:13
FNH:0
FNDA:0,successResponse
FNDA:0,(anonymous_1)
FNDA:0,(anonymous_2)
FNDA:0,(anonymous_3)
FNDA:0,(anonymous_4)
FNDA:0,(anonymous_5)
FNDA:0,(anonymous_6)
FNDA:0,(anonymous_7)
FNDA:0,(anonymous_8)
FNDA:0,(anonymous_9)
FNDA:0,(anonymous_10)
FNDA:0,(anonymous_11)
FNDA:0,(anonymous_12)
DA:1,0
DA:3,0
DA:8,0
DA:9,0
DA:10,0
DA:11,0
DA:13,0
DA:16,0
DA:24,0
DA:25,0
DA:26,0
DA:28,0
DA:29,0
DA:32,0
DA:39,0
DA:40,0
DA:42,0
DA:46,0
DA:47,0
DA:48,0
DA:49,0
DA:51,0
DA:55,0
DA:56,0
DA:57,0
DA:58,0
DA:60,0
DA:64,0
DA:65,0
DA:66,0
DA:67,0
DA:69,0
DA:73,0
DA:74,0
DA:84,0
DA:86,0
DA:97,0
DA:98,0
DA:100,0
DA:104,0
DA:105,0
DA:106,0
DA:107,0
DA:109,0
DA:113,0
DA:114,0
DA:115,0
DA:117,0
DA:118,0
DA:121,0
DA:127,0
DA:129,0
DA:133,0
DA:134,0
DA:135,0
DA:137,0
DA:138,0
DA:141,0
DA:147,0
DA:149,0
DA:153,0
DA:154,0
DA:155,0
DA:156,0
DA:158,0
DA:162,0
DA:163,0
DA:164,0
DA:165,0
DA:167,0
DA:168,0
DA:171,0
DA:178,0
DA:180,0
DA:184,0
DA:185,0
DA:186,0
DA:188,0
DA:189,0
DA:192,0
DA:198,0
DA:200,0
DA:204,0
DA:205,0
DA:206,0
DA:208,0
DA:209,0
DA:212,0
DA:218,0
DA:220,0
DA:224,0
LF:91
LH:0
BRDA:28,0,0,0
BRDA:117,1,0,0
BRDA:117,2,0,0
BRDA:117,2,1,0
BRDA:137,3,0,0
BRDA:137,4,0,0
BRDA:137,4,1,0
BRDA:167,5,0,0
BRDA:167,6,0,0
BRDA:167,6,1,0
BRDA:167,6,2,0
BRDA:188,7,0,0
BRDA:188,8,0,0
BRDA:188,8,1,0
BRDA:208,9,0,0
BRDA:208,10,0,0
BRDA:208,10,1,0
BRF:17
BRH:0
end_of_record
TN:
SF:src/routes/taskRoutes.ts
FN:9,successResponse
FN:18,(anonymous_1)
FN:27,(anonymous_2)
FN:36,(anonymous_3)
FN:45,(anonymous_4)
FN:54,(anonymous_5)
FN:63,(anonymous_6)
FNF:7
FNH:0
FNDA:0,successResponse
FNDA:0,(anonymous_1)
FNDA:0,(anonymous_2)
FNDA:0,(anonymous_3)
FNDA:0,(anonymous_4)
FNDA:0,(anonymous_5)
FNDA:0,(anonymous_6)
DA:1,0
DA:3,0
DA:4,0
DA:5,0
DA:7,0
DA:10,0
DA:18,0
DA:19,0
DA:20,0
DA:21,0
DA:23,0
DA:27,0
DA:28,0
DA:29,0
DA:30,0
DA:32,0
DA:36,0
DA:37,0
DA:38,0
DA:39,0
DA:41,0
DA:45,0
DA:46,0
DA:47,0
DA:48,0
DA:50,0
DA:54,0
DA:55,0
DA:56,0
DA:57,0
DA:59,0
DA:63,0
DA:64,0
DA:65,0
DA:66,0
DA:67,0
DA:70,0
DA:71,0
DA:73,0
DA:77,0
LF:40
LH:0
BRDA:66,0,0,0
BRF:1
BRH:0
end_of_record
TN:
SF:src/services/approvalFlowService.ts
FN:59,(anonymous_0)
FN:64,(anonymous_1)
FN:94,(anonymous_2)
FN:147,(anonymous_3)
FN:230,(anonymous_4)
FN:256,(anonymous_5)
FN:288,(anonymous_6)
FN:329,(anonymous_7)
FN:352,(anonymous_8)
FN:399,(anonymous_9)
FN:403,(anonymous_10)
FNF:11
FNH:8
FNDA:1,(anonymous_0)
FNDA:4,(anonymous_1)
FNDA:9,(anonymous_2)
FNDA:22,(anonymous_3)
FNDA:21,(anonymous_4)
FNDA:1,(anonymous_5)
FNDA:4,(anonymous_6)
FNDA:2,(anonymous_7)
FNDA:0,(anonymous_8)
FNDA:0,(anonymous_9)
FNDA:0,(anonymous_10)
DA:8,1
DA:9,1
DA:15,1
DA:16,1
DA:36,1
DA:46,1
DA:60,1
DA:61,1
DA:65,4
DA:67,4
DA:68,4
DA:69,0
DA:72,4
DA:73,4
DA:74,4
DA:76,4
DA:77,4
DA:79,4
DA:80,4
DA:82,4
DA:98,9
DA:100,9
DA:101,9
DA:102,0
DA:105,9
DA:106,0
DA:109,9
DA:110,9
DA:111,0
DA:114,9
DA:115,9
DA:116,9
DA:118,9
DA:125,9
DA:126,0
DA:129,9
DA:143,9
DA:144,9
DA:153,22
DA:155,22
DA:156,22
DA:157,0
DA:160,22
DA:161,0
DA:167,22
DA:168,22
DA:169,22
DA:170,22
DA:172,22
DA:174,21
DA:175,21
DA:177,1
DA:178,1
DA:179,1
DA:181,0
DA:182,0
DA:183,0
DA:185,0
DA:188,22
DA:193,22
DA:201,22
DA:202,0
DA:205,22
DA:219,22
DA:227,22
DA:234,21
DA:235,0
DA:238,21
DA:239,21
DA:240,0
DA:243,21
DA:245,21
DA:246,0
DA:249,21
DA:251,21
DA:253,21
DA:259,1
DA:261,1
DA:262,1
DA:264,1
DA:265,1
DA:266,1
DA:267,0
DA:268,0
DA:271,1
DA:272,0
DA:273,0
DA:276,1
DA:277,0
DA:278,0
DA:282,1
DA:283,1
DA:285,1
DA:291,4
DA:293,4
DA:294,4
DA:295,4
DA:297,4
DA:298,4
DA:304,4
DA:306,4
DA:307,3
DA:308,3
DA:310,3
DA:313,4
DA:314,0
DA:318,4
DA:319,4
DA:326,4
DA:332,2
DA:334,2
DA:335,2
DA:337,2
DA:338,2
DA:339,2
DA:340,1
DA:346,2
DA:347,2
DA:349,2
DA:356,0
DA:358,0
DA:359,0
DA:360,0
DA:363,0
DA:364,0
DA:365,0
DA:368,0
DA:369,0
DA:371,0
DA:377,0
DA:378,0
DA:381,0
DA:395,0
DA:396,0
DA:400,0
DA:404,0
DA:408,1
DA:409,1
LF:138
LH:99
BRDA:60,0,0,1
BRDA:60,0,1,1
BRDA:68,1,0,0
BRDA:73,2,0,4
BRDA:73,2,1,0
BRDA:74,3,0,3
BRDA:74,3,1,1
BRDA:80,4,0,1
BRDA:80,4,1,3
BRDA:101,5,0,0
BRDA:105,6,0,0
BRDA:110,7,0,0
BRDA:125,8,0,0
BRDA:136,9,0,9
BRDA:136,9,1,9
BRDA:139,10,0,9
BRDA:139,10,1,9
BRDA:156,11,0,0
BRDA:160,12,0,0
BRDA:172,13,0,21
BRDA:172,13,1,1
BRDA:172,13,2,0
BRDA:172,13,3,0
BRDA:178,14,0,1
BRDA:178,14,1,0
BRDA:201,15,0,0
BRDA:212,16,0,22
BRDA:212,16,1,19
BRDA:215,17,0,22
BRDA:215,17,1,22
BRDA:234,18,0,0
BRDA:239,19,0,0
BRDA:245,20,0,0
BRDA:251,21,0,3
BRDA:251,21,1,18
BRDA:266,22,0,0
BRDA:271,23,0,0
BRDA:276,24,0,0
BRDA:306,25,0,3
BRDA:339,26,0,1
BRDA:359,27,0,0
BRDA:364,28,0,0
BRDA:377,29,0,0
BRDA:388,30,0,0
BRDA:388,30,1,0
BRDA:400,31,0,0
BRDA:400,31,1,0
BRF:47
BRH:22
end_of_record
TN:
SF:src/services/intervalRuleService.ts
FN:25,(anonymous_0)
FN:30,(anonymous_1)
FN:44,(anonymous_2)
FN:92,(anonymous_3)
FN:133,(anonymous_4)
FN:147,(anonymous_5)
FN:178,(anonymous_6)
FN:185,(anonymous_7)
FN:186,(anonymous_8)
FN:222,(anonymous_9)
FN:237,(anonymous_10)
FN:240,(anonymous_11)
FN:271,(anonymous_12)
FN:296,(anonymous_13)
FNF:14
FNH:12
FNDA:1,(anonymous_0)
FNDA:6,(anonymous_1)
FNDA:5,(anonymous_2)
FNDA:5,(anonymous_3)
FNDA:5,(anonymous_4)
FNDA:3,(anonymous_5)
FNDA:5,(anonymous_6)
FNDA:3,(anonymous_7)
FNDA:3,(anonymous_8)
FNDA:5,(anonymous_9)
FNDA:8,(anonymous_10)
FNDA:3,(anonymous_11)
FNDA:0,(anonymous_12)
FNDA:0,(anonymous_13)
DA:2,1
DA:3,1
DA:4,1
DA:5,1
DA:26,1
DA:27,1
DA:31,6
DA:33,6
DA:35,6
DA:36,0
DA:37,0
DA:40,6
DA:41,6
DA:48,5
DA:49,5
DA:55,5
DA:62,5
DA:63,5
DA:65,5
DA:66,0
DA:72,0
DA:73,0
DA:76,5
DA:77,5
DA:78,5
DA:80,5
DA:81,3
DA:82,3
DA:86,2
DA:89,5
DA:98,5
DA:99,5
DA:100,0
DA:103,0
DA:106,5
DA:107,5
DA:108,5
DA:110,5
DA:117,5
DA:118,2
DA:139,5
DA:140,5
DA:141,0
DA:144,0
DA:147,5
DA:148,3
DA:153,5
DA:155,5
DA:162,5
DA:163,1
DA:184,5
DA:185,3
DA:186,3
DA:188,5
DA:189,4
DA:190,4
DA:193,1
DA:194,1
DA:199,1
DA:206,1
DA:207,0
DA:227,5
DA:229,5
DA:231,5
DA:237,8
DA:245,3
DA:251,3
DA:253,3
DA:254,3
DA:265,3
DA:268,3
DA:272,0
DA:274,0
DA:275,0
DA:276,0
DA:282,0
DA:292,0
DA:293,0
DA:297,0
DA:299,0
DA:300,0
DA:301,0
DA:304,0
DA:305,0
DA:306,0
DA:309,0
DA:310,0
DA:314,1
LF:88
LH:62
BRDA:26,0,0,1
BRDA:26,0,1,1
BRDA:35,1,0,0
BRDA:65,2,0,0
BRDA:80,3,0,3
BRDA:80,3,1,2
BRDA:99,4,0,0
BRDA:99,5,0,5
BRDA:99,5,1,5
BRDA:117,6,0,2
BRDA:140,7,0,0
BRDA:140,8,0,5
BRDA:140,8,1,5
BRDA:148,9,0,3
BRDA:148,9,1,3
BRDA:148,9,2,3
BRDA:162,10,0,1
BRDA:188,11,0,4
BRDA:206,12,0,0
BRDA:260,13,0,3
BRDA:260,13,1,0
BRDA:275,14,0,0
BRDA:289,15,0,0
BRDA:289,15,1,0
BRDA:300,16,0,0
BRDA:305,17,0,0
BRF:26
BRH:15
end_of_record
TN:
SF:src/services/inventoryService.ts
FN:36,(anonymous_0)
FN:41,(anonymous_1)
FN:69,(anonymous_2)
FN:74,(anonymous_3)
FN:79,(anonymous_4)
FN:153,(anonymous_5)
FN:167,(anonymous_6)
FN:199,(anonymous_7)
FN:215,(anonymous_8)
FNF:9
FNH:4
FNDA:1,(anonymous_0)
FNDA:0,(anonymous_1)
FNDA:0,(anonymous_2)
FNDA:3,(anonymous_3)
FNDA:1,(anonymous_4)
FNDA:1,(anonymous_5)
FNDA:0,(anonymous_6)
FNDA:0,(anonymous_7)
FNDA:0,(anonymous_8)
DA:7,1
DA:8,1
DA:14,1
DA:37,1
DA:38,1
DA:44,0
DA:46,0
DA:47,0
DA:50,0
DA:51,0
DA:52,0
DA:55,0
DA:65,0
DA:66,0
DA:70,0
DA:71,0
DA:75,3
DA:76,3
DA:82,1
DA:86,1
DA:92,1
DA:93,1
DA:94,0
DA:97,1
DA:100,0
DA:103,1
DA:105,1
DA:106,1
DA:108,1
DA:109,0
DA:112,0
DA:113,0
DA:116,1
DA:123,1
DA:124,0
DA:125,0
DA:127,1
DA:131,1
DA:132,1
DA:139,1
DA:144,0
DA:150,1
DA:159,1
DA:165,1
DA:166,1
DA:167,0
DA:169,1
DA:170,1
DA:172,1
DA:173,1
DA:175,1
DA:179,1
DA:186,1
DA:189,1
DA:190,0
DA:191,0
DA:196,1
DA:203,0
DA:205,0
DA:206,0
DA:208,0
DA:216,0
DA:217,0
DA:221,1
LF:64
LH:36
BRDA:37,0,0,1
BRDA:37,0,1,1
BRDA:46,1,0,0
BRDA:51,2,0,0
BRDA:93,3,0,0
BRDA:97,4,0,0
BRDA:97,5,0,1
BRDA:97,5,1,1
BRDA:97,5,2,0
BRDA:108,6,0,0
BRDA:123,7,0,0
BRDA:123,7,1,1
BRDA:131,8,0,1
BRDA:131,8,1,0
BRDA:170,9,0,0
BRDA:189,10,0,0
BRF:16
BRH:6
end_of_record
TN:
SF:src/services/ledgerService.ts
FN:31,(anonymous_0)
FN:36,(anonymous_1)
FN:66,(anonymous_2)
FN:105,(anonymous_3)
FN:106,(anonymous_4)
FN:108,(anonymous_5)
FN:124,(anonymous_6)
FN:130,(anonymous_7)
FN:159,(anonymous_8)
FN:163,(anonymous_9)
FN:181,(anonymous_10)
FN:186,(anonymous_11)
FN:191,(anonymous_12)
FN:202,(anonymous_13)
FN:207,(anonymous_14)
FN:217,(anonymous_15)
FN:229,(anonymous_16)
FN:231,(anonymous_17)
FNF:18
FNH:7
FNDA:1,(anonymous_0)
FNDA:1,(anonymous_1)
FNDA:1,(anonymous_2)
FNDA:0,(anonymous_3)
FNDA:0,(anonymous_4)
FNDA:4,(anonymous_5)
FNDA:1,(anonymous_6)
FNDA:1,(anonymous_7)
FNDA:0,(anonymous_8)
FNDA:1,(anonymous_9)
FNDA:0,(anonymous_10)
FNDA:0,(anonymous_11)
FNDA:0,(anonymous_12)
FNDA:0,(anonymous_13)
FNDA:0,(anonymous_14)
FNDA:0,(anonymous_15)
FNDA:0,(anonymous_16)
FNDA:0,(anonymous_17)
DA:7,1
DA:8,1
DA:9,1
DA:11,1
DA:12,1
DA:32,1
DA:33,1
DA:39,1
DA:43,1
DA:44,1
DA:45,0
DA:48,1
DA:49,0
DA:52,1
DA:54,1
DA:55,1
DA:56,1
DA:62,1
DA:63,1
DA:71,1
DA:72,1
DA:74,1
DA:81,1
DA:82,1
DA:89,1
DA:90,1
DA:97,1
DA:104,1
DA:105,0
DA:106,0
DA:108,4
DA:110,1
DA:125,1
DA:126,1
DA:127,1
DA:133,1
DA:135,1
DA:136,0
DA:142,1
DA:148,1
DA:150,1
DA:151,1
DA:157,0
DA:159,0
DA:166,1
DA:168,1
DA:169,1
DA:175,0
DA:182,0
DA:183,0
DA:187,0
DA:188,0
DA:192,0
DA:194,0
DA:195,0
DA:196,0
DA:199,0
DA:203,0
DA:204,0
DA:208,0
DA:211,0
DA:212,0
DA:214,0
DA:217,0
DA:218,0
DA:220,0
DA:221,0
DA:223,0
DA:224,0
DA:228,0
DA:229,0
DA:231,0
DA:233,0
DA:243,1
LF:74
LH:41
BRDA:32,0,0,1
BRDA:32,0,1,1
BRDA:44,1,0,0
BRDA:48,2,0,0
BRDA:48,3,0,1
BRDA:48,3,1,0
BRDA:99,4,0,1
BRDA:99,4,1,0
BRDA:108,5,0,1
BRDA:108,5,1,1
BRDA:126,6,0,0
BRDA:127,7,0,1
BRDA:127,7,1,1
BRDA:135,8,0,0
BRDA:150,9,0,1
BRDA:168,10,0,1
BRDA:195,11,0,0
BRDA:211,12,0,0
BRDA:211,12,1,0
BRDA:225,13,0,0
BRDA:225,13,1,0
BRF:21
BRH:10
end_of_record
TN:
SF:src/services/requisitionService.ts
FN:42,(anonymous_0)
FN:47,(anonymous_1)
FN:72,(anonymous_2)
FN:87,(anonymous_3)
FN:135,(anonymous_4)
FN:146,(anonymous_5)
FN:164,(anonymous_6)
FN:188,(anonymous_7)
FN:190,(anonymous_8)
FN:191,(anonymous_9)
FN:201,(anonymous_10)
FN:219,(anonymous_11)
FN:230,(anonymous_12)
FN:235,(anonymous_13)
FN:242,(anonymous_14)
FN:249,(anonymous_15)
FNF:16
FNH:8
FNDA:1,(anonymous_0)
FNDA:10,(anonymous_1)
FNDA:10,(anonymous_2)
FNDA:10,(anonymous_3)
FNDA:10,(anonymous_4)
FNDA:10,(anonymous_5)
FNDA:0,(anonymous_6)
FNDA:0,(anonymous_7)
FNDA:0,(anonymous_8)
FNDA:0,(anonymous_9)
FNDA:11,(anonymous_10)
FNDA:0,(anonymous_11)
FNDA:0,(anonymous_12)
FNDA:9,(anonymous_13)
FNDA:0,(anonymous_14)
FNDA:0,(anonymous_15)
DA:7,1
DA:8,1
DA:13,1
DA:14,1
DA:43,1
DA:44,1
DA:50,10
DA:52,10
DA:54,10
DA:68,10
DA:69,10
DA:73,10
DA:74,0
DA:76,10
DA:77,0
DA:79,10
DA:80,0
DA:82,10
DA:83,0
DA:91,10
DA:93,10
DA:94,10
DA:95,0
DA:98,10
DA:99,0
DA:102,10
DA:104,10
DA:105,10
DA:106,0
DA:109,10
DA:110,10
DA:111,0
DA:114,10
DA:115,10
DA:117,10
DA:133,10
DA:134,10
DA:135,10
DA:137,10
DA:142,10
DA:143,10
DA:147,10
DA:148,0
DA:150,10
DA:151,0
DA:153,10
DA:154,0
DA:156,10
DA:157,0
DA:159,10
DA:160,0
DA:165,0
DA:167,0
DA:168,0
DA:169,0
DA:172,0
DA:173,0
DA:176,0
DA:177,0
DA:178,0
DA:181,0
DA:182,0
DA:185,0
DA:187,0
DA:188,0
DA:189,0
DA:190,0
DA:191,0
DA:193,0
DA:198,0
DA:202,11
DA:204,11
DA:205,11
DA:206,0
DA:209,11
DA:210,11
DA:212,11
DA:220,0
DA:222,0
DA:223,0
DA:224,0
DA:227,0
DA:231,0
DA:232,0
DA:236,9
DA:238,9
DA:239,9
DA:243,0
DA:245,0
DA:246,0
DA:250,0
DA:252,0
DA:253,0
DA:254,0
DA:257,0
DA:261,1
LF:96
LH:48
BRDA:43,0,0,1
BRDA:43,0,1,1
BRDA:73,1,0,0
BRDA:76,2,0,0
BRDA:79,3,0,0
BRDA:82,4,0,0
BRDA:82,5,0,10
BRDA:82,5,1,10
BRDA:94,6,0,0
BRDA:98,7,0,0
BRDA:105,8,0,0
BRDA:110,9,0,0
BRDA:115,10,0,10
BRDA:115,10,1,0
BRDA:127,11,0,10
BRDA:127,11,1,0
BRDA:128,12,0,10
BRDA:128,12,1,0
BRDA:147,13,0,0
BRDA:150,14,0,0
BRDA:153,15,0,0
BRDA:156,16,0,0
BRDA:159,17,0,0
BRDA:159,18,0,10
BRDA:159,18,1,10
BRDA:168,19,0,0
BRDA:172,20,0,0
BRDA:177,21,0,0
BRDA:181,22,0,0
BRDA:205,23,0,0
BRDA:223,24,0,0
BRDA:253,25,0,0
BRF:32
BRH:9
end_of_record
TN:
SF:src/services/taskScheduler.ts
FN:25,(anonymous_1)
FN:30,(anonymous_2)
FN:53,(anonymous_3)
FN:69,(anonymous_4)
FN:81,(anonymous_5)
FN:99,(anonymous_6)
FN:106,(anonymous_7)
FN:175,(anonymous_8)
FN:204,(anonymous_9)
FN:205,(anonymous_10)
FN:233,(anonymous_11)
FN:244,(anonymous_12)
FN:259,(anonymous_13)
FN:276,(anonymous_14)
FN:303,(anonymous_15)
FN:308,(anonymous_16)
FN:342,(anonymous_17)
FN:347,(anonymous_18)
FN:386,(anonymous_19)
FN:391,(anonymous_20)
FN:425,(anonymous_21)
FN:457,(anonymous_22)
FN:464,(anonymous_23)
FNF:23
FNH:0
FNDA:0,(anonymous_1)
FNDA:0,(anonymous_2)
FNDA:0,(anonymous_3)
FNDA:0,(anonymous_4)
FNDA:0,(anonymous_5)
FNDA:0,(anonymous_6)
FNDA:0,(anonymous_7)
FNDA:0,(anonymous_8)
FNDA:0,(anonymous_9)
FNDA:0,(anonymous_10)
FNDA:0,(anonymous_11)
FNDA:0,(anonymous_12)
FNDA:0,(anonymous_13)
FNDA:0,(anonymous_14)
FNDA:0,(anonymous_15)
FNDA:0,(anonymous_16)
FNDA:0,(anonymous_17)
FNDA:0,(anonymous_18)
FNDA:0,(anonymous_19)
FNDA:0,(anonymous_20)
FNDA:0,(anonymous_21)
FNDA:0,(anonymous_22)
FNDA:0,(anonymous_23)
DA:1,0
DA:2,0
DA:4,0
DA:5,0
DA:6,0
DA:7,0
DA:8,0
DA:21,0
DA:22,0
DA:23,0
DA:26,0
DA:27,0
DA:31,0
DA:36,0
DA:38,0
DA:39,0
DA:40,0
DA:54,0
DA:55,0
DA:56,0
DA:59,0
DA:60,0
DA:62,0
DA:64,0
DA:65,0
DA:70,0
DA:71,0
DA:73,0
DA:74,0
DA:75,0
DA:78,0
DA:82,0
DA:83,0
DA:84,0
DA:85,0
DA:88,0
DA:89,0
DA:90,0
DA:93,0
DA:99,0
DA:100,0
DA:103,0
DA:107,0
DA:108,0
DA:109,0
DA:112,0
DA:113,0
DA:114,0
DA:117,0
DA:118,0
DA:124,0
DA:136,0
DA:141,0
DA:142,0
DA:144,0
DA:145,0
DA:147,0
DA:153,0
DA:158,0
DA:165,0
DA:182,0
DA:183,0
DA:185,0
DA:186,0
DA:187,0
DA:189,0
DA:190,0
DA:191,0
DA:193,0
DA:194,0
DA:195,0
DA:196,0
DA:204,0
DA:205,0
DA:206,0
DA:211,0
DA:219,0
DA:227,0
DA:234,0
DA:236,0
DA:237,0
DA:238,0
DA:241,0
DA:245,0
DA:247,0
DA:248,0
DA:249,0
DA:252,0
DA:254,0
DA:255,0
DA:260,0
DA:262,0
DA:263,0
DA:264,0
DA:267,0
DA:269,0
DA:270,0
DA:271,0
DA:272,0
DA:280,0
DA:281,0
DA:285,0
DA:289,0
DA:291,0
DA:297,0
DA:304,0
DA:305,0
DA:307,0
DA:308,0
DA:310,0
DA:311,0
DA:313,0
DA:314,0
DA:321,0
DA:330,0
DA:336,0
DA:343,0
DA:344,0
DA:346,0
DA:347,0
DA:349,0
DA:350,0
DA:352,0
DA:353,0
DA:365,0
DA:374,0
DA:380,0
DA:387,0
DA:388,0
DA:390,0
DA:391,0
DA:393,0
DA:394,0
DA:396,0
DA:397,0
DA:404,0
DA:413,0
DA:419,0
DA:426,0
DA:427,0
DA:429,0
DA:430,0
DA:431,0
DA:433,0
DA:434,0
DA:436,0
DA:441,0
DA:451,0
DA:458,0
DA:459,0
DA:461,0
DA:462,0
DA:464,0
DA:465,0
DA:468,0
DA:469,0
DA:477,0
LF:157
LH:0
BRDA:26,0,0,0
BRDA:26,0,1,0
BRDA:39,1,0,0
BRDA:43,2,0,0
BRDA:43,2,1,0
BRDA:48,3,0,0
BRDA:48,3,1,0
BRDA:54,4,0,0
BRDA:83,5,0,0
BRDA:88,6,0,0
BRDA:108,7,0,0
BRDA:113,8,0,0
BRDA:187,9,0,0
BRDA:187,9,1,0
BRDA:193,10,0,0
BRDA:193,10,1,0
BRDA:237,11,0,0
BRDA:248,12,0,0
BRDA:254,13,0,0
BRDA:263,14,0,0
BRDA:270,15,0,0
BRDA:281,16,0,0
BRDA:281,16,1,0
BRDA:313,17,0,0
BRDA:313,17,1,0
BRDA:352,18,0,0
BRDA:352,18,1,0
BRDA:359,19,0,0
BRDA:359,19,1,0
BRDA:396,20,0,0
BRDA:396,20,1,0
BRDA:465,21,0,0
BRDA:465,21,1,0
BRF:33
BRH:0
end_of_record
TN:
SF:src/utils/errors.ts
FN:1,(anonymous_0)
FN:18,(anonymous_1)
FN:34,(anonymous_2)
FN:40,(anonymous_3)
FN:46,(anonymous_4)
FN:52,(anonymous_5)
FN:58,(anonymous_6)
FN:68,(anonymous_7)
FN:82,(anonymous_8)
FN:88,(anonymous_9)
FNF:10
FNH:1
FNDA:1,(anonymous_0)
FNDA:0,(anonymous_1)
FNDA:0,(anonymous_2)
FNDA:0,(anonymous_3)
FNDA:0,(anonymous_4)
FNDA:0,(anonymous_5)
FNDA:0,(anonymous_6)
FNDA:0,(anonymous_7)
FNDA:0,(anonymous_8)
FNDA:0,(anonymous_9)
DA:1,1
DA:2,1
DA:3,1
DA:4,1
DA:5,1
DA:6,1
DA:7,1
DA:8,1
DA:9,1
DA:10,1
DA:13,1
DA:24,0
DA:25,0
DA:26,0
DA:27,0
DA:28,0
DA:29,0
DA:33,1
DA:35,0
DA:39,1
DA:41,0
DA:45,1
DA:47,0
DA:51,1
DA:53,0
DA:57,1
DA:59,0
DA:67,1
DA:73,0
DA:81,1
DA:83,0
DA:87,1
DA:89,0
LF:33
LH:19
BRDA:1,0,0,1
BRDA:1,0,1,1
BRDA:22,1,0,0
BRDA:75,2,0,0
BRDA:75,2,1,0
BRF:5
BRH:2
end_of_record
TN:
SF:src/utils/logger.ts
FN:6,(anonymous_1)
FN:49,(anonymous_2)
FN:60,(anonymous_3)
FN:65,(anonymous_4)
FN:69,(anonymous_5)
FN:73,(anonymous_6)
FN:82,(anonymous_7)
FN:86,(anonymous_8)
FN:90,(anonymous_9)
FN:99,(anonymous_10)
FN:104,(anonymous_11)
FNF:11
FNH:9
FNDA:199,(anonymous_1)
FNDA:131,(anonymous_2)
FNDA:5,(anonymous_3)
FNDA:0,(anonymous_4)
FNDA:10,(anonymous_5)
FNDA:214,(anonymous_6)
FNDA:149,(anonymous_7)
FNDA:3,(anonymous_8)
FNDA:0,(anonymous_9)
FNDA:62,(anonymous_10)
FNDA:5,(anonymous_11)
DA:1,1
DA:2,1
DA:4,1
DA:6,1
DA:7,199
DA:15,199
DA:16,0
DA:19,199
DA:22,1
DA:44,1
DA:45,1
DA:50,131
DA:56,1
DA:61,5
DA:62,5
DA:66,0
DA:70,10
DA:74,214
DA:83,149
DA:87,3
DA:91,0
DA:100,62
DA:104,1
DA:105,5
LF:24
LH:21
BRDA:10,0,0,199
BRDA:10,0,1,0
BRDA:12,1,0,199
BRDA:12,1,1,0
BRDA:15,2,0,0
BRDA:23,3,0,1
BRDA:23,3,1,1
BRDA:44,4,0,1
BRDA:50,5,0,131
BRDA:50,5,1,0
BRDA:61,6,0,5
BRDA:61,6,1,5
BRF:12
BRH:8
end_of_record
