<?xml version="1.0" encoding="UTF-8"?>
<coverage version="7.3.2" timestamp="1705312200" lines-valid="245" lines-covered="185" line-rate="0.755" branches-valid="80" branches-covered="55" branch-rate="0.688">
  <sources>
    <source>/app</source>
  </sources>
  <packages>
    <package name="auth" line-rate="0.85" branch-rate="0.75">
      <classes>
        <class name="auth.login" filename="auth/login.py" line-rate="0.90" branch-rate="0.80">
          <methods/>
          <lines>
            <line number="1" hits="1"/>
            <line number="2" hits="1"/>
            <line number="3" hits="1"/>
            <line number="4" hits="1"/>
            <line number="5" hits="1"/>
            <line number="6" hits="1"/>
            <line number="7" hits="1"/>
            <line number="8" hits="1"/>
            <line number="9" hits="1"/>
            <line number="10" hits="1"/>
            <line number="11" hits="1" branch="true" condition-coverage="100% (2/2)"/>
            <line number="12" hits="1"/>
            <line number="13" hits="1"/>
            <line number="14" hits="0" branch="true" condition-coverage="50% (1/2)"/>
            <line number="15" hits="0"/>
            <line number="16" hits="1"/>
            <line number="17" hits="1"/>
            <line number="18" hits="1"/>
            <line number="19" hits="0"/>
            <line number="20" hits="1"/>
          </lines>
        </class>
        <class name="auth.token" filename="auth/token.py" line-rate="0.80" branch-rate="0.70">
          <methods/>
          <lines>
            <line number="1" hits="1"/>
            <line number="2" hits="1"/>
            <line number="3" hits="1"/>
            <line number="4" hits="1"/>
            <line number="5" hits="1"/>
            <line number="6" hits="0"/>
            <line number="7" hits="0"/>
            <line number="8" hits="1" branch="true" condition-coverage="100% (2/2)"/>
            <line number="9" hits="1"/>
            <line number="10" hits="1"/>
            <line number="11" hits="0" branch="true" condition-coverage="50% (1/2)"/>
            <line number="12" hits="0"/>
            <line number="13" hits="1"/>
            <line number="14" hits="1"/>
            <line number="15" hits="1"/>
          </lines>
        </class>
      </classes>
    </package>
    <package name="payment" line-rate="0.70" branch-rate="0.65">
      <classes>
        <class name="payment.processing" filename="payment/processing.py" line-rate="0.65" branch-rate="0.60">
          <methods/>
          <lines>
            <line number="1" hits="1"/>
            <line number="2" hits="1"/>
            <line number="3" hits="1"/>
            <line number="4" hits="1"/>
            <line number="5" hits="1"/>
            <line number="6" hits="1" branch="true" condition-coverage="100% (2/2)"/>
            <line number="7" hits="1"/>
            <line number="8" hits="0"/>
            <line number="9" hits="0"/>
            <line number="10" hits="0"/>
            <line number="11" hits="1" branch="true" condition-coverage="50% (1/2)"/>
            <line number="12" hits="1"/>
            <line number="13" hits="1"/>
            <line number="14" hits="0"/>
            <line number="15" hits="0"/>
            <line number="16" hits="1"/>
            <line number="17" hits="1"/>
            <line number="18" hits="1"/>
            <line number="19" hits="0"/>
            <line number="20" hits="0"/>
          </lines>
        </class>
        <class name="payment.refund" filename="payment/refund.py" line-rate="0.75" branch-rate="0.70">
          <methods/>
          <lines>
            <line number="1" hits="1"/>
            <line number="2" hits="1"/>
            <line number="3" hits="1"/>
            <line number="4" hits="1"/>
            <line number="5" hits="1"/>
            <line number="6" hits="1"/>
            <line number="7" hits="0" branch="true" condition-coverage="50% (1/2)"/>
            <line number="8" hits="0"/>
            <line number="9" hits="1"/>
            <line number="10" hits="1"/>
            <line number="11" hits="1"/>
            <line number="12" hits="0"/>
            <line number="13" hits="0"/>
            <line number="14" hits="1"/>
            <line number="15" hits="1"/>
          </lines>
        </class>
      </classes>
    </package>
    <package name="user" line-rate="0.80" branch-rate="0.75">
      <classes>
        <class name="user.profile" filename="user/profile.py" line-rate="0.80" branch-rate="0.75">
          <methods/>
          <lines>
            <line number="1" hits="1"/>
            <line number="2" hits="1"/>
            <line number="3" hits="1"/>
            <line number="4" hits="1"/>
            <line number="5" hits="1"/>
            <line number="6" hits="1"/>
            <line number="7" hits="1"/>
            <line number="8" hits="0" branch="true" condition-coverage="50% (1/2)"/>
            <line number="9" hits="0"/>
            <line number="10" hits="1"/>
            <line number="11" hits="1"/>
            <line number="12" hits="1"/>
            <line number="13" hits="0"/>
            <line number="14" hits="1"/>
            <line number="15" hits="1"/>
          </lines>
        </class>
      </classes>
    </package>
  </packages>
</coverage>
