<?xml version="1.0" encoding="UTF-8"?>
<coverage generated="1778371721434" clover="3.2.0">
  <project timestamp="1778371721434" name="All files">
    <metrics statements="647" coveredstatements="406" conditionals="290" coveredconditionals="150" methods="112" coveredmethods="59" elements="1049" coveredelements="615" complexity="0" loc="647" ncloc="647" packages="5" files="15" classes="15"/>
    <package name="src">
      <metrics statements="14" coveredstatements="0" conditionals="2" coveredconditionals="0" methods="3" coveredmethods="0"/>
      <file name="server.ts" path="/Users/lzy/pro/solo/workspaces/zy70106/src/server.ts">
        <metrics statements="14" coveredstatements="0" conditionals="2" coveredconditionals="0" methods="3" coveredmethods="0"/>
        <line num="1" count="0" type="stmt"/>
        <line num="2" count="0" type="stmt"/>
        <line num="3" count="0" type="stmt"/>
        <line num="4" count="0" type="stmt"/>
        <line num="6" count="0" type="stmt"/>
        <line num="7" count="0" type="cond" truecount="0" falsecount="2"/>
        <line num="9" count="0" type="stmt"/>
        <line num="10" count="0" type="stmt"/>
        <line num="12" count="0" type="stmt"/>
        <line num="14" count="0" type="stmt"/>
        <line num="15" count="0" type="stmt"/>
        <line num="16" count="0" type="stmt"/>
        <line num="20" count="0" type="stmt"/>
        <line num="23" count="0" type="stmt"/>
      </file>
    </package>
    <package name="src.config">
      <metrics statements="21" coveredstatements="21" conditionals="2" coveredconditionals="2" methods="0" coveredmethods="0"/>
      <file name="database.ts" path="/Users/lzy/pro/solo/workspaces/zy70106/src/config/database.ts">
        <metrics statements="11" coveredstatements="11" conditionals="2" coveredconditionals="2" methods="0" coveredmethods="0"/>
        <line num="1" count="3" type="stmt"/>
        <line num="2" count="3" type="stmt"/>
        <line num="3" count="3" type="stmt"/>
        <line num="4" count="3" type="stmt"/>
        <line num="5" count="3" type="stmt"/>
        <line num="6" count="3" type="stmt"/>
        <line num="7" count="3" type="stmt"/>
        <line num="8" count="3" type="stmt"/>
        <line num="9" count="3" type="stmt"/>
        <line num="10" count="3" type="stmt"/>
        <line num="12" count="3" type="stmt"/>
      </file>
      <file name="test-database.ts" path="/Users/lzy/pro/solo/workspaces/zy70106/src/config/test-database.ts">
        <metrics statements="10" coveredstatements="10" conditionals="0" coveredconditionals="0" methods="0" coveredmethods="0"/>
        <line num="1" count="3" type="stmt"/>
        <line num="2" count="3" type="stmt"/>
        <line num="3" count="3" type="stmt"/>
        <line num="4" count="3" type="stmt"/>
        <line num="5" count="3" type="stmt"/>
        <line num="6" count="3" type="stmt"/>
        <line num="7" count="3" type="stmt"/>
        <line num="8" count="3" type="stmt"/>
        <line num="9" count="3" type="stmt"/>
        <line num="11" count="3" type="stmt"/>
      </file>
    </package>
    <package name="src.entities">
      <metrics statements="133" coveredstatements="133" conditionals="132" coveredconditionals="95" methods="25" coveredmethods="25"/>
      <file name="Batch.ts" path="/Users/lzy/pro/solo/workspaces/zy70106/src/entities/Batch.ts">
        <metrics statements="20" coveredstatements="20" conditionals="20" coveredconditionals="14" methods="4" coveredmethods="4"/>
        <line num="1" count="3" type="stmt"/>
        <line num="2" count="3" type="stmt"/>
        <line num="3" count="3" type="stmt"/>
        <line num="8" count="3" type="stmt"/>
        <line num="10" count="3" type="stmt"/>
        <line num="13" count="3" type="stmt"/>
        <line num="16" count="3" type="stmt"/>
        <line num="19" count="3" type="stmt"/>
        <line num="22" count="3" type="cond" truecount="3" falsecount="1"/>
        <line num="25" count="3" type="cond" truecount="3" falsecount="1"/>
        <line num="28" count="3" type="stmt"/>
        <line num="31" count="3" type="stmt"/>
        <line num="34" count="3" type="stmt"/>
        <line num="37" count="3" type="stmt"/>
        <line num="39" count="3" type="stmt"/>
        <line num="41" count="3" type="cond" truecount="2" falsecount="2"/>
        <line num="43" count="3" type="stmt"/>
        <line num="44" count="3" type="stmt"/>
        <line num="47" count="3" type="cond" truecount="3" falsecount="1"/>
        <line num="50" count="3" type="cond" truecount="3" falsecount="1"/>
      </file>
      <file name="Pen.ts" path="/Users/lzy/pro/solo/workspaces/zy70106/src/entities/Pen.ts">
        <metrics statements="16" coveredstatements="16" conditionals="12" coveredconditionals="9" methods="4" coveredmethods="4"/>
        <line num="1" count="3" type="stmt"/>
        <line num="2" count="3" type="stmt"/>
        <line num="3" count="3" type="stmt"/>
        <line num="8" count="3" type="stmt"/>
        <line num="10" count="3" type="stmt"/>
        <line num="13" count="3" type="stmt"/>
        <line num="16" count="3" type="stmt"/>
        <line num="19" count="3" type="stmt"/>
        <line num="22" count="3" type="stmt"/>
        <line num="25" count="3" type="cond" truecount="3" falsecount="1"/>
        <line num="28" count="3" type="cond" truecount="3" falsecount="1"/>
        <line num="31" count="3" type="cond" truecount="3" falsecount="1"/>
        <line num="33" count="3" type="stmt"/>
        <line num="34" count="3" type="stmt"/>
        <line num="36" count="3" type="stmt"/>
        <line num="37" count="3" type="stmt"/>
      </file>
      <file name="QuarantineReport.ts" path="/Users/lzy/pro/solo/workspaces/zy70106/src/entities/QuarantineReport.ts">
        <metrics statements="19" coveredstatements="19" conditionals="24" coveredconditionals="18" methods="0" coveredmethods="0"/>
        <line num="1" count="3" type="stmt"/>
        <line num="6" count="3" type="stmt"/>
        <line num="8" count="3" type="stmt"/>
        <line num="11" count="3" type="stmt"/>
        <line num="14" count="3" type="cond" truecount="3" falsecount="1"/>
        <line num="17" count="3" type="cond" truecount="3" falsecount="1"/>
        <line num="20" count="3" type="cond" truecount="3" falsecount="1"/>
        <line num="23" count="3" type="stmt"/>
        <line num="26" count="3" type="stmt"/>
        <line num="29" count="3" type="stmt"/>
        <line num="32" count="3" type="stmt"/>
        <line num="35" count="3" type="stmt"/>
        <line num="38" count="3" type="stmt"/>
        <line num="41" count="3" type="stmt"/>
        <line num="44" count="3" type="stmt"/>
        <line num="47" count="3" type="cond" truecount="3" falsecount="1"/>
        <line num="50" count="3" type="stmt"/>
        <line num="53" count="3" type="cond" truecount="3" falsecount="1"/>
        <line num="56" count="3" type="cond" truecount="3" falsecount="1"/>
      </file>
      <file name="SupplementaryRecord.ts" path="/Users/lzy/pro/solo/workspaces/zy70106/src/entities/SupplementaryRecord.ts">
        <metrics statements="16" coveredstatements="16" conditionals="20" coveredconditionals="15" methods="1" coveredmethods="1"/>
        <line num="1" count="3" type="stmt"/>
        <line num="2" count="3" type="stmt"/>
        <line num="7" count="3" type="stmt"/>
        <line num="9" count="3" type="stmt"/>
        <line num="12" count="3" type="cond" truecount="3" falsecount="1"/>
        <line num="15" count="3" type="stmt"/>
        <line num="18" count="3" type="stmt"/>
        <line num="21" count="3" type="stmt"/>
        <line num="24" count="3" type="cond" truecount="3" falsecount="1"/>
        <line num="27" count="3" type="stmt"/>
        <line num="30" count="3" type="stmt"/>
        <line num="33" count="3" type="stmt"/>
        <line num="35" count="3" type="stmt"/>
        <line num="37" count="3" type="cond" truecount="3" falsecount="1"/>
        <line num="40" count="3" type="cond" truecount="3" falsecount="1"/>
        <line num="43" count="3" type="cond" truecount="3" falsecount="1"/>
      </file>
      <file name="VaccinationPlan.ts" path="/Users/lzy/pro/solo/workspaces/zy70106/src/entities/VaccinationPlan.ts">
        <metrics statements="22" coveredstatements="22" conditionals="20" coveredconditionals="14" methods="6" coveredmethods="6"/>
        <line num="1" count="3" type="stmt"/>
        <line num="2" count="3" type="stmt"/>
        <line num="3" count="3" type="stmt"/>
        <line num="4" count="3" type="stmt"/>
        <line num="9" count="3" type="stmt"/>
        <line num="11" count="3" type="stmt"/>
        <line num="14" count="3" type="stmt"/>
        <line num="17" count="3" type="stmt"/>
        <line num="20" count="3" type="cond" truecount="3" falsecount="1"/>
        <line num="23" count="3" type="cond" truecount="3" falsecount="1"/>
        <line num="26" count="3" type="stmt"/>
        <line num="29" count="3" type="stmt"/>
        <line num="32" count="3" type="stmt"/>
        <line num="35" count="3" type="stmt"/>
        <line num="37" count="3" type="stmt"/>
        <line num="39" count="3" type="cond" truecount="2" falsecount="2"/>
        <line num="41" count="3" type="stmt"/>
        <line num="42" count="3" type="stmt"/>
        <line num="44" count="3" type="stmt"/>
        <line num="45" count="3" type="stmt"/>
        <line num="48" count="3" type="cond" truecount="3" falsecount="1"/>
        <line num="51" count="3" type="cond" truecount="3" falsecount="1"/>
      </file>
      <file name="VaccinationRecord.ts" path="/Users/lzy/pro/solo/workspaces/zy70106/src/entities/VaccinationRecord.ts">
        <metrics statements="27" coveredstatements="27" conditionals="28" coveredconditionals="19" methods="8" coveredmethods="8"/>
        <line num="1" count="3" type="stmt"/>
        <line num="2" count="3" type="stmt"/>
        <line num="3" count="3" type="stmt"/>
        <line num="4" count="3" type="stmt"/>
        <line num="5" count="3" type="stmt"/>
        <line num="10" count="3" type="stmt"/>
        <line num="12" count="3" type="stmt"/>
        <line num="15" count="3" type="cond" truecount="3" falsecount="1"/>
        <line num="18" count="3" type="stmt"/>
        <line num="21" count="3" type="stmt"/>
        <line num="24" count="3" type="stmt"/>
        <line num="27" count="3" type="stmt"/>
        <line num="30" count="3" type="stmt"/>
        <line num="33" count="3" type="stmt"/>
        <line num="36" count="3" type="stmt"/>
        <line num="39" count="3" type="stmt"/>
        <line num="41" count="3" type="stmt"/>
        <line num="43" count="3" type="cond" truecount="2" falsecount="2"/>
        <line num="45" count="3" type="stmt"/>
        <line num="47" count="3" type="cond" truecount="2" falsecount="2"/>
        <line num="49" count="3" type="stmt"/>
        <line num="51" count="3" type="cond" truecount="3" falsecount="1"/>
        <line num="53" count="3" type="stmt"/>
        <line num="55" count="3" type="cond" truecount="3" falsecount="1"/>
        <line num="58" count="3" type="stmt"/>
        <line num="61" count="3" type="cond" truecount="3" falsecount="1"/>
        <line num="64" count="3" type="cond" truecount="3" falsecount="1"/>
      </file>
      <file name="Veterinarian.ts" path="/Users/lzy/pro/solo/workspaces/zy70106/src/entities/Veterinarian.ts">
        <metrics statements="13" coveredstatements="13" conditionals="8" coveredconditionals="6" methods="2" coveredmethods="2"/>
        <line num="1" count="3" type="stmt"/>
        <line num="2" count="3" type="stmt"/>
        <line num="5" count="3" type="stmt"/>
        <line num="7" count="3" type="stmt"/>
        <line num="10" count="3" type="stmt"/>
        <line num="13" count="3" type="stmt"/>
        <line num="16" count="3" type="stmt"/>
        <line num="19" count="3" type="stmt"/>
        <line num="22" count="3" type="stmt"/>
        <line num="25" count="3" type="cond" truecount="3" falsecount="1"/>
        <line num="28" count="3" type="cond" truecount="3" falsecount="1"/>
        <line num="30" count="3" type="stmt"/>
        <line num="31" count="3" type="stmt"/>
      </file>
    </package>
    <package name="src.routes">
      <metrics statements="130" coveredstatements="0" conditionals="1" coveredconditionals="0" methods="21" coveredmethods="0"/>
      <file name="index.ts" path="/Users/lzy/pro/solo/workspaces/zy70106/src/routes/index.ts">
        <metrics statements="130" coveredstatements="0" conditionals="1" coveredconditionals="0" methods="21" coveredmethods="0"/>
        <line num="1" count="0" type="stmt"/>
        <line num="2" count="0" type="stmt"/>
        <line num="3" count="0" type="stmt"/>
        <line num="4" count="0" type="stmt"/>
        <line num="5" count="0" type="stmt"/>
        <line num="7" count="0" type="stmt"/>
        <line num="8" count="0" type="stmt"/>
        <line num="9" count="0" type="stmt"/>
        <line num="10" count="0" type="stmt"/>
        <line num="11" count="0" type="stmt"/>
        <line num="13" count="0" type="stmt"/>
        <line num="14" count="0" type="stmt"/>
        <line num="15" count="0" type="stmt"/>
        <line num="16" count="0" type="stmt"/>
        <line num="18" count="0" type="stmt"/>
        <line num="22" count="0" type="stmt"/>
        <line num="23" count="0" type="stmt"/>
        <line num="24" count="0" type="stmt"/>
        <line num="28" count="0" type="stmt"/>
        <line num="29" count="0" type="stmt"/>
        <line num="31" count="0" type="stmt"/>
        <line num="35" count="0" type="stmt"/>
        <line num="36" count="0" type="stmt"/>
        <line num="37" count="0" type="stmt"/>
        <line num="38" count="0" type="stmt"/>
        <line num="40" count="0" type="stmt"/>
        <line num="44" count="0" type="stmt"/>
        <line num="45" count="0" type="stmt"/>
        <line num="46" count="0" type="stmt"/>
        <line num="51" count="0" type="stmt"/>
        <line num="52" count="0" type="stmt"/>
        <line num="54" count="0" type="stmt"/>
        <line num="58" count="0" type="stmt"/>
        <line num="59" count="0" type="stmt"/>
        <line num="60" count="0" type="stmt"/>
        <line num="64" count="0" type="stmt"/>
        <line num="65" count="0" type="stmt"/>
        <line num="67" count="0" type="stmt"/>
        <line num="71" count="0" type="stmt"/>
        <line num="72" count="0" type="stmt"/>
        <line num="73" count="0" type="stmt"/>
        <line num="74" count="0" type="stmt"/>
        <line num="75" count="0" type="stmt"/>
        <line num="77" count="0" type="stmt"/>
        <line num="81" count="0" type="stmt"/>
        <line num="82" count="0" type="stmt"/>
        <line num="83" count="0" type="stmt"/>
        <line num="84" count="0" type="stmt"/>
        <line num="85" count="0" type="stmt"/>
        <line num="87" count="0" type="stmt"/>
        <line num="91" count="0" type="stmt"/>
        <line num="92" count="0" type="stmt"/>
        <line num="93" count="0" type="stmt"/>
        <line num="94" count="0" type="stmt"/>
        <line num="96" count="0" type="stmt"/>
        <line num="100" count="0" type="stmt"/>
        <line num="101" count="0" type="stmt"/>
        <line num="102" count="0" type="stmt"/>
        <line num="103" count="0" type="cond" truecount="0" falsecount="1"/>
        <line num="104" count="0" type="stmt"/>
        <line num="105" count="0" type="stmt"/>
        <line num="107" count="0" type="stmt"/>
        <line num="109" count="0" type="stmt"/>
        <line num="113" count="0" type="stmt"/>
        <line num="114" count="0" type="stmt"/>
        <line num="115" count="0" type="stmt"/>
        <line num="119" count="0" type="stmt"/>
        <line num="120" count="0" type="stmt"/>
        <line num="122" count="0" type="stmt"/>
        <line num="126" count="0" type="stmt"/>
        <line num="127" count="0" type="stmt"/>
        <line num="128" count="0" type="stmt"/>
        <line num="129" count="0" type="stmt"/>
        <line num="134" count="0" type="stmt"/>
        <line num="136" count="0" type="stmt"/>
        <line num="140" count="0" type="stmt"/>
        <line num="141" count="0" type="stmt"/>
        <line num="142" count="0" type="stmt"/>
        <line num="143" count="0" type="stmt"/>
        <line num="148" count="0" type="stmt"/>
        <line num="150" count="0" type="stmt"/>
        <line num="154" count="0" type="stmt"/>
        <line num="155" count="0" type="stmt"/>
        <line num="156" count="0" type="stmt"/>
        <line num="157" count="0" type="stmt"/>
        <line num="159" count="0" type="stmt"/>
        <line num="163" count="0" type="stmt"/>
        <line num="164" count="0" type="stmt"/>
        <line num="165" count="0" type="stmt"/>
        <line num="166" count="0" type="stmt"/>
        <line num="168" count="0" type="stmt"/>
        <line num="172" count="0" type="stmt"/>
        <line num="173" count="0" type="stmt"/>
        <line num="174" count="0" type="stmt"/>
        <line num="175" count="0" type="stmt"/>
        <line num="177" count="0" type="stmt"/>
        <line num="181" count="0" type="stmt"/>
        <line num="182" count="0" type="stmt"/>
        <line num="183" count="0" type="stmt"/>
        <line num="188" count="0" type="stmt"/>
        <line num="189" count="0" type="stmt"/>
        <line num="191" count="0" type="stmt"/>
        <line num="195" count="0" type="stmt"/>
        <line num="196" count="0" type="stmt"/>
        <line num="197" count="0" type="stmt"/>
        <line num="198" count="0" type="stmt"/>
        <line num="200" count="0" type="stmt"/>
        <line num="204" count="0" type="stmt"/>
        <line num="205" count="0" type="stmt"/>
        <line num="206" count="0" type="stmt"/>
        <line num="207" count="0" type="stmt"/>
        <line num="208" count="0" type="stmt"/>
        <line num="210" count="0" type="stmt"/>
        <line num="214" count="0" type="stmt"/>
        <line num="215" count="0" type="stmt"/>
        <line num="216" count="0" type="stmt"/>
        <line num="217" count="0" type="stmt"/>
        <line num="218" count="0" type="stmt"/>
        <line num="220" count="0" type="stmt"/>
        <line num="224" count="0" type="stmt"/>
        <line num="225" count="0" type="stmt"/>
        <line num="226" count="0" type="stmt"/>
        <line num="227" count="0" type="stmt"/>
        <line num="229" count="0" type="stmt"/>
        <line num="233" count="0" type="stmt"/>
        <line num="234" count="0" type="stmt"/>
        <line num="235" count="0" type="stmt"/>
        <line num="236" count="0" type="stmt"/>
        <line num="238" count="0" type="stmt"/>
        <line num="242" count="0" type="stmt"/>
      </file>
    </package>
    <package name="src.services">
      <metrics statements="349" coveredstatements="252" conditionals="153" coveredconditionals="53" methods="63" coveredmethods="34"/>
      <file name="ReportService.ts" path="/Users/lzy/pro/solo/workspaces/zy70106/src/services/ReportService.ts">
        <metrics statements="74" coveredstatements="53" conditionals="30" coveredconditionals="8" methods="20" coveredmethods="7"/>
        <line num="1" count="3" type="stmt"/>
        <line num="2" count="3" type="stmt"/>
        <line num="3" count="3" type="stmt"/>
        <line num="4" count="3" type="stmt"/>
        <line num="5" count="3" type="stmt"/>
        <line num="6" count="3" type="stmt"/>
        <line num="7" count="3" type="stmt"/>
        <line num="9" count="3" type="stmt"/>
        <line num="17" count="3" type="cond" truecount="1" falsecount="1"/>
        <line num="18" count="3" type="stmt"/>
        <line num="19" count="3" type="stmt"/>
        <line num="20" count="3" type="stmt"/>
        <line num="21" count="3" type="stmt"/>
        <line num="30" count="5" type="cond" truecount="0" falsecount="1"/>
        <line num="31" count="5" type="cond" truecount="0" falsecount="1"/>
        <line num="32" count="5" type="cond" truecount="1" falsecount="0"/>
        <line num="33" count="1" type="stmt"/>
        <line num="35" count="4" type="cond" truecount="3" falsecount="0"/>
        <line num="36" count="1" type="stmt"/>
        <line num="38" count="3" type="cond" truecount="0" falsecount="1"/>
        <line num="40" count="3" type="stmt"/>
        <line num="43" count="3" type="cond" truecount="0" falsecount="1"/>
        <line num="44" count="0" type="stmt"/>
        <line num="47" count="3" type="stmt"/>
        <line num="54" count="3" type="stmt"/>
        <line num="61" count="3" type="stmt"/>
        <line num="63" count="3" type="stmt"/>
        <line num="64" count="3" type="stmt"/>
        <line num="66" count="3" type="stmt"/>
        <line num="67" count="0" type="cond" truecount="0" falsecount="2"/>
        <line num="68" count="0" type="stmt"/>
        <line num="70" count="3" type="stmt"/>
        <line num="71" count="3" type="stmt"/>
        <line num="73" count="0" type="cond" truecount="0" falsecount="3"/>
        <line num="76" count="3" type="stmt"/>
        <line num="77" count="0" type="stmt"/>
        <line num="81" count="3" type="stmt"/>
        <line num="93" count="3" type="stmt"/>
        <line num="94" count="3" type="stmt"/>
        <line num="108" count="3" type="stmt"/>
        <line num="112" count="2" type="stmt"/>
        <line num="113" count="2" type="cond" truecount="0" falsecount="1"/>
        <line num="114" count="2" type="cond" truecount="1" falsecount="0"/>
        <line num="115" count="1" type="stmt"/>
        <line num="118" count="1" type="stmt"/>
        <line num="119" count="1" type="stmt"/>
        <line num="123" count="1" type="cond" truecount="0" falsecount="1"/>
        <line num="125" count="1" type="stmt"/>
        <line num="126" count="1" type="cond" truecount="0" falsecount="1"/>
        <line num="127" count="1" type="cond" truecount="1" falsecount="0"/>
        <line num="128" count="1" type="stmt"/>
        <line num="131" count="0" type="stmt"/>
        <line num="132" count="0" type="stmt"/>
        <line num="133" count="0" type="stmt"/>
        <line num="134" count="0" type="stmt"/>
        <line num="138" count="0" type="cond" truecount="0" falsecount="3"/>
        <line num="139" count="0" type="stmt"/>
        <line num="142" count="0" type="stmt"/>
        <line num="143" count="0" type="cond" truecount="0" falsecount="1"/>
        <line num="144" count="0" type="cond" truecount="0" falsecount="1"/>
        <line num="145" count="0" type="stmt"/>
        <line num="148" count="0" type="stmt"/>
        <line num="149" count="0" type="stmt"/>
        <line num="159" count="0" type="stmt"/>
        <line num="160" count="0" type="cond" truecount="0" falsecount="1"/>
        <line num="162" count="0" type="stmt"/>
        <line num="182" count="3" type="cond" truecount="1" falsecount="1"/>
        <line num="183" count="3" type="stmt"/>
        <line num="184" count="3" type="stmt"/>
        <line num="185" count="3" type="cond" truecount="0" falsecount="2"/>
        <line num="187" count="3" type="stmt"/>
        <line num="214" count="3" type="stmt"/>
        <line num="217" count="0" type="stmt"/>
        <line num="220" count="3" type="stmt"/>
      </file>
      <file name="SupplementaryService.ts" path="/Users/lzy/pro/solo/workspaces/zy70106/src/services/SupplementaryService.ts">
        <metrics statements="62" coveredstatements="40" conditionals="25" coveredconditionals="8" methods="7" coveredmethods="4"/>
        <line num="1" count="3" type="stmt"/>
        <line num="2" count="3" type="stmt"/>
        <line num="3" count="3" type="stmt"/>
        <line num="4" count="3" type="stmt"/>
        <line num="7" count="3" type="stmt"/>
        <line num="13" count="3" type="cond" truecount="1" falsecount="1"/>
        <line num="14" count="3" type="stmt"/>
        <line num="15" count="3" type="stmt"/>
        <line num="24" count="3" type="cond" truecount="0" falsecount="1"/>
        <line num="25" count="3" type="cond" truecount="2" falsecount="1"/>
        <line num="26" count="0" type="stmt"/>
        <line num="28" count="3" type="cond" truecount="0" falsecount="1"/>
        <line num="30" count="3" type="stmt"/>
        <line num="33" count="3" type="cond" truecount="0" falsecount="1"/>
        <line num="35" count="3" type="cond" truecount="3" falsecount="0"/>
        <line num="36" count="1" type="stmt"/>
        <line num="39" count="2" type="stmt"/>
        <line num="45" count="2" type="cond" truecount="0" falsecount="1"/>
        <line num="46" count="0" type="stmt"/>
        <line num="49" count="2" type="stmt"/>
        <line num="55" count="2" type="stmt"/>
        <line num="56" count="2" type="stmt"/>
        <line num="58" count="2" type="stmt"/>
        <line num="66" count="4" type="cond" truecount="0" falsecount="1"/>
        <line num="67" count="4" type="cond" truecount="0" falsecount="1"/>
        <line num="69" count="4" type="stmt"/>
        <line num="73" count="4" type="cond" truecount="1" falsecount="0"/>
        <line num="74" count="3" type="cond" truecount="1" falsecount="0"/>
        <line num="75" count="1" type="stmt"/>
        <line num="78" count="2" type="stmt"/>
        <line num="79" count="2" type="cond" truecount="0" falsecount="1"/>
        <line num="81" count="2" type="stmt"/>
        <line num="82" count="2" type="stmt"/>
        <line num="83" count="2" type="stmt"/>
        <line num="84" count="2" type="stmt"/>
        <line num="85" count="2" type="stmt"/>
        <line num="86" count="2" type="stmt"/>
        <line num="88" count="2" type="stmt"/>
        <line num="89" count="2" type="stmt"/>
        <line num="90" count="2" type="stmt"/>
        <line num="91" count="2" type="stmt"/>
        <line num="94" count="2" type="stmt"/>
        <line num="102" count="0" type="cond" truecount="0" falsecount="1"/>
        <line num="103" count="0" type="cond" truecount="0" falsecount="1"/>
        <line num="104" count="0" type="cond" truecount="0" falsecount="3"/>
        <line num="105" count="0" type="stmt"/>
        <line num="108" count="0" type="stmt"/>
        <line num="112" count="0" type="cond" truecount="0" falsecount="1"/>
        <line num="113" count="0" type="cond" truecount="0" falsecount="1"/>
        <line num="114" count="0" type="stmt"/>
        <line num="117" count="0" type="stmt"/>
        <line num="118" count="0" type="cond" truecount="0" falsecount="1"/>
        <line num="120" count="0" type="stmt"/>
        <line num="121" count="0" type="stmt"/>
        <line num="122" count="0" type="stmt"/>
        <line num="123" count="0" type="stmt"/>
        <line num="124" count="0" type="stmt"/>
        <line num="125" count="0" type="stmt"/>
        <line num="127" count="0" type="stmt"/>
        <line num="128" count="0" type="stmt"/>
        <line num="131" count="0" type="stmt"/>
        <line num="135" count="0" type="stmt"/>
      </file>
      <file name="TraceabilityService.ts" path="/Users/lzy/pro/solo/workspaces/zy70106/src/services/TraceabilityService.ts">
        <metrics statements="60" coveredstatements="41" conditionals="26" coveredconditionals="7" methods="15" coveredmethods="10"/>
        <line num="1" count="2" type="stmt"/>
        <line num="2" count="2" type="stmt"/>
        <line num="3" count="2" type="stmt"/>
        <line num="4" count="2" type="stmt"/>
        <line num="5" count="2" type="stmt"/>
        <line num="6" count="2" type="stmt"/>
        <line num="7" count="2" type="stmt"/>
        <line num="9" count="2" type="stmt"/>
        <line num="18" count="2" type="cond" truecount="1" falsecount="1"/>
        <line num="19" count="2" type="stmt"/>
        <line num="20" count="2" type="stmt"/>
        <line num="21" count="2" type="stmt"/>
        <line num="22" count="2" type="stmt"/>
        <line num="23" count="2" type="stmt"/>
        <line num="40" count="2" type="stmt"/>
        <line num="44" count="2" type="cond" truecount="1" falsecount="0"/>
        <line num="46" count="1" type="stmt"/>
        <line num="47" count="1" type="cond" truecount="0" falsecount="1"/>
        <line num="49" count="1" type="stmt"/>
        <line num="50" count="1" type="cond" truecount="0" falsecount="1"/>
        <line num="52" count="1" type="stmt"/>
        <line num="58" count="1" type="stmt"/>
        <line num="59" count="1" type="stmt"/>
        <line num="63" count="1" type="stmt"/>
        <line num="64" count="1" type="stmt"/>
        <line num="65" count="1" type="stmt"/>
        <line num="66" count="1" type="stmt"/>
        <line num="67" count="1" type="stmt"/>
        <line num="68" count="1" type="cond" truecount="2" falsecount="0"/>
        <line num="69" count="0" type="stmt"/>
        <line num="70" count="1" type="cond" truecount="1" falsecount="1"/>
        <line num="72" count="1" type="stmt"/>
        <line num="78" count="1" type="stmt"/>
        <line num="105" count="0" type="stmt"/>
        <line num="108" count="0" type="cond" truecount="0" falsecount="1"/>
        <line num="110" count="0" type="stmt"/>
        <line num="116" count="0" type="stmt"/>
        <line num="123" count="0" type="cond" truecount="0" falsecount="2"/>
        <line num="124" count="0" type="stmt"/>
        <line num="126" count="0" type="stmt"/>
        <line num="148" count="0" type="stmt"/>
        <line num="151" count="0" type="cond" truecount="0" falsecount="1"/>
        <line num="158" count="0" type="stmt"/>
        <line num="160" count="0" type="stmt"/>
        <line num="166" count="0" type="cond" truecount="0" falsecount="2"/>
        <line num="167" count="0" type="stmt"/>
        <line num="172" count="0" type="cond" truecount="0" falsecount="2"/>
        <line num="173" count="0" type="stmt"/>
        <line num="179" count="0" type="cond" truecount="0" falsecount="1"/>
        <line num="180" count="0" type="stmt"/>
        <line num="187" count="0" type="stmt"/>
        <line num="198" count="1" type="cond" truecount="0" falsecount="1"/>
        <line num="199" count="1" type="cond" truecount="0" falsecount="1"/>
        <line num="201" count="1" type="stmt"/>
        <line num="202" count="1" type="stmt"/>
        <line num="204" count="1" type="cond" truecount="0" falsecount="1"/>
        <line num="206" count="1" type="stmt"/>
        <line num="207" count="1" type="cond" truecount="2" falsecount="0"/>
        <line num="209" count="1" type="cond" truecount="0" falsecount="1"/>
        <line num="211" count="1" type="stmt"/>
      </file>
      <file name="VaccinationService.ts" path="/Users/lzy/pro/solo/workspaces/zy70106/src/services/VaccinationService.ts">
        <metrics statements="153" coveredstatements="118" conditionals="72" coveredconditionals="30" methods="21" coveredmethods="13"/>
        <line num="1" count="3" type="stmt"/>
        <line num="2" count="3" type="stmt"/>
        <line num="3" count="3" type="stmt"/>
        <line num="4" count="3" type="stmt"/>
        <line num="5" count="3" type="stmt"/>
        <line num="6" count="3" type="stmt"/>
        <line num="7" count="3" type="stmt"/>
        <line num="8" count="3" type="stmt"/>
        <line num="10" count="3" type="stmt"/>
        <line num="19" count="3" type="cond" truecount="1" falsecount="1"/>
        <line num="20" count="3" type="stmt"/>
        <line num="21" count="3" type="stmt"/>
        <line num="22" count="3" type="stmt"/>
        <line num="23" count="3" type="stmt"/>
        <line num="24" count="3" type="stmt"/>
        <line num="28" count="22" type="cond" truecount="1" falsecount="0"/>
        <line num="29" count="21" type="cond" truecount="0" falsecount="1"/>
        <line num="30" count="21" type="cond" truecount="1" falsecount="0"/>
        <line num="32" count="20" type="stmt"/>
        <line num="36" count="20" type="stmt"/>
        <line num="47" count="18" type="stmt"/>
        <line num="48" count="18" type="cond" truecount="1" falsecount="0"/>
        <line num="49" count="17" type="cond" truecount="1" falsecount="0"/>
        <line num="50" count="16" type="cond" truecount="0" falsecount="1"/>
        <line num="51" count="16" type="cond" truecount="0" falsecount="1"/>
        <line num="52" count="16" type="cond" truecount="0" falsecount="1"/>
        <line num="53" count="16" type="cond" truecount="1" falsecount="0"/>
        <line num="54" count="1" type="stmt"/>
        <line num="57" count="15" type="stmt"/>
        <line num="62" count="15" type="stmt"/>
        <line num="71" count="15" type="cond" truecount="0" falsecount="1"/>
        <line num="72" count="15" type="cond" truecount="0" falsecount="1"/>
        <line num="73" count="15" type="cond" truecount="0" falsecount="1"/>
        <line num="75" count="15" type="stmt"/>
        <line num="78" count="15" type="cond" truecount="1" falsecount="0"/>
        <line num="80" count="14" type="stmt"/>
        <line num="85" count="14" type="stmt"/>
        <line num="97" count="16" type="stmt"/>
        <line num="98" count="16" type="cond" truecount="0" falsecount="1"/>
        <line num="99" count="16" type="cond" truecount="2" falsecount="1"/>
        <line num="100" count="0" type="stmt"/>
        <line num="102" count="16" type="cond" truecount="0" falsecount="1"/>
        <line num="103" count="16" type="cond" truecount="0" falsecount="1"/>
        <line num="104" count="16" type="cond" truecount="0" falsecount="1"/>
        <line num="105" count="16" type="cond" truecount="1" falsecount="0"/>
        <line num="106" count="1" type="stmt"/>
        <line num="109" count="15" type="stmt"/>
        <line num="112" count="15" type="cond" truecount="1" falsecount="0"/>
        <line num="114" count="14" type="stmt"/>
        <line num="120" count="14" type="stmt"/>
        <line num="133" count="13" type="stmt"/>
        <line num="134" count="13" type="cond" truecount="0" falsecount="1"/>
        <line num="135" count="13" type="cond" truecount="0" falsecount="1"/>
        <line num="137" count="13" type="stmt"/>
        <line num="138" count="13" type="cond" truecount="0" falsecount="1"/>
        <line num="139" count="13" type="cond" truecount="2" falsecount="1"/>
        <line num="140" count="0" type="stmt"/>
        <line num="142" count="13" type="cond" truecount="0" falsecount="1"/>
        <line num="143" count="0" type="stmt"/>
        <line num="146" count="13" type="stmt"/>
        <line num="147" count="13" type="cond" truecount="1" falsecount="0"/>
        <line num="148" count="12" type="cond" truecount="0" falsecount="1"/>
        <line num="150" count="12" type="stmt"/>
        <line num="151" count="12" type="cond" truecount="0" falsecount="1"/>
        <line num="152" count="12" type="cond" truecount="0" falsecount="1"/>
        <line num="153" count="0" type="stmt"/>
        <line num="155" count="12" type="cond" truecount="0" falsecount="1"/>
        <line num="156" count="0" type="stmt"/>
        <line num="158" count="12" type="cond" truecount="1" falsecount="0"/>
        <line num="159" count="1" type="stmt"/>
        <line num="161" count="11" type="cond" truecount="1" falsecount="0"/>
        <line num="162" count="1" type="stmt"/>
        <line num="164" count="10" type="cond" truecount="0" falsecount="1"/>
        <line num="166" count="10" type="stmt"/>
        <line num="167" count="10" type="cond" truecount="0" falsecount="1"/>
        <line num="168" count="0" type="stmt"/>
        <line num="171" count="0" type="stmt"/>
        <line num="172" count="0" type="cond" truecount="0" falsecount="1"/>
        <line num="173" count="0" type="stmt"/>
        <line num="177" count="10" type="stmt"/>
        <line num="178" count="10" type="stmt"/>
        <line num="183" count="10" type="stmt"/>
        <line num="185" count="10" type="stmt"/>
        <line num="186" count="10" type="cond" truecount="1" falsecount="1"/>
        <line num="187" count="10" type="cond" truecount="1" falsecount="0"/>
        <line num="188" count="10" type="stmt"/>
        <line num="190" count="10" type="stmt"/>
        <line num="192" count="10" type="cond" truecount="1" falsecount="0"/>
        <line num="193" count="10" type="stmt"/>
        <line num="194" count="10" type="stmt"/>
        <line num="198" count="10" type="stmt"/>
        <line num="205" count="7" type="stmt"/>
        <line num="206" count="7" type="cond" truecount="0" falsecount="1"/>
        <line num="207" count="7" type="cond" truecount="1" falsecount="0"/>
        <line num="208" count="1" type="stmt"/>
        <line num="210" count="6" type="cond" truecount="1" falsecount="0"/>
        <line num="211" count="1" type="stmt"/>
        <line num="214" count="5" type="stmt"/>
        <line num="215" count="5" type="stmt"/>
        <line num="217" count="5" type="stmt"/>
        <line num="218" count="5" type="stmt"/>
        <line num="220" count="5" type="stmt"/>
        <line num="224" count="5" type="cond" truecount="3" falsecount="0"/>
        <line num="225" count="1" type="stmt"/>
        <line num="228" count="4" type="stmt"/>
        <line num="229" count="4" type="cond" truecount="0" falsecount="1"/>
        <line num="230" count="4" type="cond" truecount="3" falsecount="0"/>
        <line num="231" count="1" type="stmt"/>
        <line num="234" count="3" type="stmt"/>
        <line num="235" count="3" type="stmt"/>
        <line num="236" count="3" type="stmt"/>
        <line num="244" count="1" type="stmt"/>
        <line num="245" count="1" type="cond" truecount="1" falsecount="0"/>
        <line num="247" count="0" type="stmt"/>
        <line num="248" count="0" type="stmt"/>
        <line num="250" count="0" type="stmt"/>
        <line num="251" count="0" type="stmt"/>
        <line num="252" count="0" type="cond" truecount="0" falsecount="2"/>
        <line num="253" count="0" type="stmt"/>
        <line num="254" count="0" type="stmt"/>
        <line num="256" count="0" type="stmt"/>
        <line num="260" count="0" type="stmt"/>
        <line num="273" count="0" type="stmt"/>
        <line num="274" count="0" type="cond" truecount="0" falsecount="1"/>
        <line num="276" count="0" type="stmt"/>
        <line num="281" count="0" type="stmt"/>
        <line num="282" count="0" type="stmt"/>
        <line num="283" count="0" type="stmt"/>
        <line num="285" count="0" type="stmt"/>
        <line num="294" count="5" type="stmt"/>
        <line num="295" count="5" type="cond" truecount="0" falsecount="1"/>
        <line num="297" count="5" type="stmt"/>
        <line num="301" count="5" type="stmt"/>
        <line num="303" count="5" type="cond" truecount="1" falsecount="0"/>
        <line num="304" count="5" type="stmt"/>
        <line num="305" count="5" type="stmt"/>
        <line num="306" count="5" type="stmt"/>
        <line num="311" count="5" type="stmt"/>
        <line num="312" count="5" type="cond" truecount="0" falsecount="1"/>
        <line num="314" count="5" type="stmt"/>
        <line num="319" count="5" type="cond" truecount="1" falsecount="0"/>
        <line num="320" count="5" type="stmt"/>
        <line num="321" count="5" type="stmt"/>
        <line num="326" count="0" type="stmt"/>
        <line num="330" count="0" type="cond" truecount="0" falsecount="1"/>
        <line num="332" count="0" type="cond" truecount="0" falsecount="1"/>
        <line num="333" count="0" type="cond" truecount="0" falsecount="1"/>
        <line num="335" count="0" type="cond" truecount="0" falsecount="2"/>
        <line num="336" count="0" type="stmt"/>
        <line num="337" count="0" type="stmt"/>
        <line num="339" count="0" type="cond" truecount="0" falsecount="1"/>
        <line num="340" count="0" type="cond" truecount="0" falsecount="1"/>
        <line num="342" count="0" type="stmt"/>
      </file>
    </package>
  </project>
</coverage>
