{"/Users/lzy/pro/solo/workspaces/zy70106/src/server.ts": {"path":"/Users/lzy/pro/solo/workspaces/zy70106/src/server.ts","statementMap":{"0":{"start":{"line":1,"column":0},"end":{"line":1,"column":26}},"1":{"start":{"line":2,"column":0},"end":{"line":2,"column":30}},"2":{"start":{"line":3,"column":0},"end":{"line":3,"column":50}},"3":{"start":{"line":4,"column":0},"end":{"line":4,"column":30}},"4":{"start":{"line":6,"column":12},"end":{"line":6,"column":21}},"5":{"start":{"line":7,"column":13},"end":{"line":7,"column":37}},"6":{"start":{"line":9,"column":0},"end":{"line":9,"column":24}},"7":{"start":{"line":10,"column":0},"end":{"line":10,"column":24}},"8":{"start":{"line":12,"column":0},"end":{"line":21,"column":5}},"9":{"start":{"line":14,"column":4},"end":{"line":14,"column":27}},"10":{"start":{"line":15,"column":4},"end":{"line":17,"column":7}},"11":{"start":{"line":16,"column":6},"end":{"line":16,"column":53}},"12":{"start":{"line":20,"column":4},"end":{"line":20,"column":37}},"13":{"start":{"line":23,"column":0},"end":{"line":23,"column":19}}},"fnMap":{"0":{"name":"(anonymous_1)","decl":{"start":{"line":13,"column":8},"end":{"line":13,"column":11}},"loc":{"start":{"line":13,"column":13},"end":{"line":18,"column":3}}},"1":{"name":"(anonymous_2)","decl":{"start":{"line":15,"column":21},"end":{"line":15,"column":24}},"loc":{"start":{"line":15,"column":26},"end":{"line":17,"column":5}}},"2":{"name":"(anonymous_3)","decl":{"start":{"line":19,"column":9},"end":{"line":19,"column":10}},"loc":{"start":{"line":19,"column":19},"end":{"line":21,"column":3}}}},"branchMap":{"0":{"loc":{"start":{"line":7,"column":13},"end":{"line":7,"column":37}},"type":"binary-expr","locations":[{"start":{"line":7,"column":13},"end":{"line":7,"column":29}},{"start":{"line":7,"column":33},"end":{"line":7,"column":37}}]}},"s":{"0":0,"1":0,"2":0,"3":0,"4":0,"5":0,"6":0,"7":0,"8":0,"9":0,"10":0,"11":0,"12":0,"13":0},"f":{"0":0,"1":0,"2":0},"b":{"0":[0,0]}}
,"/Users/lzy/pro/solo/workspaces/zy70106/src/config/database.ts": {"path":"/Users/lzy/pro/solo/workspaces/zy70106/src/config/database.ts","statementMap":{"0":{"start":{"line":1,"column":0},"end":{"line":1,"column":26}},"1":{"start":{"line":2,"column":0},"end":{"line":2,"column":37}},"2":{"start":{"line":3,"column":0},"end":{"line":3,"column":24}},"3":{"start":{"line":4,"column":0},"end":{"line":4,"column":38}},"4":{"start":{"line":5,"column":0},"end":{"line":5,"column":62}},"5":{"start":{"line":6,"column":0},"end":{"line":6,"column":56}},"6":{"start":{"line":7,"column":0},"end":{"line":7,"column":42}},"7":{"start":{"line":8,"column":0},"end":{"line":8,"column":66}},"8":{"start":{"line":9,"column":0},"end":{"line":9,"column":70}},"9":{"start":{"line":10,"column":0},"end":{"line":10,"column":64}},"10":{"start":{"line":12,"column":13},"end":{"line":28,"column":3}}},"fnMap":{},"branchMap":{"0":{"loc":{"start":{"line":14,"column":12},"end":{"line":14,"column":79}},"type":"binary-expr","locations":[{"start":{"line":14,"column":12},"end":{"line":14,"column":31}},{"start":{"line":14,"column":35},"end":{"line":14,"column":79}}]}},"s":{"0":3,"1":3,"2":3,"3":3,"4":3,"5":3,"6":3,"7":3,"8":3,"9":3,"10":3},"f":{},"b":{"0":[3,3]}}
,"/Users/lzy/pro/solo/workspaces/zy70106/src/config/test-database.ts": {"path":"/Users/lzy/pro/solo/workspaces/zy70106/src/config/test-database.ts","statementMap":{"0":{"start":{"line":1,"column":0},"end":{"line":1,"column":26}},"1":{"start":{"line":2,"column":0},"end":{"line":2,"column":37}},"2":{"start":{"line":3,"column":0},"end":{"line":3,"column":38}},"3":{"start":{"line":4,"column":0},"end":{"line":4,"column":62}},"4":{"start":{"line":5,"column":0},"end":{"line":5,"column":56}},"5":{"start":{"line":6,"column":0},"end":{"line":6,"column":42}},"6":{"start":{"line":7,"column":0},"end":{"line":7,"column":66}},"7":{"start":{"line":8,"column":0},"end":{"line":8,"column":70}},"8":{"start":{"line":9,"column":0},"end":{"line":9,"column":64}},"9":{"start":{"line":11,"column":13},"end":{"line":27,"column":3}}},"fnMap":{},"branchMap":{},"s":{"0":3,"1":3,"2":3,"3":3,"4":3,"5":3,"6":3,"7":3,"8":3,"9":3},"f":{},"b":{}}
,"/Users/lzy/pro/solo/workspaces/zy70106/src/entities/Batch.ts": {"path":"/Users/lzy/pro/solo/workspaces/zy70106/src/entities/Batch.ts","statementMap":{"0":{"start":{"line":1,"column":0},"end":{"line":1,"column":126}},"1":{"start":{"line":2,"column":0},"end":{"line":2,"column":52}},"2":{"start":{"line":3,"column":0},"end":{"line":3,"column":56}},"3":{"start":{"line":8,"column":7},"end":{"line":51,"column":null}},"4":{"start":{"line":8,"column":13},"end":{"line":8,"column":18}},"5":{"start":{"line":10,"column":2},"end":{"line":10,"column":null}},"6":{"start":{"line":13,"column":2},"end":{"line":13,"column":null}},"7":{"start":{"line":16,"column":2},"end":{"line":16,"column":null}},"8":{"start":{"line":19,"column":2},"end":{"line":19,"column":null}},"9":{"start":{"line":22,"column":2},"end":{"line":22,"column":null}},"10":{"start":{"line":25,"column":2},"end":{"line":25,"column":null}},"11":{"start":{"line":28,"column":2},"end":{"line":28,"column":null}},"12":{"start":{"line":31,"column":2},"end":{"line":31,"column":null}},"13":{"start":{"line":34,"column":2},"end":{"line":34,"column":null}},"14":{"start":{"line":37,"column":2},"end":{"line":37,"column":null}},"15":{"start":{"line":41,"column":2},"end":{"line":41,"column":null}},"16":{"start":{"line":39,"column":19},"end":{"line":39,"column":34}},"17":{"start":{"line":39,"column":46},"end":{"line":39,"column":58}},"18":{"start":{"line":44,"column":2},"end":{"line":44,"column":null}},"19":{"start":{"line":43,"column":19},"end":{"line":43,"column":36}},"20":{"start":{"line":43,"column":50},"end":{"line":43,"column":62}},"21":{"start":{"line":47,"column":2},"end":{"line":47,"column":null}},"22":{"start":{"line":50,"column":2},"end":{"line":50,"column":null}},"23":{"start":{"line":8,"column":13},"end":{"line":51,"column":null}}},"fnMap":{"0":{"name":"(anonymous_2)","decl":{"start":{"line":39,"column":13},"end":{"line":39,"column":16}},"loc":{"start":{"line":39,"column":19},"end":{"line":39,"column":34}}},"1":{"name":"(anonymous_3)","decl":{"start":{"line":39,"column":36},"end":{"line":39,"column":37}},"loc":{"start":{"line":39,"column":46},"end":{"line":39,"column":58}}},"2":{"name":"(anonymous_4)","decl":{"start":{"line":43,"column":13},"end":{"line":43,"column":16}},"loc":{"start":{"line":43,"column":19},"end":{"line":43,"column":36}}},"3":{"name":"(anonymous_5)","decl":{"start":{"line":43,"column":38},"end":{"line":43,"column":39}},"loc":{"start":{"line":43,"column":50},"end":{"line":43,"column":62}}}},"branchMap":{"0":{"loc":{"start":{"line":22,"column":18},"end":{"line":22,"column":23}},"type":"cond-expr","locations":[{"start":{"line":22,"column":22},"end":{"line":22,"column":23}},{"start":{"line":22,"column":22},"end":{"line":22,"column":23}}]},"1":{"loc":{"start":{"line":22,"column":18},"end":{"line":22,"column":22}},"type":"binary-expr","locations":[{"start":{"line":22,"column":18},"end":{"line":22,"column":23}},{"start":{"line":22,"column":18},"end":{"line":22,"column":22}}]},"2":{"loc":{"start":{"line":25,"column":14},"end":{"line":25,"column":19}},"type":"cond-expr","locations":[{"start":{"line":25,"column":18},"end":{"line":25,"column":19}},{"start":{"line":25,"column":18},"end":{"line":25,"column":19}}]},"3":{"loc":{"start":{"line":25,"column":14},"end":{"line":25,"column":18}},"type":"binary-expr","locations":[{"start":{"line":25,"column":14},"end":{"line":25,"column":19}},{"start":{"line":25,"column":14},"end":{"line":25,"column":18}}]},"4":{"loc":{"start":{"line":41,"column":8},"end":{"line":41,"column":24}},"type":"cond-expr","locations":[{"start":{"line":41,"column":23},"end":{"line":41,"column":24}},{"start":{"line":41,"column":23},"end":{"line":41,"column":24}}]},"5":{"loc":{"start":{"line":41,"column":8},"end":{"line":41,"column":23}},"type":"binary-expr","locations":[{"start":{"line":41,"column":8},"end":{"line":41,"column":24}},{"start":{"line":41,"column":8},"end":{"line":41,"column":23}}]},"6":{"loc":{"start":{"line":47,"column":13},"end":{"line":47,"column":18}},"type":"cond-expr","locations":[{"start":{"line":47,"column":17},"end":{"line":47,"column":18}},{"start":{"line":47,"column":17},"end":{"line":47,"column":18}}]},"7":{"loc":{"start":{"line":47,"column":13},"end":{"line":47,"column":17}},"type":"binary-expr","locations":[{"start":{"line":47,"column":13},"end":{"line":47,"column":18}},{"start":{"line":47,"column":13},"end":{"line":47,"column":17}}]},"8":{"loc":{"start":{"line":50,"column":13},"end":{"line":50,"column":18}},"type":"cond-expr","locations":[{"start":{"line":50,"column":17},"end":{"line":50,"column":18}},{"start":{"line":50,"column":17},"end":{"line":50,"column":18}}]},"9":{"loc":{"start":{"line":50,"column":13},"end":{"line":50,"column":17}},"type":"binary-expr","locations":[{"start":{"line":50,"column":13},"end":{"line":50,"column":18}},{"start":{"line":50,"column":13},"end":{"line":50,"column":17}}]}},"s":{"0":3,"1":3,"2":3,"3":3,"4":3,"5":3,"6":3,"7":3,"8":3,"9":3,"10":3,"11":3,"12":3,"13":3,"14":3,"15":3,"16":3,"17":3,"18":3,"19":3,"20":3,"21":3,"22":3,"23":3},"f":{"0":3,"1":3,"2":3,"3":3},"b":{"0":[3,0],"1":[3,3],"2":[3,0],"3":[3,3],"4":[0,3],"5":[3,0],"6":[3,0],"7":[3,3],"8":[3,0],"9":[3,3]}}
,"/Users/lzy/pro/solo/workspaces/zy70106/src/entities/Pen.ts": {"path":"/Users/lzy/pro/solo/workspaces/zy70106/src/entities/Pen.ts","statementMap":{"0":{"start":{"line":1,"column":0},"end":{"line":1,"column":103}},"1":{"start":{"line":2,"column":0},"end":{"line":2,"column":52}},"2":{"start":{"line":3,"column":0},"end":{"line":3,"column":56}},"3":{"start":{"line":8,"column":7},"end":{"line":38,"column":null}},"4":{"start":{"line":8,"column":13},"end":{"line":8,"column":16}},"5":{"start":{"line":10,"column":2},"end":{"line":10,"column":null}},"6":{"start":{"line":13,"column":2},"end":{"line":13,"column":null}},"7":{"start":{"line":16,"column":2},"end":{"line":16,"column":null}},"8":{"start":{"line":19,"column":2},"end":{"line":19,"column":null}},"9":{"start":{"line":22,"column":2},"end":{"line":22,"column":null}},"10":{"start":{"line":25,"column":2},"end":{"line":25,"column":null}},"11":{"start":{"line":28,"column":2},"end":{"line":28,"column":null}},"12":{"start":{"line":31,"column":2},"end":{"line":31,"column":null}},"13":{"start":{"line":34,"column":2},"end":{"line":34,"column":null}},"14":{"start":{"line":33,"column":19},"end":{"line":33,"column":34}},"15":{"start":{"line":33,"column":46},"end":{"line":33,"column":54}},"16":{"start":{"line":37,"column":2},"end":{"line":37,"column":null}},"17":{"start":{"line":36,"column":19},"end":{"line":36,"column":36}},"18":{"start":{"line":36,"column":50},"end":{"line":36,"column":60}},"19":{"start":{"line":8,"column":13},"end":{"line":38,"column":null}}},"fnMap":{"0":{"name":"(anonymous_2)","decl":{"start":{"line":33,"column":13},"end":{"line":33,"column":16}},"loc":{"start":{"line":33,"column":19},"end":{"line":33,"column":34}}},"1":{"name":"(anonymous_3)","decl":{"start":{"line":33,"column":36},"end":{"line":33,"column":37}},"loc":{"start":{"line":33,"column":46},"end":{"line":33,"column":54}}},"2":{"name":"(anonymous_4)","decl":{"start":{"line":36,"column":13},"end":{"line":36,"column":16}},"loc":{"start":{"line":36,"column":19},"end":{"line":36,"column":36}}},"3":{"name":"(anonymous_5)","decl":{"start":{"line":36,"column":38},"end":{"line":36,"column":39}},"loc":{"start":{"line":36,"column":50},"end":{"line":36,"column":60}}}},"branchMap":{"0":{"loc":{"start":{"line":25,"column":24},"end":{"line":25,"column":29}},"type":"cond-expr","locations":[{"start":{"line":25,"column":28},"end":{"line":25,"column":29}},{"start":{"line":25,"column":28},"end":{"line":25,"column":29}}]},"1":{"loc":{"start":{"line":25,"column":24},"end":{"line":25,"column":28}},"type":"binary-expr","locations":[{"start":{"line":25,"column":24},"end":{"line":25,"column":29}},{"start":{"line":25,"column":24},"end":{"line":25,"column":28}}]},"2":{"loc":{"start":{"line":28,"column":13},"end":{"line":28,"column":18}},"type":"cond-expr","locations":[{"start":{"line":28,"column":17},"end":{"line":28,"column":18}},{"start":{"line":28,"column":17},"end":{"line":28,"column":18}}]},"3":{"loc":{"start":{"line":28,"column":13},"end":{"line":28,"column":17}},"type":"binary-expr","locations":[{"start":{"line":28,"column":13},"end":{"line":28,"column":18}},{"start":{"line":28,"column":13},"end":{"line":28,"column":17}}]},"4":{"loc":{"start":{"line":31,"column":13},"end":{"line":31,"column":18}},"type":"cond-expr","locations":[{"start":{"line":31,"column":17},"end":{"line":31,"column":18}},{"start":{"line":31,"column":17},"end":{"line":31,"column":18}}]},"5":{"loc":{"start":{"line":31,"column":13},"end":{"line":31,"column":17}},"type":"binary-expr","locations":[{"start":{"line":31,"column":13},"end":{"line":31,"column":18}},{"start":{"line":31,"column":13},"end":{"line":31,"column":17}}]}},"s":{"0":3,"1":3,"2":3,"3":3,"4":3,"5":3,"6":3,"7":3,"8":3,"9":3,"10":3,"11":3,"12":3,"13":3,"14":3,"15":3,"16":3,"17":3,"18":3,"19":3},"f":{"0":3,"1":3,"2":3,"3":3},"b":{"0":[3,0],"1":[3,3],"2":[3,0],"3":[3,3],"4":[3,0],"5":[3,3]}}
,"/Users/lzy/pro/solo/workspaces/zy70106/src/entities/QuarantineReport.ts": {"path":"/Users/lzy/pro/solo/workspaces/zy70106/src/entities/QuarantineReport.ts","statementMap":{"0":{"start":{"line":1,"column":0},"end":{"line":1,"column":92}},"1":{"start":{"line":6,"column":7},"end":{"line":57,"column":null}},"2":{"start":{"line":6,"column":13},"end":{"line":6,"column":29}},"3":{"start":{"line":8,"column":2},"end":{"line":8,"column":null}},"4":{"start":{"line":11,"column":2},"end":{"line":11,"column":null}},"5":{"start":{"line":14,"column":2},"end":{"line":14,"column":null}},"6":{"start":{"line":17,"column":2},"end":{"line":17,"column":null}},"7":{"start":{"line":20,"column":2},"end":{"line":20,"column":null}},"8":{"start":{"line":23,"column":2},"end":{"line":23,"column":null}},"9":{"start":{"line":26,"column":2},"end":{"line":26,"column":null}},"10":{"start":{"line":29,"column":2},"end":{"line":29,"column":null}},"11":{"start":{"line":32,"column":2},"end":{"line":32,"column":null}},"12":{"start":{"line":35,"column":2},"end":{"line":35,"column":null}},"13":{"start":{"line":38,"column":2},"end":{"line":38,"column":null}},"14":{"start":{"line":41,"column":2},"end":{"line":41,"column":null}},"15":{"start":{"line":44,"column":2},"end":{"line":44,"column":null}},"16":{"start":{"line":47,"column":2},"end":{"line":47,"column":null}},"17":{"start":{"line":50,"column":2},"end":{"line":50,"column":null}},"18":{"start":{"line":53,"column":2},"end":{"line":53,"column":null}},"19":{"start":{"line":56,"column":2},"end":{"line":56,"column":null}},"20":{"start":{"line":6,"column":13},"end":{"line":57,"column":null}}},"fnMap":{},"branchMap":{"0":{"loc":{"start":{"line":14,"column":14},"end":{"line":14,"column":19}},"type":"cond-expr","locations":[{"start":{"line":14,"column":18},"end":{"line":14,"column":19}},{"start":{"line":14,"column":18},"end":{"line":14,"column":19}}]},"1":{"loc":{"start":{"line":14,"column":14},"end":{"line":14,"column":18}},"type":"binary-expr","locations":[{"start":{"line":14,"column":14},"end":{"line":14,"column":19}},{"start":{"line":14,"column":14},"end":{"line":14,"column":18}}]},"2":{"loc":{"start":{"line":17,"column":21},"end":{"line":17,"column":26}},"type":"cond-expr","locations":[{"start":{"line":17,"column":25},"end":{"line":17,"column":26}},{"start":{"line":17,"column":25},"end":{"line":17,"column":26}}]},"3":{"loc":{"start":{"line":17,"column":21},"end":{"line":17,"column":25}},"type":"binary-expr","locations":[{"start":{"line":17,"column":21},"end":{"line":17,"column":26}},{"start":{"line":17,"column":21},"end":{"line":17,"column":25}}]},"4":{"loc":{"start":{"line":20,"column":19},"end":{"line":20,"column":24}},"type":"cond-expr","locations":[{"start":{"line":20,"column":23},"end":{"line":20,"column":24}},{"start":{"line":20,"column":23},"end":{"line":20,"column":24}}]},"5":{"loc":{"start":{"line":20,"column":19},"end":{"line":20,"column":23}},"type":"binary-expr","locations":[{"start":{"line":20,"column":19},"end":{"line":20,"column":24}},{"start":{"line":20,"column":19},"end":{"line":20,"column":23}}]},"6":{"loc":{"start":{"line":47,"column":17},"end":{"line":47,"column":22}},"type":"cond-expr","locations":[{"start":{"line":47,"column":21},"end":{"line":47,"column":22}},{"start":{"line":47,"column":21},"end":{"line":47,"column":22}}]},"7":{"loc":{"start":{"line":47,"column":17},"end":{"line":47,"column":21}},"type":"binary-expr","locations":[{"start":{"line":47,"column":17},"end":{"line":47,"column":22}},{"start":{"line":47,"column":17},"end":{"line":47,"column":21}}]},"8":{"loc":{"start":{"line":53,"column":13},"end":{"line":53,"column":18}},"type":"cond-expr","locations":[{"start":{"line":53,"column":17},"end":{"line":53,"column":18}},{"start":{"line":53,"column":17},"end":{"line":53,"column":18}}]},"9":{"loc":{"start":{"line":53,"column":13},"end":{"line":53,"column":17}},"type":"binary-expr","locations":[{"start":{"line":53,"column":13},"end":{"line":53,"column":18}},{"start":{"line":53,"column":13},"end":{"line":53,"column":17}}]},"10":{"loc":{"start":{"line":56,"column":13},"end":{"line":56,"column":18}},"type":"cond-expr","locations":[{"start":{"line":56,"column":17},"end":{"line":56,"column":18}},{"start":{"line":56,"column":17},"end":{"line":56,"column":18}}]},"11":{"loc":{"start":{"line":56,"column":13},"end":{"line":56,"column":17}},"type":"binary-expr","locations":[{"start":{"line":56,"column":13},"end":{"line":56,"column":18}},{"start":{"line":56,"column":13},"end":{"line":56,"column":17}}]}},"s":{"0":3,"1":3,"2":3,"3":3,"4":3,"5":3,"6":3,"7":3,"8":3,"9":3,"10":3,"11":3,"12":3,"13":3,"14":3,"15":3,"16":3,"17":3,"18":3,"19":3,"20":3},"f":{},"b":{"0":[3,0],"1":[3,3],"2":[3,0],"3":[3,3],"4":[3,0],"5":[3,3],"6":[3,0],"7":[3,3],"8":[3,0],"9":[3,3],"10":[3,0],"11":[3,3]}}
,"/Users/lzy/pro/solo/workspaces/zy70106/src/entities/SupplementaryRecord.ts": {"path":"/Users/lzy/pro/solo/workspaces/zy70106/src/entities/SupplementaryRecord.ts","statementMap":{"0":{"start":{"line":1,"column":0},"end":{"line":1,"column":115}},"1":{"start":{"line":2,"column":0},"end":{"line":2,"column":56}},"2":{"start":{"line":7,"column":7},"end":{"line":44,"column":null}},"3":{"start":{"line":7,"column":13},"end":{"line":7,"column":32}},"4":{"start":{"line":9,"column":2},"end":{"line":9,"column":null}},"5":{"start":{"line":12,"column":2},"end":{"line":12,"column":null}},"6":{"start":{"line":15,"column":2},"end":{"line":15,"column":null}},"7":{"start":{"line":18,"column":2},"end":{"line":18,"column":null}},"8":{"start":{"line":21,"column":2},"end":{"line":21,"column":null}},"9":{"start":{"line":24,"column":2},"end":{"line":24,"column":null}},"10":{"start":{"line":27,"column":2},"end":{"line":27,"column":null}},"11":{"start":{"line":30,"column":2},"end":{"line":30,"column":null}},"12":{"start":{"line":33,"column":2},"end":{"line":33,"column":null}},"13":{"start":{"line":37,"column":2},"end":{"line":37,"column":null}},"14":{"start":{"line":35,"column":19},"end":{"line":35,"column":36}},"15":{"start":{"line":40,"column":2},"end":{"line":40,"column":null}},"16":{"start":{"line":43,"column":2},"end":{"line":43,"column":null}},"17":{"start":{"line":7,"column":13},"end":{"line":44,"column":null}}},"fnMap":{"0":{"name":"(anonymous_2)","decl":{"start":{"line":35,"column":13},"end":{"line":35,"column":16}},"loc":{"start":{"line":35,"column":19},"end":{"line":35,"column":36}}}},"branchMap":{"0":{"loc":{"start":{"line":12,"column":25},"end":{"line":12,"column":30}},"type":"cond-expr","locations":[{"start":{"line":12,"column":29},"end":{"line":12,"column":30}},{"start":{"line":12,"column":29},"end":{"line":12,"column":30}}]},"1":{"loc":{"start":{"line":12,"column":25},"end":{"line":12,"column":29}},"type":"binary-expr","locations":[{"start":{"line":12,"column":25},"end":{"line":12,"column":30}},{"start":{"line":12,"column":25},"end":{"line":12,"column":29}}]},"2":{"loc":{"start":{"line":24,"column":15},"end":{"line":24,"column":20}},"type":"cond-expr","locations":[{"start":{"line":24,"column":19},"end":{"line":24,"column":20}},{"start":{"line":24,"column":19},"end":{"line":24,"column":20}}]},"3":{"loc":{"start":{"line":24,"column":15},"end":{"line":24,"column":19}},"type":"binary-expr","locations":[{"start":{"line":24,"column":15},"end":{"line":24,"column":20}},{"start":{"line":24,"column":15},"end":{"line":24,"column":19}}]},"4":{"loc":{"start":{"line":37,"column":18},"end":{"line":37,"column":36}},"type":"cond-expr","locations":[{"start":{"line":37,"column":35},"end":{"line":37,"column":36}},{"start":{"line":37,"column":35},"end":{"line":37,"column":36}}]},"5":{"loc":{"start":{"line":37,"column":18},"end":{"line":37,"column":35}},"type":"binary-expr","locations":[{"start":{"line":37,"column":18},"end":{"line":37,"column":36}},{"start":{"line":37,"column":18},"end":{"line":37,"column":35}}]},"6":{"loc":{"start":{"line":40,"column":13},"end":{"line":40,"column":18}},"type":"cond-expr","locations":[{"start":{"line":40,"column":17},"end":{"line":40,"column":18}},{"start":{"line":40,"column":17},"end":{"line":40,"column":18}}]},"7":{"loc":{"start":{"line":40,"column":13},"end":{"line":40,"column":17}},"type":"binary-expr","locations":[{"start":{"line":40,"column":13},"end":{"line":40,"column":18}},{"start":{"line":40,"column":13},"end":{"line":40,"column":17}}]},"8":{"loc":{"start":{"line":43,"column":13},"end":{"line":43,"column":18}},"type":"cond-expr","locations":[{"start":{"line":43,"column":17},"end":{"line":43,"column":18}},{"start":{"line":43,"column":17},"end":{"line":43,"column":18}}]},"9":{"loc":{"start":{"line":43,"column":13},"end":{"line":43,"column":17}},"type":"binary-expr","locations":[{"start":{"line":43,"column":13},"end":{"line":43,"column":18}},{"start":{"line":43,"column":13},"end":{"line":43,"column":17}}]}},"s":{"0":3,"1":3,"2":3,"3":3,"4":3,"5":3,"6":3,"7":3,"8":3,"9":3,"10":3,"11":3,"12":3,"13":3,"14":3,"15":3,"16":3,"17":3},"f":{"0":3},"b":{"0":[3,0],"1":[3,3],"2":[3,0],"3":[3,3],"4":[3,0],"5":[3,3],"6":[3,0],"7":[3,3],"8":[3,0],"9":[3,3]}}
,"/Users/lzy/pro/solo/workspaces/zy70106/src/entities/VaccinationPlan.ts": {"path":"/Users/lzy/pro/solo/workspaces/zy70106/src/entities/VaccinationPlan.ts","statementMap":{"0":{"start":{"line":1,"column":0},"end":{"line":1,"column":126}},"1":{"start":{"line":2,"column":0},"end":{"line":2,"column":28}},"2":{"start":{"line":3,"column":0},"end":{"line":3,"column":56}},"3":{"start":{"line":4,"column":0},"end":{"line":4,"column":32}},"4":{"start":{"line":9,"column":7},"end":{"line":52,"column":null}},"5":{"start":{"line":9,"column":13},"end":{"line":9,"column":28}},"6":{"start":{"line":11,"column":2},"end":{"line":11,"column":null}},"7":{"start":{"line":14,"column":2},"end":{"line":14,"column":null}},"8":{"start":{"line":17,"column":2},"end":{"line":17,"column":null}},"9":{"start":{"line":20,"column":2},"end":{"line":20,"column":null}},"10":{"start":{"line":23,"column":2},"end":{"line":23,"column":null}},"11":{"start":{"line":26,"column":2},"end":{"line":26,"column":null}},"12":{"start":{"line":29,"column":2},"end":{"line":29,"column":null}},"13":{"start":{"line":32,"column":2},"end":{"line":32,"column":null}},"14":{"start":{"line":35,"column":2},"end":{"line":35,"column":null}},"15":{"start":{"line":39,"column":2},"end":{"line":39,"column":null}},"16":{"start":{"line":37,"column":19},"end":{"line":37,"column":22}},"17":{"start":{"line":37,"column":33},"end":{"line":37,"column":42}},"18":{"start":{"line":42,"column":2},"end":{"line":42,"column":null}},"19":{"start":{"line":41,"column":19},"end":{"line":41,"column":36}},"20":{"start":{"line":41,"column":50},"end":{"line":41,"column":61}},"21":{"start":{"line":45,"column":2},"end":{"line":45,"column":null}},"22":{"start":{"line":44,"column":19},"end":{"line":44,"column":24}},"23":{"start":{"line":44,"column":37},"end":{"line":44,"column":47}},"24":{"start":{"line":48,"column":2},"end":{"line":48,"column":null}},"25":{"start":{"line":51,"column":2},"end":{"line":51,"column":null}},"26":{"start":{"line":9,"column":13},"end":{"line":52,"column":null}}},"fnMap":{"0":{"name":"(anonymous_2)","decl":{"start":{"line":37,"column":13},"end":{"line":37,"column":16}},"loc":{"start":{"line":37,"column":19},"end":{"line":37,"column":22}}},"1":{"name":"(anonymous_3)","decl":{"start":{"line":37,"column":24},"end":{"line":37,"column":25}},"loc":{"start":{"line":37,"column":33},"end":{"line":37,"column":42}}},"2":{"name":"(anonymous_4)","decl":{"start":{"line":41,"column":13},"end":{"line":41,"column":16}},"loc":{"start":{"line":41,"column":19},"end":{"line":41,"column":36}}},"3":{"name":"(anonymous_5)","decl":{"start":{"line":41,"column":38},"end":{"line":41,"column":39}},"loc":{"start":{"line":41,"column":50},"end":{"line":41,"column":61}}},"4":{"name":"(anonymous_6)","decl":{"start":{"line":44,"column":13},"end":{"line":44,"column":16}},"loc":{"start":{"line":44,"column":19},"end":{"line":44,"column":24}}},"5":{"name":"(anonymous_7)","decl":{"start":{"line":44,"column":26},"end":{"line":44,"column":27}},"loc":{"start":{"line":44,"column":37},"end":{"line":44,"column":47}}}},"branchMap":{"0":{"loc":{"start":{"line":20,"column":17},"end":{"line":20,"column":22}},"type":"cond-expr","locations":[{"start":{"line":20,"column":21},"end":{"line":20,"column":22}},{"start":{"line":20,"column":21},"end":{"line":20,"column":22}}]},"1":{"loc":{"start":{"line":20,"column":17},"end":{"line":20,"column":21}},"type":"binary-expr","locations":[{"start":{"line":20,"column":17},"end":{"line":20,"column":22}},{"start":{"line":20,"column":17},"end":{"line":20,"column":21}}]},"2":{"loc":{"start":{"line":23,"column":18},"end":{"line":23,"column":23}},"type":"cond-expr","locations":[{"start":{"line":23,"column":22},"end":{"line":23,"column":23}},{"start":{"line":23,"column":22},"end":{"line":23,"column":23}}]},"3":{"loc":{"start":{"line":23,"column":18},"end":{"line":23,"column":22}},"type":"binary-expr","locations":[{"start":{"line":23,"column":18},"end":{"line":23,"column":23}},{"start":{"line":23,"column":18},"end":{"line":23,"column":22}}]},"4":{"loc":{"start":{"line":39,"column":7},"end":{"line":39,"column":11}},"type":"cond-expr","locations":[{"start":{"line":39,"column":10},"end":{"line":39,"column":11}},{"start":{"line":39,"column":10},"end":{"line":39,"column":11}}]},"5":{"loc":{"start":{"line":39,"column":7},"end":{"line":39,"column":10}},"type":"binary-expr","locations":[{"start":{"line":39,"column":7},"end":{"line":39,"column":11}},{"start":{"line":39,"column":7},"end":{"line":39,"column":10}}]},"6":{"loc":{"start":{"line":48,"column":13},"end":{"line":48,"column":18}},"type":"cond-expr","locations":[{"start":{"line":48,"column":17},"end":{"line":48,"column":18}},{"start":{"line":48,"column":17},"end":{"line":48,"column":18}}]},"7":{"loc":{"start":{"line":48,"column":13},"end":{"line":48,"column":17}},"type":"binary-expr","locations":[{"start":{"line":48,"column":13},"end":{"line":48,"column":18}},{"start":{"line":48,"column":13},"end":{"line":48,"column":17}}]},"8":{"loc":{"start":{"line":51,"column":13},"end":{"line":51,"column":18}},"type":"cond-expr","locations":[{"start":{"line":51,"column":17},"end":{"line":51,"column":18}},{"start":{"line":51,"column":17},"end":{"line":51,"column":18}}]},"9":{"loc":{"start":{"line":51,"column":13},"end":{"line":51,"column":17}},"type":"binary-expr","locations":[{"start":{"line":51,"column":13},"end":{"line":51,"column":18}},{"start":{"line":51,"column":13},"end":{"line":51,"column":17}}]}},"s":{"0":3,"1":3,"2":3,"3":3,"4":3,"5":3,"6":3,"7":3,"8":3,"9":3,"10":3,"11":3,"12":3,"13":3,"14":3,"15":3,"16":3,"17":3,"18":3,"19":3,"20":3,"21":3,"22":3,"23":3,"24":3,"25":3,"26":3},"f":{"0":3,"1":3,"2":3,"3":3,"4":3,"5":3},"b":{"0":[3,0],"1":[3,3],"2":[3,0],"3":[3,3],"4":[0,3],"5":[3,0],"6":[3,0],"7":[3,3],"8":[3,0],"9":[3,3]}}
,"/Users/lzy/pro/solo/workspaces/zy70106/src/entities/VaccinationRecord.ts": {"path":"/Users/lzy/pro/solo/workspaces/zy70106/src/entities/VaccinationRecord.ts","statementMap":{"0":{"start":{"line":1,"column":0},"end":{"line":1,"column":115}},"1":{"start":{"line":2,"column":0},"end":{"line":2,"column":28}},"2":{"start":{"line":3,"column":0},"end":{"line":3,"column":52}},"3":{"start":{"line":4,"column":0},"end":{"line":4,"column":46}},"4":{"start":{"line":5,"column":0},"end":{"line":5,"column":32}},"5":{"start":{"line":10,"column":7},"end":{"line":65,"column":null}},"6":{"start":{"line":10,"column":13},"end":{"line":10,"column":30}},"7":{"start":{"line":12,"column":2},"end":{"line":12,"column":null}},"8":{"start":{"line":15,"column":2},"end":{"line":15,"column":null}},"9":{"start":{"line":18,"column":2},"end":{"line":18,"column":null}},"10":{"start":{"line":21,"column":2},"end":{"line":21,"column":null}},"11":{"start":{"line":24,"column":2},"end":{"line":24,"column":null}},"12":{"start":{"line":27,"column":2},"end":{"line":27,"column":null}},"13":{"start":{"line":30,"column":2},"end":{"line":30,"column":null}},"14":{"start":{"line":33,"column":2},"end":{"line":33,"column":null}},"15":{"start":{"line":36,"column":2},"end":{"line":36,"column":null}},"16":{"start":{"line":39,"column":2},"end":{"line":39,"column":null}},"17":{"start":{"line":43,"column":2},"end":{"line":43,"column":null}},"18":{"start":{"line":41,"column":19},"end":{"line":41,"column":22}},"19":{"start":{"line":41,"column":33},"end":{"line":41,"column":44}},"20":{"start":{"line":47,"column":2},"end":{"line":47,"column":null}},"21":{"start":{"line":45,"column":19},"end":{"line":45,"column":34}},"22":{"start":{"line":45,"column":46},"end":{"line":45,"column":58}},"23":{"start":{"line":51,"column":2},"end":{"line":51,"column":null}},"24":{"start":{"line":49,"column":19},"end":{"line":49,"column":31}},"25":{"start":{"line":49,"column":42},"end":{"line":49,"column":53}},"26":{"start":{"line":55,"column":2},"end":{"line":55,"column":null}},"27":{"start":{"line":53,"column":19},"end":{"line":53,"column":24}},"28":{"start":{"line":53,"column":37},"end":{"line":53,"column":50}},"29":{"start":{"line":58,"column":2},"end":{"line":58,"column":null}},"30":{"start":{"line":61,"column":2},"end":{"line":61,"column":null}},"31":{"start":{"line":64,"column":2},"end":{"line":64,"column":null}},"32":{"start":{"line":10,"column":13},"end":{"line":65,"column":null}}},"fnMap":{"0":{"name":"(anonymous_2)","decl":{"start":{"line":41,"column":13},"end":{"line":41,"column":16}},"loc":{"start":{"line":41,"column":19},"end":{"line":41,"column":22}}},"1":{"name":"(anonymous_3)","decl":{"start":{"line":41,"column":24},"end":{"line":41,"column":25}},"loc":{"start":{"line":41,"column":33},"end":{"line":41,"column":44}}},"2":{"name":"(anonymous_4)","decl":{"start":{"line":45,"column":13},"end":{"line":45,"column":16}},"loc":{"start":{"line":45,"column":19},"end":{"line":45,"column":34}}},"3":{"name":"(anonymous_5)","decl":{"start":{"line":45,"column":36},"end":{"line":45,"column":37}},"loc":{"start":{"line":45,"column":46},"end":{"line":45,"column":58}}},"4":{"name":"(anonymous_6)","decl":{"start":{"line":49,"column":13},"end":{"line":49,"column":16}},"loc":{"start":{"line":49,"column":19},"end":{"line":49,"column":31}}},"5":{"name":"(anonymous_7)","decl":{"start":{"line":49,"column":33},"end":{"line":49,"column":34}},"loc":{"start":{"line":49,"column":42},"end":{"line":49,"column":53}}},"6":{"name":"(anonymous_8)","decl":{"start":{"line":53,"column":13},"end":{"line":53,"column":16}},"loc":{"start":{"line":53,"column":19},"end":{"line":53,"column":24}}},"7":{"name":"(anonymous_9)","decl":{"start":{"line":53,"column":26},"end":{"line":53,"column":27}},"loc":{"start":{"line":53,"column":37},"end":{"line":53,"column":50}}}},"branchMap":{"0":{"loc":{"start":{"line":15,"column":19},"end":{"line":15,"column":24}},"type":"cond-expr","locations":[{"start":{"line":15,"column":23},"end":{"line":15,"column":24}},{"start":{"line":15,"column":23},"end":{"line":15,"column":24}}]},"1":{"loc":{"start":{"line":15,"column":19},"end":{"line":15,"column":23}},"type":"binary-expr","locations":[{"start":{"line":15,"column":19},"end":{"line":15,"column":24}},{"start":{"line":15,"column":19},"end":{"line":15,"column":23}}]},"2":{"loc":{"start":{"line":43,"column":7},"end":{"line":43,"column":11}},"type":"cond-expr","locations":[{"start":{"line":43,"column":10},"end":{"line":43,"column":11}},{"start":{"line":43,"column":10},"end":{"line":43,"column":11}}]},"3":{"loc":{"start":{"line":43,"column":7},"end":{"line":43,"column":10}},"type":"binary-expr","locations":[{"start":{"line":43,"column":7},"end":{"line":43,"column":11}},{"start":{"line":43,"column":7},"end":{"line":43,"column":10}}]},"4":{"loc":{"start":{"line":47,"column":8},"end":{"line":47,"column":24}},"type":"cond-expr","locations":[{"start":{"line":47,"column":23},"end":{"line":47,"column":24}},{"start":{"line":47,"column":23},"end":{"line":47,"column":24}}]},"5":{"loc":{"start":{"line":47,"column":8},"end":{"line":47,"column":23}},"type":"binary-expr","locations":[{"start":{"line":47,"column":8},"end":{"line":47,"column":24}},{"start":{"line":47,"column":8},"end":{"line":47,"column":23}}]},"6":{"loc":{"start":{"line":51,"column":16},"end":{"line":51,"column":29}},"type":"cond-expr","locations":[{"start":{"line":51,"column":28},"end":{"line":51,"column":29}},{"start":{"line":51,"column":28},"end":{"line":51,"column":29}}]},"7":{"loc":{"start":{"line":51,"column":16},"end":{"line":51,"column":28}},"type":"binary-expr","locations":[{"start":{"line":51,"column":16},"end":{"line":51,"column":29}},{"start":{"line":51,"column":16},"end":{"line":51,"column":28}}]},"8":{"loc":{"start":{"line":55,"column":9},"end":{"line":55,"column":15}},"type":"cond-expr","locations":[{"start":{"line":55,"column":14},"end":{"line":55,"column":15}},{"start":{"line":55,"column":14},"end":{"line":55,"column":15}}]},"9":{"loc":{"start":{"line":55,"column":9},"end":{"line":55,"column":14}},"type":"binary-expr","locations":[{"start":{"line":55,"column":9},"end":{"line":55,"column":15}},{"start":{"line":55,"column":9},"end":{"line":55,"column":14}}]},"10":{"loc":{"start":{"line":61,"column":13},"end":{"line":61,"column":18}},"type":"cond-expr","locations":[{"start":{"line":61,"column":17},"end":{"line":61,"column":18}},{"start":{"line":61,"column":17},"end":{"line":61,"column":18}}]},"11":{"loc":{"start":{"line":61,"column":13},"end":{"line":61,"column":17}},"type":"binary-expr","locations":[{"start":{"line":61,"column":13},"end":{"line":61,"column":18}},{"start":{"line":61,"column":13},"end":{"line":61,"column":17}}]},"12":{"loc":{"start":{"line":64,"column":13},"end":{"line":64,"column":18}},"type":"cond-expr","locations":[{"start":{"line":64,"column":17},"end":{"line":64,"column":18}},{"start":{"line":64,"column":17},"end":{"line":64,"column":18}}]},"13":{"loc":{"start":{"line":64,"column":13},"end":{"line":64,"column":17}},"type":"binary-expr","locations":[{"start":{"line":64,"column":13},"end":{"line":64,"column":18}},{"start":{"line":64,"column":13},"end":{"line":64,"column":17}}]}},"s":{"0":3,"1":3,"2":3,"3":3,"4":3,"5":3,"6":3,"7":3,"8":3,"9":3,"10":3,"11":3,"12":3,"13":3,"14":3,"15":3,"16":3,"17":3,"18":3,"19":3,"20":3,"21":3,"22":3,"23":3,"24":3,"25":3,"26":3,"27":3,"28":3,"29":3,"30":3,"31":3,"32":3},"f":{"0":3,"1":3,"2":3,"3":3,"4":3,"5":3,"6":3,"7":3},"b":{"0":[3,0],"1":[3,3],"2":[0,3],"3":[3,0],"4":[0,3],"5":[3,0],"6":[3,0],"7":[3,3],"8":[3,0],"9":[3,3],"10":[3,0],"11":[3,3],"12":[3,0],"13":[3,3]}}
,"/Users/lzy/pro/solo/workspaces/zy70106/src/entities/Veterinarian.ts": {"path":"/Users/lzy/pro/solo/workspaces/zy70106/src/entities/Veterinarian.ts","statementMap":{"0":{"start":{"line":1,"column":0},"end":{"line":1,"column":103}},"1":{"start":{"line":2,"column":0},"end":{"line":2,"column":56}},"2":{"start":{"line":5,"column":7},"end":{"line":32,"column":null}},"3":{"start":{"line":5,"column":13},"end":{"line":5,"column":25}},"4":{"start":{"line":7,"column":2},"end":{"line":7,"column":null}},"5":{"start":{"line":10,"column":2},"end":{"line":10,"column":null}},"6":{"start":{"line":13,"column":2},"end":{"line":13,"column":null}},"7":{"start":{"line":16,"column":2},"end":{"line":16,"column":null}},"8":{"start":{"line":19,"column":2},"end":{"line":19,"column":null}},"9":{"start":{"line":22,"column":2},"end":{"line":22,"column":null}},"10":{"start":{"line":25,"column":2},"end":{"line":25,"column":null}},"11":{"start":{"line":28,"column":2},"end":{"line":28,"column":null}},"12":{"start":{"line":31,"column":2},"end":{"line":31,"column":null}},"13":{"start":{"line":30,"column":19},"end":{"line":30,"column":36}},"14":{"start":{"line":30,"column":50},"end":{"line":30,"column":69}},"15":{"start":{"line":5,"column":13},"end":{"line":32,"column":null}}},"fnMap":{"0":{"name":"(anonymous_2)","decl":{"start":{"line":30,"column":13},"end":{"line":30,"column":16}},"loc":{"start":{"line":30,"column":19},"end":{"line":30,"column":36}}},"1":{"name":"(anonymous_3)","decl":{"start":{"line":30,"column":38},"end":{"line":30,"column":39}},"loc":{"start":{"line":30,"column":50},"end":{"line":30,"column":69}}}},"branchMap":{"0":{"loc":{"start":{"line":25,"column":13},"end":{"line":25,"column":18}},"type":"cond-expr","locations":[{"start":{"line":25,"column":17},"end":{"line":25,"column":18}},{"start":{"line":25,"column":17},"end":{"line":25,"column":18}}]},"1":{"loc":{"start":{"line":25,"column":13},"end":{"line":25,"column":17}},"type":"binary-expr","locations":[{"start":{"line":25,"column":13},"end":{"line":25,"column":18}},{"start":{"line":25,"column":13},"end":{"line":25,"column":17}}]},"2":{"loc":{"start":{"line":28,"column":13},"end":{"line":28,"column":18}},"type":"cond-expr","locations":[{"start":{"line":28,"column":17},"end":{"line":28,"column":18}},{"start":{"line":28,"column":17},"end":{"line":28,"column":18}}]},"3":{"loc":{"start":{"line":28,"column":13},"end":{"line":28,"column":17}},"type":"binary-expr","locations":[{"start":{"line":28,"column":13},"end":{"line":28,"column":18}},{"start":{"line":28,"column":13},"end":{"line":28,"column":17}}]}},"s":{"0":3,"1":3,"2":3,"3":3,"4":3,"5":3,"6":3,"7":3,"8":3,"9":3,"10":3,"11":3,"12":3,"13":3,"14":3,"15":3},"f":{"0":3,"1":3},"b":{"0":[3,0],"1":[3,3],"2":[3,0],"3":[3,3]}}
,"/Users/lzy/pro/solo/workspaces/zy70106/src/routes/index.ts": {"path":"/Users/lzy/pro/solo/workspaces/zy70106/src/routes/index.ts","statementMap":{"0":{"start":{"line":1,"column":0},"end":{"line":1,"column":52}},"1":{"start":{"line":2,"column":0},"end":{"line":2,"column":68}},"2":{"start":{"line":3,"column":0},"end":{"line":3,"column":72}},"3":{"start":{"line":4,"column":0},"end":{"line":4,"column":70}},"4":{"start":{"line":5,"column":0},"end":{"line":5,"column":58}},"5":{"start":{"line":7,"column":15},"end":{"line":7,"column":23}},"6":{"start":{"line":8,"column":27},"end":{"line":8,"column":51}},"7":{"start":{"line":9,"column":29},"end":{"line":9,"column":55}},"8":{"start":{"line":10,"column":28},"end":{"line":10,"column":53}},"9":{"start":{"line":11,"column":22},"end":{"line":11,"column":41}},"10":{"start":{"line":13,"column":0},"end":{"line":20,"column":3}},"11":{"start":{"line":14,"column":2},"end":{"line":19,"column":3}},"12":{"start":{"line":15,"column":16},"end":{"line":15,"column":60}},"13":{"start":{"line":16,"column":4},"end":{"line":16,"column":30}},"14":{"start":{"line":18,"column":4},"end":{"line":18,"column":62}},"15":{"start":{"line":22,"column":0},"end":{"line":33,"column":3}},"16":{"start":{"line":23,"column":2},"end":{"line":32,"column":3}},"17":{"start":{"line":24,"column":17},"end":{"line":27,"column":6}},"18":{"start":{"line":28,"column":17},"end":{"line":28,"column":58}},"19":{"start":{"line":29,"column":4},"end":{"line":29,"column":31}},"20":{"start":{"line":31,"column":4},"end":{"line":31,"column":62}},"21":{"start":{"line":35,"column":0},"end":{"line":42,"column":3}},"22":{"start":{"line":36,"column":2},"end":{"line":41,"column":3}},"23":{"start":{"line":37,"column":16},"end":{"line":37,"column":69}},"24":{"start":{"line":38,"column":4},"end":{"line":38,"column":30}},"25":{"start":{"line":40,"column":4},"end":{"line":40,"column":62}},"26":{"start":{"line":44,"column":0},"end":{"line":56,"column":3}},"27":{"start":{"line":45,"column":2},"end":{"line":55,"column":3}},"28":{"start":{"line":46,"column":17},"end":{"line":50,"column":6}},"29":{"start":{"line":51,"column":18},"end":{"line":51,"column":60}},"30":{"start":{"line":52,"column":4},"end":{"line":52,"column":32}},"31":{"start":{"line":54,"column":4},"end":{"line":54,"column":62}},"32":{"start":{"line":58,"column":0},"end":{"line":69,"column":3}},"33":{"start":{"line":59,"column":2},"end":{"line":68,"column":3}},"34":{"start":{"line":60,"column":17},"end":{"line":63,"column":6}},"35":{"start":{"line":64,"column":19},"end":{"line":64,"column":73}},"36":{"start":{"line":65,"column":4},"end":{"line":65,"column":33}},"37":{"start":{"line":67,"column":4},"end":{"line":67,"column":62}},"38":{"start":{"line":71,"column":0},"end":{"line":79,"column":3}},"39":{"start":{"line":72,"column":2},"end":{"line":78,"column":3}},"40":{"start":{"line":73,"column":31},"end":{"line":73,"column":39}},"41":{"start":{"line":74,"column":19},"end":{"line":74,"column":88}},"42":{"start":{"line":75,"column":4},"end":{"line":75,"column":21}},"43":{"start":{"line":77,"column":4},"end":{"line":77,"column":62}},"44":{"start":{"line":81,"column":0},"end":{"line":89,"column":3}},"45":{"start":{"line":82,"column":2},"end":{"line":88,"column":3}},"46":{"start":{"line":83,"column":32},"end":{"line":83,"column":40}},"47":{"start":{"line":84,"column":19},"end":{"line":84,"column":88}},"48":{"start":{"line":85,"column":4},"end":{"line":85,"column":21}},"49":{"start":{"line":87,"column":4},"end":{"line":87,"column":62}},"50":{"start":{"line":91,"column":0},"end":{"line":98,"column":3}},"51":{"start":{"line":92,"column":2},"end":{"line":97,"column":3}},"52":{"start":{"line":93,"column":20},"end":{"line":93,"column":80}},"53":{"start":{"line":94,"column":4},"end":{"line":94,"column":22}},"54":{"start":{"line":96,"column":4},"end":{"line":96,"column":62}},"55":{"start":{"line":100,"column":0},"end":{"line":111,"column":3}},"56":{"start":{"line":101,"column":2},"end":{"line":110,"column":3}},"57":{"start":{"line":102,"column":24},"end":{"line":102,"column":84}},"58":{"start":{"line":103,"column":4},"end":{"line":106,"column":5}},"59":{"start":{"line":104,"column":6},"end":{"line":104,"column":47}},"60":{"start":{"line":105,"column":6},"end":{"line":105,"column":13}},"61":{"start":{"line":107,"column":4},"end":{"line":107,"column":26}},"62":{"start":{"line":109,"column":4},"end":{"line":109,"column":62}},"63":{"start":{"line":113,"column":0},"end":{"line":124,"column":3}},"64":{"start":{"line":114,"column":2},"end":{"line":123,"column":3}},"65":{"start":{"line":115,"column":17},"end":{"line":118,"column":6}},"66":{"start":{"line":119,"column":26},"end":{"line":119,"column":78}},"67":{"start":{"line":120,"column":4},"end":{"line":120,"column":40}},"68":{"start":{"line":122,"column":4},"end":{"line":122,"column":62}},"69":{"start":{"line":126,"column":0},"end":{"line":138,"column":3}},"70":{"start":{"line":127,"column":2},"end":{"line":137,"column":3}},"71":{"start":{"line":128,"column":43},"end":{"line":128,"column":51}},"72":{"start":{"line":129,"column":26},"end":{"line":133,"column":6}},"73":{"start":{"line":134,"column":4},"end":{"line":134,"column":28}},"74":{"start":{"line":136,"column":4},"end":{"line":136,"column":62}},"75":{"start":{"line":140,"column":0},"end":{"line":152,"column":3}},"76":{"start":{"line":141,"column":2},"end":{"line":151,"column":3}},"77":{"start":{"line":142,"column":43},"end":{"line":142,"column":51}},"78":{"start":{"line":143,"column":26},"end":{"line":147,"column":6}},"79":{"start":{"line":148,"column":4},"end":{"line":148,"column":28}},"80":{"start":{"line":150,"column":4},"end":{"line":150,"column":62}},"81":{"start":{"line":154,"column":0},"end":{"line":161,"column":3}},"82":{"start":{"line":155,"column":2},"end":{"line":160,"column":3}},"83":{"start":{"line":156,"column":18},"end":{"line":156,"column":69}},"84":{"start":{"line":157,"column":4},"end":{"line":157,"column":20}},"85":{"start":{"line":159,"column":4},"end":{"line":159,"column":62}},"86":{"start":{"line":163,"column":0},"end":{"line":170,"column":3}},"87":{"start":{"line":164,"column":2},"end":{"line":169,"column":3}},"88":{"start":{"line":165,"column":18},"end":{"line":165,"column":67}},"89":{"start":{"line":166,"column":4},"end":{"line":166,"column":20}},"90":{"start":{"line":168,"column":4},"end":{"line":168,"column":62}},"91":{"start":{"line":172,"column":0},"end":{"line":179,"column":3}},"92":{"start":{"line":173,"column":2},"end":{"line":178,"column":3}},"93":{"start":{"line":174,"column":21},"end":{"line":174,"column":79}},"94":{"start":{"line":175,"column":4},"end":{"line":175,"column":23}},"95":{"start":{"line":177,"column":4},"end":{"line":177,"column":62}},"96":{"start":{"line":181,"column":0},"end":{"line":193,"column":3}},"97":{"start":{"line":182,"column":2},"end":{"line":192,"column":3}},"98":{"start":{"line":183,"column":17},"end":{"line":187,"column":6}},"99":{"start":{"line":188,"column":19},"end":{"line":188,"column":69}},"100":{"start":{"line":189,"column":4},"end":{"line":189,"column":33}},"101":{"start":{"line":191,"column":4},"end":{"line":191,"column":62}},"102":{"start":{"line":195,"column":0},"end":{"line":202,"column":3}},"103":{"start":{"line":196,"column":2},"end":{"line":201,"column":3}},"104":{"start":{"line":197,"column":19},"end":{"line":197,"column":66}},"105":{"start":{"line":198,"column":4},"end":{"line":198,"column":21}},"106":{"start":{"line":200,"column":4},"end":{"line":200,"column":62}},"107":{"start":{"line":204,"column":0},"end":{"line":212,"column":3}},"108":{"start":{"line":205,"column":2},"end":{"line":211,"column":3}},"109":{"start":{"line":206,"column":27},"end":{"line":206,"column":35}},"110":{"start":{"line":207,"column":19},"end":{"line":207,"column":79}},"111":{"start":{"line":208,"column":4},"end":{"line":208,"column":21}},"112":{"start":{"line":210,"column":4},"end":{"line":210,"column":62}},"113":{"start":{"line":214,"column":0},"end":{"line":222,"column":3}},"114":{"start":{"line":215,"column":2},"end":{"line":221,"column":3}},"115":{"start":{"line":216,"column":32},"end":{"line":216,"column":40}},"116":{"start":{"line":217,"column":19},"end":{"line":217,"column":83}},"117":{"start":{"line":218,"column":4},"end":{"line":218,"column":21}},"118":{"start":{"line":220,"column":4},"end":{"line":220,"column":62}},"119":{"start":{"line":224,"column":0},"end":{"line":231,"column":3}},"120":{"start":{"line":225,"column":2},"end":{"line":230,"column":3}},"121":{"start":{"line":226,"column":19},"end":{"line":226,"column":69}},"122":{"start":{"line":227,"column":4},"end":{"line":227,"column":21}},"123":{"start":{"line":229,"column":4},"end":{"line":229,"column":62}},"124":{"start":{"line":233,"column":0},"end":{"line":240,"column":3}},"125":{"start":{"line":234,"column":2},"end":{"line":239,"column":3}},"126":{"start":{"line":235,"column":20},"end":{"line":235,"column":86}},"127":{"start":{"line":236,"column":4},"end":{"line":236,"column":26}},"128":{"start":{"line":238,"column":4},"end":{"line":238,"column":62}},"129":{"start":{"line":242,"column":0},"end":{"line":242,"column":22}}},"fnMap":{"0":{"name":"(anonymous_0)","decl":{"start":{"line":13,"column":21},"end":{"line":13,"column":26}},"loc":{"start":{"line":13,"column":59},"end":{"line":20,"column":1}}},"1":{"name":"(anonymous_1)","decl":{"start":{"line":22,"column":22},"end":{"line":22,"column":27}},"loc":{"start":{"line":22,"column":60},"end":{"line":33,"column":1}}},"2":{"name":"(anonymous_2)","decl":{"start":{"line":35,"column":30},"end":{"line":35,"column":35}},"loc":{"start":{"line":35,"column":68},"end":{"line":42,"column":1}}},"3":{"name":"(anonymous_3)","decl":{"start":{"line":44,"column":24},"end":{"line":44,"column":29}},"loc":{"start":{"line":44,"column":62},"end":{"line":56,"column":1}}},"4":{"name":"(anonymous_4)","decl":{"start":{"line":58,"column":24},"end":{"line":58,"column":29}},"loc":{"start":{"line":58,"column":62},"end":{"line":69,"column":1}}},"5":{"name":"(anonymous_5)","decl":{"start":{"line":71,"column":36},"end":{"line":71,"column":41}},"loc":{"start":{"line":71,"column":74},"end":{"line":79,"column":1}}},"6":{"name":"(anonymous_6)","decl":{"start":{"line":81,"column":35},"end":{"line":81,"column":40}},"loc":{"start":{"line":81,"column":73},"end":{"line":89,"column":1}}},"7":{"name":"(anonymous_7)","decl":{"start":{"line":91,"column":35},"end":{"line":91,"column":40}},"loc":{"start":{"line":91,"column":73},"end":{"line":98,"column":1}}},"8":{"name":"(anonymous_8)","decl":{"start":{"line":100,"column":38},"end":{"line":100,"column":43}},"loc":{"start":{"line":100,"column":76},"end":{"line":111,"column":1}}},"9":{"name":"(anonymous_9)","decl":{"start":{"line":113,"column":30},"end":{"line":113,"column":35}},"loc":{"start":{"line":113,"column":68},"end":{"line":124,"column":1}}},"10":{"name":"(anonymous_10)","decl":{"start":{"line":126,"column":42},"end":{"line":126,"column":47}},"loc":{"start":{"line":126,"column":80},"end":{"line":138,"column":1}}},"11":{"name":"(anonymous_11)","decl":{"start":{"line":140,"column":41},"end":{"line":140,"column":46}},"loc":{"start":{"line":140,"column":79},"end":{"line":152,"column":1}}},"12":{"name":"(anonymous_12)","decl":{"start":{"line":154,"column":33},"end":{"line":154,"column":38}},"loc":{"start":{"line":154,"column":71},"end":{"line":161,"column":1}}},"13":{"name":"(anonymous_13)","decl":{"start":{"line":163,"column":30},"end":{"line":163,"column":35}},"loc":{"start":{"line":163,"column":68},"end":{"line":170,"column":1}}},"14":{"name":"(anonymous_14)","decl":{"start":{"line":172,"column":42},"end":{"line":172,"column":47}},"loc":{"start":{"line":172,"column":80},"end":{"line":179,"column":1}}},"15":{"name":"(anonymous_15)","decl":{"start":{"line":181,"column":24},"end":{"line":181,"column":29}},"loc":{"start":{"line":181,"column":62},"end":{"line":193,"column":1}}},"16":{"name":"(anonymous_16)","decl":{"start":{"line":195,"column":35},"end":{"line":195,"column":40}},"loc":{"start":{"line":195,"column":73},"end":{"line":202,"column":1}}},"17":{"name":"(anonymous_17)","decl":{"start":{"line":204,"column":36},"end":{"line":204,"column":41}},"loc":{"start":{"line":204,"column":74},"end":{"line":212,"column":1}}},"18":{"name":"(anonymous_18)","decl":{"start":{"line":214,"column":35},"end":{"line":214,"column":40}},"loc":{"start":{"line":214,"column":73},"end":{"line":222,"column":1}}},"19":{"name":"(anonymous_19)","decl":{"start":{"line":224,"column":34},"end":{"line":224,"column":39}},"loc":{"start":{"line":224,"column":72},"end":{"line":231,"column":1}}},"20":{"name":"(anonymous_20)","decl":{"start":{"line":233,"column":37},"end":{"line":233,"column":42}},"loc":{"start":{"line":233,"column":75},"end":{"line":240,"column":1}}}},"branchMap":{"0":{"loc":{"start":{"line":103,"column":4},"end":{"line":106,"column":5}},"type":"if","locations":[{"start":{"line":103,"column":4},"end":{"line":106,"column":5}}]}},"s":{"0":0,"1":0,"2":0,"3":0,"4":0,"5":0,"6":0,"7":0,"8":0,"9":0,"10":0,"11":0,"12":0,"13":0,"14":0,"15":0,"16":0,"17":0,"18":0,"19":0,"20":0,"21":0,"22":0,"23":0,"24":0,"25":0,"26":0,"27":0,"28":0,"29":0,"30":0,"31":0,"32":0,"33":0,"34":0,"35":0,"36":0,"37":0,"38":0,"39":0,"40":0,"41":0,"42":0,"43":0,"44":0,"45":0,"46":0,"47":0,"48":0,"49":0,"50":0,"51":0,"52":0,"53":0,"54":0,"55":0,"56":0,"57":0,"58":0,"59":0,"60":0,"61":0,"62":0,"63":0,"64":0,"65":0,"66":0,"67":0,"68":0,"69":0,"70":0,"71":0,"72":0,"73":0,"74":0,"75":0,"76":0,"77":0,"78":0,"79":0,"80":0,"81":0,"82":0,"83":0,"84":0,"85":0,"86":0,"87":0,"88":0,"89":0,"90":0,"91":0,"92":0,"93":0,"94":0,"95":0,"96":0,"97":0,"98":0,"99":0,"100":0,"101":0,"102":0,"103":0,"104":0,"105":0,"106":0,"107":0,"108":0,"109":0,"110":0,"111":0,"112":0,"113":0,"114":0,"115":0,"116":0,"117":0,"118":0,"119":0,"120":0,"121":0,"122":0,"123":0,"124":0,"125":0,"126":0,"127":0,"128":0,"129":0},"f":{"0":0,"1":0,"2":0,"3":0,"4":0,"5":0,"6":0,"7":0,"8":0,"9":0,"10":0,"11":0,"12":0,"13":0,"14":0,"15":0,"16":0,"17":0,"18":0,"19":0,"20":0},"b":{"0":[0]}}
,"/Users/lzy/pro/solo/workspaces/zy70106/src/services/ReportService.ts": {"path":"/Users/lzy/pro/solo/workspaces/zy70106/src/services/ReportService.ts","statementMap":{"0":{"start":{"line":1,"column":0},"end":{"line":1,"column":51}},"1":{"start":{"line":2,"column":0},"end":{"line":2,"column":78}},"2":{"start":{"line":3,"column":0},"end":{"line":3,"column":38}},"3":{"start":{"line":4,"column":0},"end":{"line":4,"column":62}},"4":{"start":{"line":5,"column":0},"end":{"line":5,"column":80}},"5":{"start":{"line":6,"column":0},"end":{"line":6,"column":36}},"6":{"start":{"line":7,"column":0},"end":{"line":7,"column":41}},"7":{"start":{"line":17,"column":4},"end":{"line":17,"column":50}},"8":{"start":{"line":18,"column":4},"end":{"line":18,"column":76}},"9":{"start":{"line":19,"column":4},"end":{"line":19,"column":60}},"10":{"start":{"line":20,"column":4},"end":{"line":20,"column":73}},"11":{"start":{"line":21,"column":4},"end":{"line":21,"column":77}},"12":{"start":{"line":30,"column":4},"end":{"line":30,"column":63}},"13":{"start":{"line":30,"column":33},"end":{"line":30,"column":63}},"14":{"start":{"line":31,"column":4},"end":{"line":31,"column":61}},"15":{"start":{"line":31,"column":31},"end":{"line":31,"column":61}},"16":{"start":{"line":32,"column":4},"end":{"line":34,"column":5}},"17":{"start":{"line":33,"column":6},"end":{"line":33,"column":38}},"18":{"start":{"line":35,"column":4},"end":{"line":37,"column":5}},"19":{"start":{"line":36,"column":6},"end":{"line":36,"column":34}},"20":{"start":{"line":38,"column":4},"end":{"line":38,"column":54}},"21":{"start":{"line":38,"column":27},"end":{"line":38,"column":54}},"22":{"start":{"line":40,"column":17},"end":{"line":42,"column":6}},"23":{"start":{"line":43,"column":4},"end":{"line":45,"column":5}},"24":{"start":{"line":44,"column":6},"end":{"line":44,"column":33}},"25":{"start":{"line":47,"column":18},"end":{"line":52,"column":6}},"26":{"start":{"line":54,"column":20},"end":{"line":59,"column":6}},"27":{"start":{"line":61,"column":29},"end":{"line":61,"column":76}},"28":{"start":{"line":61,"column":51},"end":{"line":61,"column":75}},"29":{"start":{"line":63,"column":25},"end":{"line":63,"column":72}},"30":{"start":{"line":63,"column":49},"end":{"line":63,"column":68}},"31":{"start":{"line":64,"column":28},"end":{"line":64,"column":87}},"32":{"start":{"line":64,"column":64},"end":{"line":64,"column":83}},"33":{"start":{"line":66,"column":32},"end":{"line":68,"column":55}},"34":{"start":{"line":67,"column":21},"end":{"line":67,"column":73}},"35":{"start":{"line":68,"column":26},"end":{"line":68,"column":51}},"36":{"start":{"line":70,"column":16},"end":{"line":70,"column":26}},"37":{"start":{"line":71,"column":25},"end":{"line":74,"column":null}},"38":{"start":{"line":73,"column":8},"end":{"line":74,"column":39}},"39":{"start":{"line":76,"column":32},"end":{"line":78,"column":null}},"40":{"start":{"line":77,"column":18},"end":{"line":77,"column":43}},"41":{"start":{"line":81,"column":26},"end":{"line":90,"column":null}},"42":{"start":{"line":93,"column":36},"end":{"line":93,"column":40}},"43":{"start":{"line":94,"column":19},"end":{"line":106,"column":6}},"44":{"start":{"line":108,"column":4},"end":{"line":108,"column":52}},"45":{"start":{"line":112,"column":19},"end":{"line":112,"column":83}},"46":{"start":{"line":113,"column":4},"end":{"line":113,"column":42}},"47":{"start":{"line":113,"column":17},"end":{"line":113,"column":42}},"48":{"start":{"line":114,"column":4},"end":{"line":116,"column":5}},"49":{"start":{"line":115,"column":6},"end":{"line":115,"column":37}},"50":{"start":{"line":118,"column":4},"end":{"line":118,"column":32}},"51":{"start":{"line":119,"column":4},"end":{"line":119,"column":52}},"52":{"start":{"line":123,"column":4},"end":{"line":123,"column":48}},"53":{"start":{"line":123,"column":21},"end":{"line":123,"column":48}},"54":{"start":{"line":125,"column":19},"end":{"line":125,"column":83}},"55":{"start":{"line":126,"column":4},"end":{"line":126,"column":42}},"56":{"start":{"line":126,"column":17},"end":{"line":126,"column":42}},"57":{"start":{"line":127,"column":4},"end":{"line":129,"column":5}},"58":{"start":{"line":128,"column":6},"end":{"line":128,"column":36}},"59":{"start":{"line":131,"column":4},"end":{"line":131,"column":31}},"60":{"start":{"line":132,"column":4},"end":{"line":132,"column":35}},"61":{"start":{"line":133,"column":4},"end":{"line":133,"column":37}},"62":{"start":{"line":134,"column":4},"end":{"line":134,"column":52}},"63":{"start":{"line":138,"column":4},"end":{"line":140,"column":5}},"64":{"start":{"line":139,"column":6},"end":{"line":139,"column":34}},"65":{"start":{"line":142,"column":19},"end":{"line":142,"column":83}},"66":{"start":{"line":143,"column":4},"end":{"line":143,"column":42}},"67":{"start":{"line":143,"column":17},"end":{"line":143,"column":42}},"68":{"start":{"line":144,"column":4},"end":{"line":146,"column":5}},"69":{"start":{"line":145,"column":6},"end":{"line":145,"column":36}},"70":{"start":{"line":148,"column":4},"end":{"line":148,"column":31}},"71":{"start":{"line":149,"column":4},"end":{"line":149,"column":52}},"72":{"start":{"line":159,"column":19},"end":{"line":159,"column":83}},"73":{"start":{"line":160,"column":4},"end":{"line":160,"column":42}},"74":{"start":{"line":160,"column":17},"end":{"line":160,"column":42}},"75":{"start":{"line":162,"column":4},"end":{"line":168,"column":6}},"76":{"start":{"line":182,"column":28},"end":{"line":182,"column":107}},"77":{"start":{"line":183,"column":29},"end":{"line":183,"column":76}},"78":{"start":{"line":183,"column":51},"end":{"line":183,"column":75}},"79":{"start":{"line":184,"column":28},"end":{"line":184,"column":74}},"80":{"start":{"line":184,"column":50},"end":{"line":184,"column":73}},"81":{"start":{"line":185,"column":27},"end":{"line":185,"column":103}},"82":{"start":{"line":185,"column":49},"end":{"line":185,"column":102}},"83":{"start":{"line":187,"column":20},"end":{"line":218,"column":12}},"84":{"start":{"line":214,"column":18},"end":{"line":214,"column":70}},"85":{"start":{"line":217,"column":31},"end":{"line":217,"column":44}},"86":{"start":{"line":217,"column":59},"end":{"line":217,"column":69}},"87":{"start":{"line":220,"column":4},"end":{"line":220,"column":19}},"88":{"start":{"line":9,"column":0},"end":{"line":9,"column":13}}},"fnMap":{"0":{"name":"(anonymous_0)","decl":{"start":{"line":16,"column":2},"end":{"line":16,"column":14}},"loc":{"start":{"line":16,"column":37},"end":{"line":22,"column":3}}},"1":{"name":"(anonymous_1)","decl":{"start":{"line":24,"column":2},"end":{"line":24,"column":7}},"loc":{"start":{"line":29,"column":3},"end":{"line":109,"column":3}}},"2":{"name":"(anonymous_2)","decl":{"start":{"line":61,"column":44},"end":{"line":61,"column":45}},"loc":{"start":{"line":61,"column":51},"end":{"line":61,"column":75}}},"3":{"name":"(anonymous_3)","decl":{"start":{"line":63,"column":37},"end":{"line":63,"column":38}},"loc":{"start":{"line":63,"column":49},"end":{"line":63,"column":68}}},"4":{"name":"(anonymous_4)","decl":{"start":{"line":64,"column":52},"end":{"line":64,"column":53}},"loc":{"start":{"line":64,"column":64},"end":{"line":64,"column":83}}},"5":{"name":"(anonymous_5)","decl":{"start":{"line":67,"column":14},"end":{"line":67,"column":15}},"loc":{"start":{"line":67,"column":21},"end":{"line":67,"column":73}}},"6":{"name":"(anonymous_6)","decl":{"start":{"line":68,"column":14},"end":{"line":68,"column":15}},"loc":{"start":{"line":68,"column":26},"end":{"line":68,"column":51}}},"7":{"name":"(anonymous_7)","decl":{"start":{"line":72,"column":6},"end":{"line":72,"column":7}},"loc":{"start":{"line":73,"column":8},"end":{"line":74,"column":39}}},"8":{"name":"(anonymous_8)","decl":{"start":{"line":77,"column":6},"end":{"line":77,"column":7}},"loc":{"start":{"line":77,"column":18},"end":{"line":77,"column":43}}},"9":{"name":"(anonymous_9)","decl":{"start":{"line":111,"column":2},"end":{"line":111,"column":7}},"loc":{"start":{"line":111,"column":37},"end":{"line":120,"column":3}}},"10":{"name":"(anonymous_10)","decl":{"start":{"line":122,"column":2},"end":{"line":122,"column":7}},"loc":{"start":{"line":122,"column":58},"end":{"line":135,"column":3}}},"11":{"name":"(anonymous_11)","decl":{"start":{"line":137,"column":2},"end":{"line":137,"column":7}},"loc":{"start":{"line":137,"column":62},"end":{"line":150,"column":3}}},"12":{"name":"(anonymous_12)","decl":{"start":{"line":152,"column":2},"end":{"line":152,"column":7}},"loc":{"start":{"line":152,"column":40},"end":{"line":169,"column":3}}},"13":{"name":"(anonymous_13)","decl":{"start":{"line":171,"column":10},"end":{"line":171,"column":31}},"loc":{"start":{"line":180,"column":31},"end":{"line":221,"column":3}}},"14":{"name":"(anonymous_14)","decl":{"start":{"line":183,"column":44},"end":{"line":183,"column":45}},"loc":{"start":{"line":183,"column":51},"end":{"line":183,"column":75}}},"15":{"name":"(anonymous_15)","decl":{"start":{"line":184,"column":43},"end":{"line":184,"column":44}},"loc":{"start":{"line":184,"column":50},"end":{"line":184,"column":73}}},"16":{"name":"(anonymous_16)","decl":{"start":{"line":185,"column":42},"end":{"line":185,"column":43}},"loc":{"start":{"line":185,"column":49},"end":{"line":185,"column":102}}},"17":{"name":"(anonymous_17)","decl":{"start":{"line":214,"column":11},"end":{"line":214,"column":12}},"loc":{"start":{"line":214,"column":18},"end":{"line":214,"column":70}}},"18":{"name":"(anonymous_18)","decl":{"start":{"line":217,"column":24},"end":{"line":217,"column":25}},"loc":{"start":{"line":217,"column":31},"end":{"line":217,"column":44}}},"19":{"name":"(anonymous_19)","decl":{"start":{"line":217,"column":52},"end":{"line":217,"column":53}},"loc":{"start":{"line":217,"column":59},"end":{"line":217,"column":69}}}},"branchMap":{"0":{"loc":{"start":{"line":17,"column":22},"end":{"line":17,"column":49}},"type":"binary-expr","locations":[{"start":{"line":17,"column":22},"end":{"line":17,"column":32}},{"start":{"line":17,"column":36},"end":{"line":17,"column":49}}]},"1":{"loc":{"start":{"line":30,"column":4},"end":{"line":30,"column":63}},"type":"if","locations":[{"start":{"line":30,"column":4},"end":{"line":30,"column":63}}]},"2":{"loc":{"start":{"line":31,"column":4},"end":{"line":31,"column":61}},"type":"if","locations":[{"start":{"line":31,"column":4},"end":{"line":31,"column":61}}]},"3":{"loc":{"start":{"line":32,"column":4},"end":{"line":34,"column":5}},"type":"if","locations":[{"start":{"line":32,"column":4},"end":{"line":34,"column":5}}]},"4":{"loc":{"start":{"line":35,"column":4},"end":{"line":37,"column":5}},"type":"if","locations":[{"start":{"line":35,"column":4},"end":{"line":37,"column":5}}]},"5":{"loc":{"start":{"line":35,"column":8},"end":{"line":35,"column":48}},"type":"binary-expr","locations":[{"start":{"line":35,"column":8},"end":{"line":35,"column":20}},{"start":{"line":35,"column":24},"end":{"line":35,"column":48}}]},"6":{"loc":{"start":{"line":38,"column":4},"end":{"line":38,"column":54}},"type":"if","locations":[{"start":{"line":38,"column":4},"end":{"line":38,"column":54}}]},"7":{"loc":{"start":{"line":43,"column":4},"end":{"line":45,"column":5}},"type":"if","locations":[{"start":{"line":43,"column":4},"end":{"line":45,"column":5}}]},"8":{"loc":{"start":{"line":67,"column":21},"end":{"line":67,"column":73}},"type":"binary-expr","locations":[{"start":{"line":67,"column":21},"end":{"line":67,"column":43}},{"start":{"line":67,"column":47},"end":{"line":67,"column":73}}]},"9":{"loc":{"start":{"line":73,"column":8},"end":{"line":74,"column":39}},"type":"binary-expr","locations":[{"start":{"line":73,"column":9},"end":{"line":73,"column":31}},{"start":{"line":73,"column":35},"end":{"line":73,"column":61}},{"start":{"line":74,"column":8},"end":{"line":74,"column":39}}]},"10":{"loc":{"start":{"line":113,"column":4},"end":{"line":113,"column":42}},"type":"if","locations":[{"start":{"line":113,"column":4},"end":{"line":113,"column":42}}]},"11":{"loc":{"start":{"line":114,"column":4},"end":{"line":116,"column":5}},"type":"if","locations":[{"start":{"line":114,"column":4},"end":{"line":116,"column":5}}]},"12":{"loc":{"start":{"line":123,"column":4},"end":{"line":123,"column":48}},"type":"if","locations":[{"start":{"line":123,"column":4},"end":{"line":123,"column":48}}]},"13":{"loc":{"start":{"line":126,"column":4},"end":{"line":126,"column":42}},"type":"if","locations":[{"start":{"line":126,"column":4},"end":{"line":126,"column":42}}]},"14":{"loc":{"start":{"line":127,"column":4},"end":{"line":129,"column":5}},"type":"if","locations":[{"start":{"line":127,"column":4},"end":{"line":129,"column":5}}]},"15":{"loc":{"start":{"line":138,"column":4},"end":{"line":140,"column":5}},"type":"if","locations":[{"start":{"line":138,"column":4},"end":{"line":140,"column":5}}]},"16":{"loc":{"start":{"line":138,"column":8},"end":{"line":138,"column":57}},"type":"binary-expr","locations":[{"start":{"line":138,"column":8},"end":{"line":138,"column":24}},{"start":{"line":138,"column":28},"end":{"line":138,"column":57}}]},"17":{"loc":{"start":{"line":143,"column":4},"end":{"line":143,"column":42}},"type":"if","locations":[{"start":{"line":143,"column":4},"end":{"line":143,"column":42}}]},"18":{"loc":{"start":{"line":144,"column":4},"end":{"line":146,"column":5}},"type":"if","locations":[{"start":{"line":144,"column":4},"end":{"line":146,"column":5}}]},"19":{"loc":{"start":{"line":160,"column":4},"end":{"line":160,"column":42}},"type":"if","locations":[{"start":{"line":160,"column":4},"end":{"line":160,"column":42}}]},"20":{"loc":{"start":{"line":182,"column":28},"end":{"line":182,"column":107}},"type":"cond-expr","locations":[{"start":{"line":182,"column":47},"end":{"line":182,"column":98}},{"start":{"line":182,"column":101},"end":{"line":182,"column":107}}]},"21":{"loc":{"start":{"line":185,"column":49},"end":{"line":185,"column":102}},"type":"binary-expr","locations":[{"start":{"line":185,"column":49},"end":{"line":185,"column":71}},{"start":{"line":185,"column":75},"end":{"line":185,"column":102}}]}},"s":{"0":3,"1":3,"2":3,"3":3,"4":3,"5":3,"6":3,"7":3,"8":3,"9":3,"10":3,"11":3,"12":5,"13":0,"14":5,"15":0,"16":5,"17":1,"18":4,"19":1,"20":3,"21":0,"22":3,"23":3,"24":0,"25":3,"26":3,"27":3,"28":0,"29":3,"30":3,"31":3,"32":0,"33":3,"34":0,"35":0,"36":3,"37":3,"38":0,"39":3,"40":0,"41":3,"42":3,"43":3,"44":3,"45":2,"46":2,"47":0,"48":2,"49":1,"50":1,"51":1,"52":1,"53":0,"54":1,"55":1,"56":0,"57":1,"58":1,"59":0,"60":0,"61":0,"62":0,"63":0,"64":0,"65":0,"66":0,"67":0,"68":0,"69":0,"70":0,"71":0,"72":0,"73":0,"74":0,"75":0,"76":3,"77":3,"78":0,"79":3,"80":0,"81":3,"82":0,"83":3,"84":3,"85":0,"86":0,"87":3,"88":3},"f":{"0":3,"1":5,"2":0,"3":3,"4":0,"5":0,"6":0,"7":0,"8":0,"9":2,"10":1,"11":0,"12":0,"13":3,"14":0,"15":0,"16":0,"17":3,"18":0,"19":0},"b":{"0":[3,0],"1":[0],"2":[0],"3":[1],"4":[1],"5":[4,4],"6":[0],"7":[0],"8":[0,0],"9":[0,0,0],"10":[0],"11":[1],"12":[0],"13":[0],"14":[1],"15":[0],"16":[0,0],"17":[0],"18":[0],"19":[0],"20":[3,0],"21":[0,0]}}
,"/Users/lzy/pro/solo/workspaces/zy70106/src/services/SupplementaryService.ts": {"path":"/Users/lzy/pro/solo/workspaces/zy70106/src/services/SupplementaryService.ts","statementMap":{"0":{"start":{"line":1,"column":0},"end":{"line":1,"column":51}},"1":{"start":{"line":2,"column":0},"end":{"line":2,"column":80}},"2":{"start":{"line":3,"column":0},"end":{"line":3,"column":91}},"3":{"start":{"line":4,"column":0},"end":{"line":4,"column":36}},"4":{"start":{"line":13,"column":4},"end":{"line":13,"column":50}},"5":{"start":{"line":14,"column":4},"end":{"line":14,"column":77}},"6":{"start":{"line":15,"column":4},"end":{"line":15,"column":86}},"7":{"start":{"line":24,"column":4},"end":{"line":24,"column":62}},"8":{"start":{"line":24,"column":32},"end":{"line":24,"column":62}},"9":{"start":{"line":25,"column":4},"end":{"line":27,"column":5}},"10":{"start":{"line":26,"column":6},"end":{"line":26,"column":34}},"11":{"start":{"line":28,"column":4},"end":{"line":28,"column":54}},"12":{"start":{"line":28,"column":27},"end":{"line":28,"column":54}},"13":{"start":{"line":30,"column":27},"end":{"line":32,"column":6}},"14":{"start":{"line":33,"column":4},"end":{"line":33,"column":54}},"15":{"start":{"line":33,"column":25},"end":{"line":33,"column":54}},"16":{"start":{"line":35,"column":4},"end":{"line":37,"column":5}},"17":{"start":{"line":36,"column":6},"end":{"line":36,"column":44}},"18":{"start":{"line":39,"column":34},"end":{"line":44,"column":6}},"19":{"start":{"line":45,"column":4},"end":{"line":47,"column":5}},"20":{"start":{"line":46,"column":6},"end":{"line":46,"column":39}},"21":{"start":{"line":49,"column":26},"end":{"line":53,"column":6}},"22":{"start":{"line":55,"column":4},"end":{"line":55,"column":43}},"23":{"start":{"line":56,"column":4},"end":{"line":56,"column":53}},"24":{"start":{"line":58,"column":4},"end":{"line":58,"column":66}},"25":{"start":{"line":66,"column":4},"end":{"line":66,"column":61}},"26":{"start":{"line":66,"column":31},"end":{"line":66,"column":61}},"27":{"start":{"line":67,"column":4},"end":{"line":67,"column":53}},"28":{"start":{"line":67,"column":26},"end":{"line":67,"column":53}},"29":{"start":{"line":69,"column":26},"end":{"line":72,"column":6}},"30":{"start":{"line":73,"column":4},"end":{"line":73,"column":51}},"31":{"start":{"line":73,"column":24},"end":{"line":73,"column":51}},"32":{"start":{"line":74,"column":4},"end":{"line":76,"column":5}},"33":{"start":{"line":75,"column":6},"end":{"line":75,"column":38}},"34":{"start":{"line":78,"column":27},"end":{"line":78,"column":55}},"35":{"start":{"line":79,"column":4},"end":{"line":79,"column":52}},"36":{"start":{"line":79,"column":25},"end":{"line":79,"column":52}},"37":{"start":{"line":81,"column":4},"end":{"line":92,"column":7}},"38":{"start":{"line":82,"column":6},"end":{"line":82,"column":40}},"39":{"start":{"line":83,"column":6},"end":{"line":83,"column":49}},"40":{"start":{"line":84,"column":6},"end":{"line":84,"column":44}},"41":{"start":{"line":85,"column":6},"end":{"line":85,"column":57}},"42":{"start":{"line":86,"column":6},"end":{"line":86,"column":59}},"43":{"start":{"line":88,"column":6},"end":{"line":88,"column":75}},"44":{"start":{"line":89,"column":6},"end":{"line":89,"column":42}},"45":{"start":{"line":90,"column":6},"end":{"line":90,"column":49}},"46":{"start":{"line":91,"column":6},"end":{"line":91,"column":60}},"47":{"start":{"line":94,"column":4},"end":{"line":94,"column":25}},"48":{"start":{"line":102,"column":4},"end":{"line":102,"column":61}},"49":{"start":{"line":102,"column":31},"end":{"line":102,"column":61}},"50":{"start":{"line":103,"column":4},"end":{"line":103,"column":53}},"51":{"start":{"line":103,"column":26},"end":{"line":103,"column":53}},"52":{"start":{"line":104,"column":4},"end":{"line":106,"column":5}},"53":{"start":{"line":105,"column":6},"end":{"line":105,"column":34}},"54":{"start":{"line":108,"column":26},"end":{"line":111,"column":6}},"55":{"start":{"line":112,"column":4},"end":{"line":112,"column":51}},"56":{"start":{"line":112,"column":24},"end":{"line":112,"column":51}},"57":{"start":{"line":113,"column":4},"end":{"line":115,"column":5}},"58":{"start":{"line":114,"column":6},"end":{"line":114,"column":38}},"59":{"start":{"line":117,"column":27},"end":{"line":117,"column":55}},"60":{"start":{"line":118,"column":4},"end":{"line":118,"column":52}},"61":{"start":{"line":118,"column":25},"end":{"line":118,"column":52}},"62":{"start":{"line":120,"column":4},"end":{"line":129,"column":7}},"63":{"start":{"line":121,"column":6},"end":{"line":121,"column":40}},"64":{"start":{"line":122,"column":6},"end":{"line":122,"column":49}},"65":{"start":{"line":123,"column":6},"end":{"line":123,"column":44}},"66":{"start":{"line":124,"column":6},"end":{"line":124,"column":57}},"67":{"start":{"line":125,"column":6},"end":{"line":125,"column":59}},"68":{"start":{"line":127,"column":6},"end":{"line":127,"column":41}},"69":{"start":{"line":128,"column":6},"end":{"line":128,"column":60}},"70":{"start":{"line":131,"column":4},"end":{"line":131,"column":25}},"71":{"start":{"line":135,"column":4},"end":{"line":138,"column":7}},"72":{"start":{"line":7,"column":0},"end":{"line":7,"column":13}}},"fnMap":{"0":{"name":"(anonymous_0)","decl":{"start":{"line":12,"column":2},"end":{"line":12,"column":14}},"loc":{"start":{"line":12,"column":37},"end":{"line":16,"column":3}}},"1":{"name":"(anonymous_1)","decl":{"start":{"line":18,"column":2},"end":{"line":18,"column":7}},"loc":{"start":{"line":23,"column":3},"end":{"line":59,"column":3}}},"2":{"name":"(anonymous_2)","decl":{"start":{"line":61,"column":2},"end":{"line":61,"column":7}},"loc":{"start":{"line":65,"column":3},"end":{"line":95,"column":3}}},"3":{"name":"(anonymous_3)","decl":{"start":{"line":81,"column":38},"end":{"line":81,"column":43}},"loc":{"start":{"line":81,"column":75},"end":{"line":92,"column":5}}},"4":{"name":"(anonymous_4)","decl":{"start":{"line":97,"column":2},"end":{"line":97,"column":7}},"loc":{"start":{"line":101,"column":3},"end":{"line":132,"column":3}}},"5":{"name":"(anonymous_5)","decl":{"start":{"line":120,"column":38},"end":{"line":120,"column":43}},"loc":{"start":{"line":120,"column":75},"end":{"line":129,"column":5}}},"6":{"name":"(anonymous_6)","decl":{"start":{"line":134,"column":2},"end":{"line":134,"column":7}},"loc":{"start":{"line":134,"column":56},"end":{"line":139,"column":3}}}},"branchMap":{"0":{"loc":{"start":{"line":13,"column":22},"end":{"line":13,"column":49}},"type":"binary-expr","locations":[{"start":{"line":13,"column":22},"end":{"line":13,"column":32}},{"start":{"line":13,"column":36},"end":{"line":13,"column":49}}]},"1":{"loc":{"start":{"line":24,"column":4},"end":{"line":24,"column":62}},"type":"if","locations":[{"start":{"line":24,"column":4},"end":{"line":24,"column":62}}]},"2":{"loc":{"start":{"line":25,"column":4},"end":{"line":27,"column":5}},"type":"if","locations":[{"start":{"line":25,"column":4},"end":{"line":27,"column":5}}]},"3":{"loc":{"start":{"line":25,"column":8},"end":{"line":25,"column":81}},"type":"binary-expr","locations":[{"start":{"line":25,"column":8},"end":{"line":25,"column":36}},{"start":{"line":25,"column":40},"end":{"line":25,"column":81}}]},"4":{"loc":{"start":{"line":28,"column":4},"end":{"line":28,"column":54}},"type":"if","locations":[{"start":{"line":28,"column":4},"end":{"line":28,"column":54}}]},"5":{"loc":{"start":{"line":33,"column":4},"end":{"line":33,"column":54}},"type":"if","locations":[{"start":{"line":33,"column":4},"end":{"line":33,"column":54}}]},"6":{"loc":{"start":{"line":35,"column":4},"end":{"line":37,"column":5}},"type":"if","locations":[{"start":{"line":35,"column":4},"end":{"line":37,"column":5}}]},"7":{"loc":{"start":{"line":35,"column":8},"end":{"line":35,"column":88}},"type":"binary-expr","locations":[{"start":{"line":35,"column":8},"end":{"line":35,"column":44}},{"start":{"line":35,"column":48},"end":{"line":35,"column":88}}]},"8":{"loc":{"start":{"line":45,"column":4},"end":{"line":47,"column":5}},"type":"if","locations":[{"start":{"line":45,"column":4},"end":{"line":47,"column":5}}]},"9":{"loc":{"start":{"line":66,"column":4},"end":{"line":66,"column":61}},"type":"if","locations":[{"start":{"line":66,"column":4},"end":{"line":66,"column":61}}]},"10":{"loc":{"start":{"line":67,"column":4},"end":{"line":67,"column":53}},"type":"if","locations":[{"start":{"line":67,"column":4},"end":{"line":67,"column":53}}]},"11":{"loc":{"start":{"line":73,"column":4},"end":{"line":73,"column":51}},"type":"if","locations":[{"start":{"line":73,"column":4},"end":{"line":73,"column":51}}]},"12":{"loc":{"start":{"line":74,"column":4},"end":{"line":76,"column":5}},"type":"if","locations":[{"start":{"line":74,"column":4},"end":{"line":76,"column":5}}]},"13":{"loc":{"start":{"line":79,"column":4},"end":{"line":79,"column":52}},"type":"if","locations":[{"start":{"line":79,"column":4},"end":{"line":79,"column":52}}]},"14":{"loc":{"start":{"line":102,"column":4},"end":{"line":102,"column":61}},"type":"if","locations":[{"start":{"line":102,"column":4},"end":{"line":102,"column":61}}]},"15":{"loc":{"start":{"line":103,"column":4},"end":{"line":103,"column":53}},"type":"if","locations":[{"start":{"line":103,"column":4},"end":{"line":103,"column":53}}]},"16":{"loc":{"start":{"line":104,"column":4},"end":{"line":106,"column":5}},"type":"if","locations":[{"start":{"line":104,"column":4},"end":{"line":106,"column":5}}]},"17":{"loc":{"start":{"line":104,"column":8},"end":{"line":104,"column":65}},"type":"binary-expr","locations":[{"start":{"line":104,"column":8},"end":{"line":104,"column":28}},{"start":{"line":104,"column":32},"end":{"line":104,"column":65}}]},"18":{"loc":{"start":{"line":112,"column":4},"end":{"line":112,"column":51}},"type":"if","locations":[{"start":{"line":112,"column":4},"end":{"line":112,"column":51}}]},"19":{"loc":{"start":{"line":113,"column":4},"end":{"line":115,"column":5}},"type":"if","locations":[{"start":{"line":113,"column":4},"end":{"line":115,"column":5}}]},"20":{"loc":{"start":{"line":118,"column":4},"end":{"line":118,"column":52}},"type":"if","locations":[{"start":{"line":118,"column":4},"end":{"line":118,"column":52}}]}},"s":{"0":3,"1":3,"2":3,"3":3,"4":3,"5":3,"6":3,"7":3,"8":0,"9":3,"10":0,"11":3,"12":0,"13":3,"14":3,"15":0,"16":3,"17":1,"18":2,"19":2,"20":0,"21":2,"22":2,"23":2,"24":2,"25":4,"26":0,"27":4,"28":0,"29":4,"30":4,"31":1,"32":3,"33":1,"34":2,"35":2,"36":0,"37":2,"38":2,"39":2,"40":2,"41":2,"42":2,"43":2,"44":2,"45":2,"46":2,"47":2,"48":0,"49":0,"50":0,"51":0,"52":0,"53":0,"54":0,"55":0,"56":0,"57":0,"58":0,"59":0,"60":0,"61":0,"62":0,"63":0,"64":0,"65":0,"66":0,"67":0,"68":0,"69":0,"70":0,"71":0,"72":3},"f":{"0":3,"1":3,"2":4,"3":2,"4":0,"5":0,"6":0},"b":{"0":[3,0],"1":[0],"2":[0],"3":[3,3],"4":[0],"5":[0],"6":[1],"7":[3,1],"8":[0],"9":[0],"10":[0],"11":[1],"12":[1],"13":[0],"14":[0],"15":[0],"16":[0],"17":[0,0],"18":[0],"19":[0],"20":[0]}}
[...]
,"column":27},"end":{"line":281,"column":72}},"155":{"start":{"line":281,"column":49},"end":{"line":281,"column":71}},"156":{"start":{"line":282,"column":28},"end":{"line":282,"column":74}},"157":{"start":{"line":282,"column":50},"end":{"line":282,"column":73}},"158":{"start":{"line":283,"column":31},"end":{"line":283,"column":81}},"159":{"start":{"line":283,"column":53},"end":{"line":283,"column":80}},"160":{"start":{"line":285,"column":4},"end":{"line":290,"column":6}},"161":{"start":{"line":294,"column":17},"end":{"line":294,"column":77}},"162":{"start":{"line":295,"column":4},"end":{"line":295,"column":22}},"163":{"start":{"line":295,"column":15},"end":{"line":295,"column":22}},"164":{"start":{"line":297,"column":29},"end":{"line":299,"column":6}},"165":{"start":{"line":301,"column":28},"end":{"line":301,"column":87}},"166":{"start":{"line":301,"column":64},"end":{"line":301,"column":83}},"167":{"start":{"line":303,"column":4},"end":{"line":307,"column":5}},"168":{"start":{"line":304,"column":6},"end":{"line":304,"column":32}},"169":{"start":{"line":305,"column":6},"end":{"line":305,"column":38}},"170":{"start":{"line":306,"column":6},"end":{"line":306,"column":43}},"171":{"start":{"line":311,"column":16},"end":{"line":311,"column":74}},"172":{"start":{"line":312,"column":4},"end":{"line":312,"column":21}},"173":{"start":{"line":312,"column":14},"end":{"line":312,"column":21}},"174":{"start":{"line":314,"column":25},"end":{"line":317,"column":6}},"175":{"start":{"line":319,"column":4},"end":{"line":322,"column":5}},"176":{"start":{"line":320,"column":6},"end":{"line":320,"column":61}},"177":{"start":{"line":321,"column":6},"end":{"line":321,"column":41}},"178":{"start":{"line":326,"column":18},"end":{"line":329,"column":6}},"179":{"start":{"line":330,"column":4},"end":{"line":330,"column":43}},"180":{"start":{"line":330,"column":16},"end":{"line":330,"column":43}},"181":{"start":{"line":332,"column":4},"end":{"line":332,"column":51}},"182":{"start":{"line":332,"column":38},"end":{"line":332,"column":51}},"183":{"start":{"line":333,"column":4},"end":{"line":333,"column":62}},"184":{"start":{"line":333,"column":49},"end":{"line":333,"column":62}},"185":{"start":{"line":335,"column":20},"end":{"line":335,"column":39}},"186":{"start":{"line":336,"column":27},"end":{"line":336,"column":81}},"187":{"start":{"line":336,"column":49},"end":{"line":336,"column":73}},"188":{"start":{"line":337,"column":23},"end":{"line":337,"column":37}},"189":{"start":{"line":339,"column":4},"end":{"line":339,"column":39}},"190":{"start":{"line":339,"column":26},"end":{"line":339,"column":39}},"191":{"start":{"line":340,"column":4},"end":{"line":340,"column":50}},"192":{"start":{"line":340,"column":37},"end":{"line":340,"column":50}},"193":{"start":{"line":342,"column":4},"end":{"line":342,"column":16}},"194":{"start":{"line":10,"column":0},"end":{"line":10,"column":13}}},"fnMap":{"0":{"name":"(anonymous_0)","decl":{"start":{"line":18,"column":2},"end":{"line":18,"column":14}},"loc":{"start":{"line":18,"column":37},"end":{"line":25,"column":3}}},"1":{"name":"(anonymous_1)","decl":{"start":{"line":27,"column":2},"end":{"line":27,"column":7}},"loc":{"start":{"line":27,"column":89},"end":{"line":37,"column":3}}},"2":{"name":"(anonymous_2)","decl":{"start":{"line":39,"column":2},"end":{"line":39,"column":7}},"loc":{"start":{"line":46,"column":3},"end":{"line":63,"column":3}}},"3":{"name":"(anonymous_3)","decl":{"start":{"line":65,"column":2},"end":{"line":65,"column":7}},"loc":{"start":{"line":70,"column":3},"end":{"line":86,"column":3}}},"4":{"name":"(anonymous_4)","decl":{"start":{"line":88,"column":2},"end":{"line":88,"column":7}},"loc":{"start":{"line":96,"column":3},"end":{"line":121,"column":3}}},"5":{"name":"(anonymous_5)","decl":{"start":{"line":123,"column":2},"end":{"line":123,"column":7}},"loc":{"start":{"line":132,"column":3},"end":{"line":202,"column":3}}},"6":{"name":"(anonymous_6)","decl":{"start":{"line":166,"column":76},"end":{"line":166,"column":77}},"loc":{"start":{"line":166,"column":81},"end":{"line":166,"column":105}}},"7":{"name":"(anonymous_7)","decl":{"start":{"line":171,"column":54},"end":{"line":171,"column":55}},"loc":{"start":{"line":171,"column":66},"end":{"line":171,"column":85}}},"8":{"name":"(anonymous_8)","decl":{"start":{"line":177,"column":38},"end":{"line":177,"column":43}},"loc":{"start":{"line":177,"column":75},"end":{"line":196,"column":5}}},"9":{"name":"(anonymous_9)","decl":{"start":{"line":204,"column":2},"end":{"line":204,"column":7}},"loc":{"start":{"line":204,"column":62},"end":{"line":221,"column":3}}},"10":{"name":"(anonymous_10)","decl":{"start":{"line":223,"column":2},"end":{"line":223,"column":7}},"loc":{"start":{"line":223,"column":62},"end":{"line":237,"column":3}}},"11":{"name":"(anonymous_11)","decl":{"start":{"line":239,"column":2},"end":{"line":239,"column":7}},"loc":{"start":{"line":239,"column":45},"end":{"line":265,"column":3}}},"12":{"name":"(anonymous_12)","decl":{"start":{"line":267,"column":2},"end":{"line":267,"column":7}},"loc":{"start":{"line":267,"column":43},"end":{"line":291,"column":3}}},"13":{"name":"(anonymous_13)","decl":{"start":{"line":281,"column":42},"end":{"line":281,"column":43}},"loc":{"start":{"line":281,"column":49},"end":{"line":281,"column":71}}},"14":{"name":"(anonymous_14)","decl":{"start":{"line":282,"column":43},"end":{"line":282,"column":44}},"loc":{"start":{"line":282,"column":50},"end":{"line":282,"column":73}}},"15":{"name":"(anonymous_15)","decl":{"start":{"line":283,"column":46},"end":{"line":283,"column":47}},"loc":{"start":{"line":283,"column":53},"end":{"line":283,"column":80}}},"16":{"name":"(anonymous_16)","decl":{"start":{"line":293,"column":10},"end":{"line":293,"column":15}},"loc":{"start":{"line":293,"column":50},"end":{"line":308,"column":3}}},"17":{"name":"(anonymous_17)","decl":{"start":{"line":301,"column":52},"end":{"line":301,"column":53}},"loc":{"start":{"line":301,"column":64},"end":{"line":301,"column":83}}},"18":{"name":"(anonymous_18)","decl":{"start":{"line":310,"column":10},"end":{"line":310,"column":15}},"loc":{"start":{"line":310,"column":54},"end":{"line":323,"column":3}}},"19":{"name":"(anonymous_19)","decl":{"start":{"line":325,"column":2},"end":{"line":325,"column":7}},"loc":{"start":{"line":325,"column":50},"end":{"line":343,"column":3}}},"20":{"name":"(anonymous_20)","decl":{"start":{"line":336,"column":42},"end":{"line":336,"column":43}},"loc":{"start":{"line":336,"column":49},"end":{"line":336,"column":73}}}},"branchMap":{"0":{"loc":{"start":{"line":19,"column":22},"end":{"line":19,"column":49}},"type":"binary-expr","locations":[{"start":{"line":19,"column":22},"end":{"line":19,"column":32}},{"start":{"line":19,"column":36},"end":{"line":19,"column":49}}]},"1":{"loc":{"start":{"line":28,"column":4},"end":{"line":28,"column":48}},"type":"if","locations":[{"start":{"line":28,"column":4},"end":{"line":28,"column":48}}]},"2":{"loc":{"start":{"line":29,"column":4},"end":{"line":29,"column":54}},"type":"if","locations":[{"start":{"line":29,"column":4},"end":{"line":29,"column":54}}]},"3":{"loc":{"start":{"line":30,"column":4},"end":{"line":30,"column":59}},"type":"if","locations":[{"start":{"line":30,"column":4},"end":{"line":30,"column":59}}]},"4":{"loc":{"start":{"line":48,"column":4},"end":{"line":48,"column":39}},"type":"if","locations":[{"start":{"line":48,"column":4},"end":{"line":48,"column":39}}]},"5":{"loc":{"start":{"line":49,"column":4},"end":{"line":49,"column":60}},"type":"if","locations":[{"start":{"line":49,"column":4},"end":{"line":49,"column":60}}]},"6":{"loc":{"start":{"line":50,"column":4},"end":{"line":50,"column":48}},"type":"if","locations":[{"start":{"line":50,"column":4},"end":{"line":50,"column":48}}]},"7":{"loc":{"start":{"line":51,"column":4},"end":{"line":51,"column":55}},"type":"if","locations":[{"start":{"line":51,"column":4},"end":{"line":51,"column":55}}]},"8":{"loc":{"start":{"line":52,"column":4},"end":{"line":52,"column":68}},"type":"if","locations":[{"start":{"line":52,"column":4},"end":{"line":52,"column":68}}]},"9":{"loc":{"start":{"line":53,"column":4},"end":{"line":55,"column":5}},"type":"if","locations":[{"start":{"line":53,"column":4},"end":{"line":55,"column":5}}]},"10":{"loc":{"start":{"line":71,"column":4},"end":{"line":71,"column":48}},"type":"if","locations":[{"start":{"line":71,"column":4},"end":{"line":71,"column":48}}]},"11":{"loc":{"start":{"line":72,"column":4},"end":{"line":72,"column":57}},"type":"if","locations":[{"start":{"line":72,"column":4},"end":{"line":72,"column":57}}]},"12":{"loc":{"start":{"line":73,"column":4},"end":{"line":73,"column":49}},"type":"if","locations":[{"start":{"line":73,"column":4},"end":{"line":73,"column":49}}]},"13":{"loc":{"start":{"line":78,"column":4},"end":{"line":78,"column":45}},"type":"if","locations":[{"start":{"line":78,"column":4},"end":{"line":78,"column":45}}]},"14":{"loc":{"start":{"line":98,"column":4},"end":{"line":98,"column":42}},"type":"if","locations":[{"start":{"line":98,"column":4},"end":{"line":98,"column":42}}]},"15":{"loc":{"start":{"line":99,"column":4},"end":{"line":101,"column":5}},"type":"if","locations":[{"start":{"line":99,"column":4},"end":{"line":101,"column":5}}]},"16":{"loc":{"start":{"line":99,"column":8},"end":{"line":99,"column":66}},"type":"binary-expr","locations":[{"start":{"line":99,"column":8},"end":{"line":99,"column":35}},{"start":{"line":99,"column":39},"end":{"line":99,"column":66}}]},"17":{"loc":{"start":{"line":102,"column":4},"end":{"line":102,"column":54}},"type":"if","locations":[{"start":{"line":102,"column":4},"end":{"line":102,"column":54}}]},"18":{"loc":{"start":{"line":103,"column":4},"end":{"line":103,"column":55}},"type":"if","locations":[{"start":{"line":103,"column":4},"end":{"line":103,"column":55}}]},"19":{"loc":{"start":{"line":104,"column":4},"end":{"line":104,"column":57}},"type":"if","locations":[{"start":{"line":104,"column":4},"end":{"line":104,"column":57}}]},"20":{"loc":{"start":{"line":105,"column":4},"end":{"line":107,"column":5}},"type":"if","locations":[{"start":{"line":105,"column":4},"end":{"line":107,"column":5}}]},"21":{"loc":{"start":{"line":112,"column":4},"end":{"line":112,"column":44}},"type":"if","locations":[{"start":{"line":112,"column":4},"end":{"line":112,"column":44}}]},"22":{"loc":{"start":{"line":134,"column":4},"end":{"line":134,"column":39}},"type":"if","locations":[{"start":{"line":134,"column":4},"end":{"line":134,"column":39}}]},"23":{"loc":{"start":{"line":135,"column":4},"end":{"line":135,"column":60}},"type":"if","locations":[{"start":{"line":135,"column":4},"end":{"line":135,"column":60}}]},"24":{"loc":{"start":{"line":138,"column":4},"end":{"line":138,"column":42}},"type":"if","locations":[{"start":{"line":138,"column":4},"end":{"line":138,"column":42}}]},"25":{"loc":{"start":{"line":139,"column":4},"end":{"line":141,"column":5}},"type":"if","locations":[{"start":{"line":139,"column":4},"end":{"line":141,"column":5}}]},"26":{"loc":{"start":{"line":139,"column":8},"end":{"line":139,"column":66}},"type":"binary-expr","locations":[{"start":{"line":139,"column":8},"end":{"line":139,"column":35}},{"start":{"line":139,"column":39},"end":{"line":139,"column":66}}]},"27":{"loc":{"start":{"line":142,"column":4},"end":{"line":144,"column":5}},"type":"if","locations":[{"start":{"line":142,"column":4},"end":{"line":144,"column":5}}]},"28":{"loc":{"start":{"line":147,"column":4},"end":{"line":147,"column":39}},"type":"if","locations":[{"start":{"line":147,"column":4},"end":{"line":147,"column":39}}]},"29":{"loc":{"start":{"line":148,"column":4},"end":{"line":148,"column":48}},"type":"if","locations":[{"start":{"line":148,"column":4},"end":{"line":148,"column":48}}]},"30":{"loc":{"start":{"line":151,"column":4},"end":{"line":151,"column":43}},"type":"if","locations":[{"start":{"line":151,"column":4},"end":{"line":151,"column":43}}]},"31":{"loc":{"start":{"line":152,"column":4},"end":{"line":154,"column":5}},"type":"if","locations":[{"start":{"line":152,"column":4},"end":{"line":154,"column":5}}]},"32":{"loc":{"start":{"line":155,"column":4},"end":{"line":157,"column":5}},"type":"if","locations":[{"start":{"line":155,"column":4},"end":{"line":157,"column":5}}]},"33":{"loc":{"start":{"line":158,"column":4},"end":{"line":160,"column":5}},"type":"if","locations":[{"start":{"line":158,"column":4},"end":{"line":160,"column":5}}]},"34":{"loc":{"start":{"line":161,"column":4},"end":{"line":163,"column":5}},"type":"if","locations":[{"start":{"line":161,"column":4},"end":{"line":163,"column":5}}]},"35":{"loc":{"start":{"line":164,"column":4},"end":{"line":164,"column":60}},"type":"if","locations":[{"start":{"line":164,"column":4},"end":{"line":164,"column":60}}]},"36":{"loc":{"start":{"line":167,"column":4},"end":{"line":175,"column":5}},"type":"if","locations":[{"start":{"line":167,"column":4},"end":{"line":175,"column":5}}]},"37":{"loc":{"start":{"line":172,"column":6},"end":{"line":174,"column":7}},"type":"if","locations":[{"start":{"line":172,"column":6},"end":{"line":174,"column":7}}]},"38":{"loc":{"start":{"line":186,"column":21},"end":{"line":186,"column":71}},"type":"cond-expr","locations":[{"start":{"line":186,"column":46},"end":{"line":186,"column":59}},{"start":{"line":186,"column":62},"end":{"line":186,"column":71}}]},"39":{"loc":{"start":{"line":187,"column":6},"end":{"line":189,"column":7}},"type":"if","locations":[{"start":{"line":187,"column":6},"end":{"line":189,"column":7}}]},"40":{"loc":{"start":{"line":192,"column":6},"end":{"line":195,"column":7}},"type":"if","locations":[{"start":{"line":192,"column":6},"end":{"line":195,"column":7}}]},"41":{"loc":{"start":{"line":206,"column":4},"end":{"line":206,"column":44}},"type":"if","locations":[{"start":{"line":206,"column":4},"end":{"line":206,"column":44}}]},"42":{"loc":{"start":{"line":207,"column":4},"end":{"line":209,"column":5}},"type":"if","locations":[{"start":{"line":207,"column":4},"end":{"line":209,"column":5}}]},"43":{"loc":{"start":{"line":210,"column":4},"end":{"line":212,"column":5}},"type":"if","locations":[{"start":{"line":210,"column":4},"end":{"line":212,"column":5}}]},"44":{"loc":{"start":{"line":224,"column":4},"end":{"line":226,"column":5}},"type":"if","locations":[{"start":{"line":224,"column":4},"end":{"line":226,"column":5}}]},"45":{"loc":{"start":{"line":224,"column":8},"end":{"line":224,"column":57}},"type":"binary-expr","locations":[{"start":{"line":224,"column":8},"end":{"line":224,"column":24}},{"start":{"line":224,"column":28},"end":{"line":224,"column":57}}]},"46":{"loc":{"start":{"line":229,"column":4},"end":{"line":229,"column":44}},"type":"if","locations":[{"start":{"line":229,"column":4},"end":{"line":229,"column":44}}]},"47":{"loc":{"start":{"line":230,"column":4},"end":{"line":232,"column":5}},"type":"if","locations":[{"start":{"line":230,"column":4},"end":{"line":232,"column":5}}]},"48":{"loc":{"start":{"line":230,"column":8},"end":{"line":230,"column":71}},"type":"binary-expr","locations":[{"start":{"line":230,"column":8},"end":{"line":230,"column":35}},{"start":{"line":230,"column":39},"end":{"line":230,"column":71}}]},"49":{"loc":{"start":{"line":245,"column":4},"end":{"line":245,"column":45}},"type":"if","locations":[{"start":{"line":245,"column":4},"end":{"line":245,"column":45}}]},"50":{"loc":{"start":{"line":252,"column":6},"end":{"line":257,"column":7}},"type":"if","locations":[{"start":{"line":252,"column":6},"end":{"line":257,"column":7}},{"start":{"line":255,"column":13},"end":{"line":257,"column":7}}]},"51":{"loc":{"start":{"line":262,"column":16},"end":{"line":262,"column":71}},"type":"cond-expr","locations":[{"start":{"line":262,"column":37},"end":{"line":262,"column":64}},{"start":{"line":262,"column":67},"end":{"line":262,"column":71}}]},"52":{"loc":{"start":{"line":274,"column":4},"end":{"line":274,"column":27}},"type":"if","locations":[{"start":{"line":274,"column":4},"end":{"line":274,"column":27}}]},"53":{"loc":{"start":{"line":295,"column":4},"end":{"line":295,"column":22}},"type":"if","locations":[{"start":{"line":295,"column":4},"end":{"line":295,"column":22}}]},"54":{"loc":{"start":{"line":303,"column":4},"end":{"line":307,"column":5}},"type":"if","locations":[{"start":{"line":303,"column":4},"end":{"line":307,"column":5}}]},"55":{"loc":{"start":{"line":312,"column":4},"end":{"line":312,"column":21}},"type":"if","locations":[{"start":{"line":312,"column":4},"end":{"line":312,"column":21}}]},"56":{"loc":{"start":{"line":319,"column":4},"end":{"line":322,"column":5}},"type":"if","locations":[{"start":{"line":319,"column":4},"end":{"line":322,"column":5}}]},"57":{"loc":{"start":{"line":330,"column":4},"end":{"line":330,"column":43}},"type":"if","locations":[{"start":{"line":330,"column":4},"end":{"line":330,"column":43}}]},"58":{"loc":{"start":{"line":332,"column":4},"end":{"line":332,"column":51}},"type":"if","locations":[{"start":{"line":332,"column":4},"end":{"line":332,"column":51}}]},"59":{"loc":{"start":{"line":333,"column":4},"end":{"line":333,"column":62}},"type":"if","locations":[{"start":{"line":333,"column":4},"end":{"line":333,"column":62}}]},"60":{"loc":{"start":{"line":335,"column":20},"end":{"line":335,"column":39}},"type":"binary-expr","locations":[{"start":{"line":335,"column":20},"end":{"line":335,"column":33}},{"start":{"line":335,"column":37},"end":{"line":335,"column":39}}]},"61":{"loc":{"start":{"line":339,"column":4},"end":{"line":339,"column":39}},"type":"if","locations":[{"start":{"line":339,"column":4},"end":{"line":339,"column":39}}]},"62":{"loc":{"start":{"line":340,"column":4},"end":{"line":340,"column":50}},"type":"if","locations":[{"start":{"line":340,"column":4},"end":{"line":340,"column":50}}]}},"s":{"0":3,"1":3,"2":3,"3":3,"4":3,"5":3,"6":3,"7":3,"8":3,"9":3,"10":3,"11":3,"12":3,"13":3,"14":22,"15":1,"16":21,"17":0,"18":21,"19":1,"20":20,"21":20,"22":18,"23":18,"24":1,"25":17,"26":1,"27":16,"28":0,"29":16,"30":0,"31":16,"32":0,"33":16,"34":1,"35":15,"36":15,"37":15,"38":0,"39":15,"40":0,"41":15,"42":0,"43":15,"44":15,"45":1,"46":14,"47":14,"48":16,"49":16,"50":0,"51":16,"52":0,"53":16,"54":0,"55":16,"56":0,"57":16,"58":0,"59":16,"60":1,"61":15,"62":15,"63":1,"64":14,"65":14,"66":13,"67":13,"68":0,"69":13,"70":0,"71":13,"72":13,"73":0,"74":13,"75":0,"76":13,"77":0,"78":13,"79":13,"80":1,"81":12,"82":0,"83":12,"84":12,"85":0,"86":12,"87":0,"88":12,"89":0,"90":12,"91":1,"92":11,"93":1,"94":10,"95":0,"96":10,"97":0,"98":10,"99":0,"100":0,"101":0,"102":0,"103":0,"104":10,"105":10,"106":10,"107":10,"108":10,"109":10,"110":10,"111":10,"112":10,"113":10,"114":10,"115":10,"116":7,"117":7,"118":0,"119":7,"120":1,"121":6,"122":1,"123":5,"124":5,"125":5,"126":5,"127":5,"128":5,"129":1,"130":4,"131":4,"132":0,"133":4,"134":1,"135":3,"136":3,"137":3,"138":1,"139":1,"140":1,"141":0,"142":0,"143":0,"144":0,"145":0,"146":0,"147":0,"148":0,"149":0,"150":0,"151":0,"152":0,"153":0,"154":0,"155":0,"156":0,"157":0,"158":0,"159":0,"160":0,"161":5,"162":5,"163":0,"164":5,"165":5,"166":5,"167":5,"168":5,"169":5,"170":5,"171":5,"172":5,"173":0,"174":5,"175":5,"176":5,"177":5,"178":0,"179":0,"180":0,"181":0,"182":0,"183":0,"184":0,"185":0,"186":0,"187":0,"188":0,"189":0,"190":0,"191":0,"192":0,"193":0,"194":3},"f":{"0":3,"1":22,"2":18,"3":15,"4":16,"5":13,"6":0,"7":0,"8":10,"9":7,"10":5,"11":1,"12":0,"13":0,"14":0,"15":0,"16":5,"17":5,"18":5,"19":0,"20":0},"b":{"0":[3,0],"1":[1],"2":[0],"3":[1],"4":[1],"5":[1],"6":[0],"7":[0],"8":[0],"9":[1],"10":[0],"11":[0],"12":[0],"13":[1],"14":[0],"15":[0],"16":[16,16],"17":[0],"18":[0],"19":[0],"20":[1],"21":[1],"22":[0],"23":[0],"24":[0],"25":[0],"26":[13,13],"27":[0],"28":[1],"29":[0],"30":[0],"31":[0],"32":[0],"33":[1],"34":[1],"35":[0],"36":[0],"37":[0],"38":[10,0],"39":[10],"40":[10],"41":[0],"42":[1],"43":[1],"44":[1],"45":[5,4],"46":[0],"47":[1],"48":[4,1],"49":[1],"50":[0,0],"51":[0,0],"52":[0],"53":[0],"54":[5],"55":[0],"56":[5],"57":[0],"58":[0],"59":[0],"60":[0,0],"61":[0],"62":[0]}}
}
