TN:
SF:src/server.ts
FN:13,(anonymous_1)
FN:15,(anonymous_2)
FN:19,(anonymous_3)
FNF:3
FNH:0
FNDA:0,(anonymous_1)
FNDA:0,(anonymous_2)
FNDA:0,(anonymous_3)
DA:1,0
DA:2,0
DA:3,0
DA:4,0
DA:6,0
DA:7,0
DA:9,0
DA:10,0
DA:12,0
DA:14,0
DA:15,0
DA:16,0
DA:20,0
DA:23,0
LF:14
LH:0
BRDA:7,0,0,0
BRDA:7,0,1,0
BRF:2
BRH:0
end_of_record
TN:
SF:src/config/database.ts
FNF:0
FNH:0
DA:1,3
DA:2,3
DA:3,3
DA:4,3
DA:5,3
DA:6,3
DA:7,3
DA:8,3
DA:9,3
DA:10,3
DA:12,3
LF:11
LH:11
BRDA:14,0,0,3
BRDA:14,0,1,3
BRF:2
BRH:2
end_of_record
TN:
SF:src/config/test-database.ts
FNF:0
FNH:0
DA:1,3
DA:2,3
DA:3,3
DA:4,3
DA:5,3
DA:6,3
DA:7,3
DA:8,3
DA:9,3
DA:11,3
LF:10
LH:10
BRF:0
BRH:0
end_of_record
TN:
SF:src/entities/Batch.ts
FN:39,(anonymous_2)
FN:39,(anonymous_3)
FN:43,(anonymous_4)
FN:43,(anonymous_5)
FNF:4
FNH:4
FNDA:3,(anonymous_2)
FNDA:3,(anonymous_3)
FNDA:3,(anonymous_4)
FNDA:3,(anonymous_5)
DA:1,3
DA:2,3
DA:3,3
DA:8,3
DA:10,3
DA:13,3
DA:16,3
DA:19,3
DA:22,3
DA:25,3
DA:28,3
DA:31,3
DA:34,3
DA:37,3
DA:39,3
DA:41,3
DA:43,3
DA:44,3
DA:47,3
DA:50,3
LF:20
LH:20
BRDA:22,0,0,3
BRDA:22,0,1,0
BRDA:22,1,0,3
BRDA:22,1,1,3
BRDA:25,2,0,3
BRDA:25,2,1,0
BRDA:25,3,0,3
BRDA:25,3,1,3
BRDA:41,4,0,0
BRDA:41,4,1,3
BRDA:41,5,0,3
BRDA:41,5,1,0
BRDA:47,6,0,3
BRDA:47,6,1,0
BRDA:47,7,0,3
BRDA:47,7,1,3
BRDA:50,8,0,3
BRDA:50,8,1,0
BRDA:50,9,0,3
BRDA:50,9,1,3
BRF:20
BRH:14
end_of_record
TN:
SF:src/entities/Pen.ts
FN:33,(anonymous_2)
FN:33,(anonymous_3)
FN:36,(anonymous_4)
FN:36,(anonymous_5)
FNF:4
FNH:4
FNDA:3,(anonymous_2)
FNDA:3,(anonymous_3)
FNDA:3,(anonymous_4)
FNDA:3,(anonymous_5)
DA:1,3
DA:2,3
DA:3,3
DA:8,3
DA:10,3
DA:13,3
DA:16,3
DA:19,3
DA:22,3
DA:25,3
DA:28,3
DA:31,3
DA:33,3
DA:34,3
DA:36,3
DA:37,3
LF:16
LH:16
BRDA:25,0,0,3
BRDA:25,0,1,0
BRDA:25,1,0,3
BRDA:25,1,1,3
BRDA:28,2,0,3
BRDA:28,2,1,0
BRDA:28,3,0,3
BRDA:28,3,1,3
BRDA:31,4,0,3
BRDA:31,4,1,0
BRDA:31,5,0,3
BRDA:31,5,1,3
BRF:12
BRH:9
end_of_record
TN:
SF:src/entities/QuarantineReport.ts
FNF:0
FNH:0
DA:1,3
DA:6,3
DA:8,3
DA:11,3
DA:14,3
DA:17,3
DA:20,3
DA:23,3
DA:26,3
DA:29,3
DA:32,3
DA:35,3
DA:38,3
DA:41,3
DA:44,3
DA:47,3
DA:50,3
DA:53,3
DA:56,3
LF:19
LH:19
BRDA:14,0,0,3
BRDA:14,0,1,0
BRDA:14,1,0,3
BRDA:14,1,1,3
BRDA:17,2,0,3
BRDA:17,2,1,0
BRDA:17,3,0,3
BRDA:17,3,1,3
BRDA:20,4,0,3
BRDA:20,4,1,0
BRDA:20,5,0,3
BRDA:20,5,1,3
BRDA:47,6,0,3
BRDA:47,6,1,0
BRDA:47,7,0,3
BRDA:47,7,1,3
BRDA:53,8,0,3
BRDA:53,8,1,0
BRDA:53,9,0,3
BRDA:53,9,1,3
BRDA:56,10,0,3
BRDA:56,10,1,0
BRDA:56,11,0,3
BRDA:56,11,1,3
BRF:24
BRH:18
end_of_record
TN:
SF:src/entities/SupplementaryRecord.ts
FN:35,(anonymous_2)
FNF:1
FNH:1
FNDA:3,(anonymous_2)
DA:1,3
DA:2,3
DA:7,3
DA:9,3
DA:12,3
DA:15,3
DA:18,3
DA:21,3
DA:24,3
DA:27,3
DA:30,3
DA:33,3
DA:35,3
DA:37,3
DA:40,3
DA:43,3
LF:16
LH:16
BRDA:12,0,0,3
BRDA:12,0,1,0
BRDA:12,1,0,3
BRDA:12,1,1,3
BRDA:24,2,0,3
BRDA:24,2,1,0
BRDA:24,3,0,3
BRDA:24,3,1,3
BRDA:37,4,0,3
BRDA:37,4,1,0
BRDA:37,5,0,3
BRDA:37,5,1,3
BRDA:40,6,0,3
BRDA:40,6,1,0
BRDA:40,7,0,3
BRDA:40,7,1,3
BRDA:43,8,0,3
BRDA:43,8,1,0
BRDA:43,9,0,3
BRDA:43,9,1,3
BRF:20
BRH:15
end_of_record
TN:
SF:src/entities/VaccinationPlan.ts
FN:37,(anonymous_2)
FN:37,(anonymous_3)
FN:41,(anonymous_4)
FN:41,(anonymous_5)
FN:44,(anonymous_6)
FN:44,(anonymous_7)
FNF:6
FNH:6
FNDA:3,(anonymous_2)
FNDA:3,(anonymous_3)
FNDA:3,(anonymous_4)
FNDA:3,(anonymous_5)
FNDA:3,(anonymous_6)
FNDA:3,(anonymous_7)
DA:1,3
DA:2,3
DA:3,3
DA:4,3
DA:9,3
DA:11,3
DA:14,3
DA:17,3
DA:20,3
DA:23,3
DA:26,3
DA:29,3
DA:32,3
DA:35,3
DA:37,3
DA:39,3
DA:41,3
DA:42,3
DA:44,3
DA:45,3
DA:48,3
DA:51,3
LF:22
LH:22
BRDA:20,0,0,3
BRDA:20,0,1,0
BRDA:20,1,0,3
BRDA:20,1,1,3
BRDA:23,2,0,3
BRDA:23,2,1,0
BRDA:23,3,0,3
BRDA:23,3,1,3
BRDA:39,4,0,0
BRDA:39,4,1,3
BRDA:39,5,0,3
BRDA:39,5,1,0
BRDA:48,6,0,3
BRDA:48,6,1,0
BRDA:48,7,0,3
BRDA:48,7,1,3
BRDA:51,8,0,3
BRDA:51,8,1,0
BRDA:51,9,0,3
BRDA:51,9,1,3
BRF:20
BRH:14
end_of_record
TN:
SF:src/entities/VaccinationRecord.ts
FN:41,(anonymous_2)
FN:41,(anonymous_3)
FN:45,(anonymous_4)
FN:45,(anonymous_5)
FN:49,(anonymous_6)
FN:49,(anonymous_7)
FN:53,(anonymous_8)
FN:53,(anonymous_9)
FNF:8
FNH:8
FNDA:3,(anonymous_2)
FNDA:3,(anonymous_3)
FNDA:3,(anonymous_4)
FNDA:3,(anonymous_5)
FNDA:3,(anonymous_6)
FNDA:3,(anonymous_7)
FNDA:3,(anonymous_8)
FNDA:3,(anonymous_9)
DA:1,3
DA:2,3
DA:3,3
DA:4,3
DA:5,3
DA:10,3
DA:12,3
DA:15,3
DA:18,3
DA:21,3
DA:24,3
DA:27,3
DA:30,3
DA:33,3
DA:36,3
DA:39,3
DA:41,3
DA:43,3
DA:45,3
DA:47,3
DA:49,3
DA:51,3
DA:53,3
DA:55,3
DA:58,3
DA:61,3
DA:64,3
LF:27
LH:27
BRDA:15,0,0,3
BRDA:15,0,1,0
BRDA:15,1,0,3
BRDA:15,1,1,3
BRDA:43,2,0,0
BRDA:43,2,1,3
BRDA:43,3,0,3
BRDA:43,3,1,0
BRDA:47,4,0,0
BRDA:47,4,1,3
BRDA:47,5,0,3
BRDA:47,5,1,0
BRDA:51,6,0,3
BRDA:51,6,1,0
BRDA:51,7,0,3
BRDA:51,7,1,3
BRDA:55,8,0,3
BRDA:55,8,1,0
BRDA:55,9,0,3
BRDA:55,9,1,3
BRDA:61,10,0,3
BRDA:61,10,1,0
BRDA:61,11,0,3
BRDA:61,11,1,3
BRDA:64,12,0,3
BRDA:64,12,1,0
BRDA:64,13,0,3
BRDA:64,13,1,3
BRF:28
BRH:19
end_of_record
TN:
SF:src/entities/Veterinarian.ts
FN:30,(anonymous_2)
FN:30,(anonymous_3)
FNF:2
FNH:2
FNDA:3,(anonymous_2)
FNDA:3,(anonymous_3)
DA:1,3
DA:2,3
DA:5,3
DA:7,3
DA:10,3
DA:13,3
DA:16,3
DA:19,3
DA:22,3
DA:25,3
DA:28,3
DA:30,3
DA:31,3
LF:13
LH:13
BRDA:25,0,0,3
BRDA:25,0,1,0
BRDA:25,1,0,3
BRDA:25,1,1,3
BRDA:28,2,0,3
BRDA:28,2,1,0
BRDA:28,3,0,3
BRDA:28,3,1,3
BRF:8
BRH:6
end_of_record
TN:
SF:src/routes/index.ts
FN:13,(anonymous_0)
FN:22,(anonymous_1)
FN:35,(anonymous_2)
FN:44,(anonymous_3)
FN:58,(anonymous_4)
FN:71,(anonymous_5)
FN:81,(anonymous_6)
FN:91,(anonymous_7)
FN:100,(anonymous_8)
FN:113,(anonymous_9)
FN:126,(anonymous_10)
FN:140,(anonymous_11)
FN:154,(anonymous_12)
FN:163,(anonymous_13)
FN:172,(anonymous_14)
FN:181,(anonymous_15)
FN:195,(anonymous_16)
FN:204,(anonymous_17)
FN:214,(anonymous_18)
FN:224,(anonymous_19)
FN:233,(anonymous_20)
FNF:21
FNH:0
FNDA:0,(anonymous_0)
FNDA:0,(anonymous_1)
FNDA:0,(anonymous_2)
FNDA:0,(anonymous_3)
FNDA:0,(anonymous_4)
FNDA:0,(anonymous_5)
FNDA:0,(anonymous_6)
FNDA:0,(anonymous_7)
FNDA:0,(anonymous_8)
FNDA:0,(anonymous_9)
FNDA:0,(anonymous_10)
FNDA:0,(anonymous_11)
FNDA:0,(anonymous_12)
FNDA:0,(anonymous_13)
FNDA:0,(anonymous_14)
FNDA:0,(anonymous_15)
FNDA:0,(anonymous_16)
FNDA:0,(anonymous_17)
FNDA:0,(anonymous_18)
FNDA:0,(anonymous_19)
FNDA:0,(anonymous_20)
DA:1,0
DA:2,0
DA:3,0
DA:4,0
DA:5,0
DA:7,0
DA:8,0
DA:9,0
DA:10,0
DA:11,0
DA:13,0
DA:14,0
DA:15,0
DA:16,0
DA:18,0
DA:22,0
DA:23,0
DA:24,0
DA:28,0
DA:29,0
DA:31,0
DA:35,0
DA:36,0
DA:37,0
DA:38,0
DA:40,0
DA:44,0
DA:45,0
DA:46,0
DA:51,0
DA:52,0
DA:54,0
DA:58,0
DA:59,0
DA:60,0
DA:64,0
DA:65,0
DA:67,0
DA:71,0
DA:72,0
DA:73,0
DA:74,0
DA:75,0
DA:77,0
DA:81,0
DA:82,0
DA:83,0
DA:84,0
DA:85,0
DA:87,0
DA:91,0
DA:92,0
DA:93,0
DA:94,0
DA:96,0
DA:100,0
DA:101,0
DA:102,0
DA:103,0
DA:104,0
DA:105,0
DA:107,0
DA:109,0
DA:113,0
DA:114,0
DA:115,0
DA:119,0
DA:120,0
DA:122,0
DA:126,0
DA:127,0
DA:128,0
DA:129,0
DA:134,0
DA:136,0
DA:140,0
DA:141,0
DA:142,0
DA:143,0
DA:148,0
DA:150,0
DA:154,0
DA:155,0
DA:156,0
DA:157,0
DA:159,0
DA:163,0
DA:164,0
DA:165,0
DA:166,0
DA:168,0
DA:172,0
DA:173,0
DA:174,0
DA:175,0
DA:177,0
DA:181,0
DA:182,0
DA:183,0
DA:188,0
DA:189,0
DA:191,0
DA:195,0
DA:196,0
DA:197,0
DA:198,0
DA:200,0
DA:204,0
DA:205,0
DA:206,0
DA:207,0
DA:208,0
DA:210,0
DA:214,0
DA:215,0
DA:216,0
DA:217,0
DA:218,0
DA:220,0
DA:224,0
DA:225,0
DA:226,0
DA:227,0
DA:229,0
DA:233,0
DA:234,0
DA:235,0
DA:236,0
DA:238,0
DA:242,0
LF:130
LH:0
BRDA:103,0,0,0
BRF:1
BRH:0
end_of_record
TN:
SF:src/services/ReportService.ts
FN:16,(anonymous_0)
FN:24,(anonymous_1)
FN:61,(anonymous_2)
FN:63,(anonymous_3)
FN:64,(anonymous_4)
FN:67,(anonymous_5)
FN:68,(anonymous_6)
FN:72,(anonymous_7)
FN:77,(anonymous_8)
FN:111,(anonymous_9)
FN:122,(anonymous_10)
FN:137,(anonymous_11)
FN:152,(anonymous_12)
FN:171,(anonymous_13)
FN:183,(anonymous_14)
FN:184,(anonymous_15)
FN:185,(anonymous_16)
FN:214,(anonymous_17)
FN:217,(anonymous_18)
FN:217,(anonymous_19)
FNF:20
FNH:7
FNDA:3,(anonymous_0)
FNDA:5,(anonymous_1)
FNDA:0,(anonymous_2)
FNDA:3,(anonymous_3)
FNDA:0,(anonymous_4)
FNDA:0,(anonymous_5)
FNDA:0,(anonymous_6)
FNDA:0,(anonymous_7)
FNDA:0,(anonymous_8)
FNDA:2,(anonymous_9)
FNDA:1,(anonymous_10)
FNDA:0,(anonymous_11)
FNDA:0,(anonymous_12)
FNDA:3,(anonymous_13)
FNDA:0,(anonymous_14)
FNDA:0,(anonymous_15)
FNDA:0,(anonymous_16)
FNDA:3,(anonymous_17)
FNDA:0,(anonymous_18)
FNDA:0,(anonymous_19)
DA:1,3
DA:2,3
DA:3,3
DA:4,3
DA:5,3
DA:6,3
DA:7,3
DA:9,3
DA:17,3
DA:18,3
DA:19,3
DA:20,3
DA:21,3
DA:30,5
DA:31,5
DA:32,5
DA:33,1
DA:35,4
DA:36,1
DA:38,3
DA:40,3
DA:43,3
DA:44,0
DA:47,3
DA:54,3
DA:61,3
DA:63,3
DA:64,3
DA:66,3
DA:67,0
DA:68,0
DA:70,3
DA:71,3
DA:73,0
DA:76,3
DA:77,0
DA:81,3
DA:93,3
DA:94,3
DA:108,3
DA:112,2
DA:113,2
DA:114,2
DA:115,1
DA:118,1
DA:119,1
DA:123,1
DA:125,1
DA:126,1
DA:127,1
DA:128,1
DA:131,0
DA:132,0
DA:133,0
DA:134,0
DA:138,0
DA:139,0
DA:142,0
DA:143,0
DA:144,0
DA:145,0
DA:148,0
DA:149,0
DA:159,0
DA:160,0
DA:162,0
DA:182,3
DA:183,3
DA:184,3
DA:185,3
DA:187,3
DA:214,3
DA:217,0
DA:220,3
LF:74
LH:53
BRDA:17,0,0,3
BRDA:17,0,1,0
BRDA:30,1,0,0
BRDA:31,2,0,0
BRDA:32,3,0,1
BRDA:35,4,0,1
BRDA:35,5,0,4
BRDA:35,5,1,4
BRDA:38,6,0,0
BRDA:43,7,0,0
BRDA:67,8,0,0
BRDA:67,8,1,0
BRDA:73,9,0,0
BRDA:73,9,1,0
BRDA:73,9,2,0
BRDA:113,10,0,0
BRDA:114,11,0,1
BRDA:123,12,0,0
BRDA:126,13,0,0
BRDA:127,14,0,1
BRDA:138,15,0,0
BRDA:138,16,0,0
BRDA:138,16,1,0
BRDA:143,17,0,0
BRDA:144,18,0,0
BRDA:160,19,0,0
BRDA:182,20,0,3
BRDA:182,20,1,0
BRDA:185,21,0,0
BRDA:185,21,1,0
BRF:30
BRH:8
end_of_record
TN:
SF:src/services/SupplementaryService.ts
FN:12,(anonymous_0)
FN:18,(anonymous_1)
FN:61,(anonymous_2)
FN:81,(anonymous_3)
FN:97,(anonymous_4)
FN:120,(anonymous_5)
FN:134,(anonymous_6)
FNF:7
FNH:4
FNDA:3,(anonymous_0)
FNDA:3,(anonymous_1)
FNDA:4,(anonymous_2)
FNDA:2,(anonymous_3)
FNDA:0,(anonymous_4)
FNDA:0,(anonymous_5)
FNDA:0,(anonymous_6)
DA:1,3
DA:2,3
DA:3,3
DA:4,3
DA:7,3
DA:13,3
DA:14,3
DA:15,3
DA:24,3
DA:25,3
DA:26,0
DA:28,3
DA:30,3
DA:33,3
DA:35,3
DA:36,1
DA:39,2
DA:45,2
DA:46,0
DA:49,2
DA:55,2
DA:56,2
DA:58,2
DA:66,4
DA:67,4
DA:69,4
DA:73,4
DA:74,3
DA:75,1
DA:78,2
DA:79,2
DA:81,2
DA:82,2
DA:83,2
DA:84,2
DA:85,2
DA:86,2
DA:88,2
DA:89,2
DA:90,2
DA:91,2
DA:94,2
DA:102,0
DA:103,0
DA:104,0
DA:105,0
DA:108,0
DA:112,0
DA:113,0
DA:114,0
DA:117,0
DA:118,0
DA:120,0
DA:121,0
DA:122,0
DA:123,0
DA:124,0
DA:125,0
DA:127,0
DA:128,0
DA:131,0
DA:135,0
LF:62
LH:40
BRDA:13,0,0,3
BRDA:13,0,1,0
BRDA:24,1,0,0
BRDA:25,2,0,0
BRDA:25,3,0,3
BRDA:25,3,1,3
BRDA:28,4,0,0
BRDA:33,5,0,0
BRDA:35,6,0,1
BRDA:35,7,0,3
BRDA:35,7,1,1
BRDA:45,8,0,0
BRDA:66,9,0,0
BRDA:67,10,0,0
BRDA:73,11,0,1
BRDA:74,12,0,1
BRDA:79,13,0,0
BRDA:102,14,0,0
BRDA:103,15,0,0
BRDA:104,16,0,0
BRDA:104,17,0,0
BRDA:104,17,1,0
BRDA:112,18,0,0
BRDA:113,19,0,0
BRDA:118,20,0,0
BRF:25
BRH:8
end_of_record
TN:
SF:src/services/TraceabilityService.ts
FN:17,(anonymous_0)
FN:26,(anonymous_1)
FN:58,(anonymous_2)
FN:65,(anonymous_3)
FN:66,(anonymous_4)
FN:68,(anonymous_5)
FN:69,(anonymous_6)
FN:94,(anonymous_7)
FN:123,(anonymous_8)
FN:124,(anonymous_9)
FN:139,(anonymous_10)
FN:193,(anonymous_11)
FN:201,(anonymous_12)
FN:202,(anonymous_13)
FN:207,(anonymous_14)
FNF:15
FNH:10
FNDA:2,(anonymous_0)
FNDA:2,(anonymous_1)
FNDA:1,(anonymous_2)
FNDA:1,(anonymous_3)
FNDA:1,(anonymous_4)
FNDA:1,(anonymous_5)
FNDA:0,(anonymous_6)
FNDA:0,(anonymous_7)
FNDA:0,(anonymous_8)
FNDA:0,(anonymous_9)
FNDA:0,(anonymous_10)
FNDA:1,(anonymous_11)
FNDA:1,(anonymous_12)
FNDA:1,(anonymous_13)
FNDA:1,(anonymous_14)
DA:1,2
DA:2,2
DA:3,2
DA:4,2
DA:5,2
DA:6,2
DA:7,2
DA:9,2
DA:18,2
DA:19,2
DA:20,2
DA:21,2
DA:22,2
DA:23,2
DA:40,2
DA:44,2
DA:46,1
DA:47,1
DA:49,1
DA:50,1
DA:52,1
DA:58,1
DA:59,1
DA:63,1
DA:64,1
DA:65,1
DA:66,1
DA:67,1
DA:68,1
DA:69,0
DA:70,1
DA:72,1
DA:78,1
DA:105,0
DA:108,0
DA:110,0
DA:116,0
DA:123,0
DA:124,0
DA:126,0
DA:148,0
DA:151,0
DA:158,0
DA:160,0
DA:166,0
DA:167,0
DA:172,0
DA:173,0
DA:179,0
DA:180,0
DA:187,0
DA:198,1
DA:199,1
DA:201,1
DA:202,1
DA:204,1
DA:206,1
DA:207,1
DA:209,1
DA:211,1
LF:60
LH:41
BRDA:18,0,0,2
BRDA:18,0,1,0
BRDA:44,1,0,1
BRDA:47,2,0,0
BRDA:50,3,0,0
BRDA:68,4,0,1
BRDA:68,4,1,1
BRDA:70,5,0,1
BRDA:70,5,1,0
BRDA:108,6,0,0
BRDA:123,7,0,0
BRDA:123,7,1,0
BRDA:134,8,0,0
BRDA:134,8,1,0
BRDA:151,9,0,0
BRDA:166,10,0,0
BRDA:166,10,1,0
BRDA:172,11,0,0
BRDA:172,11,1,0
BRDA:179,12,0,0
BRDA:198,13,0,0
BRDA:199,14,0,0
BRDA:204,15,0,0
BRDA:207,16,0,1
BRDA:207,16,1,1
BRDA:209,17,0,0
BRF:26
BRH:7
end_of_record
TN:
SF:src/services/VaccinationService.ts
FN:18,(anonymous_0)
FN:27,(anonymous_1)
FN:39,(anonymous_2)
FN:65,(anonymous_3)
FN:88,(anonymous_4)
FN:123,(anonymous_5)
FN:166,(anonymous_6)
FN:171,(anonymous_7)
FN:177,(anonymous_8)
FN:204,(anonymous_9)
FN:223,(anonymous_10)
FN:239,(anonymous_11)
FN:267,(anonymous_12)
FN:281,(anonymous_13)
FN:282,(anonymous_14)
FN:283,(anonymous_15)
FN:293,(anonymous_16)
FN:301,(anonymous_17)
FN:310,(anonymous_18)
FN:325,(anonymous_19)
FN:336,(anonymous_20)
FNF:21
FNH:13
FNDA:3,(anonymous_0)
FNDA:22,(anonymous_1)
FNDA:18,(anonymous_2)
FNDA:15,(anonymous_3)
FNDA:16,(anonymous_4)
FNDA:13,(anonymous_5)
FNDA:0,(anonymous_6)
FNDA:0,(anonymous_7)
FNDA:10,(anonymous_8)
FNDA:7,(anonymous_9)
FNDA:5,(anonymous_10)
FNDA:1,(anonymous_11)
FNDA:0,(anonymous_12)
FNDA:0,(anonymous_13)
FNDA:0,(anonymous_14)
FNDA:0,(anonymous_15)
FNDA:5,(anonymous_16)
FNDA:5,(anonymous_17)
FNDA:5,(anonymous_18)
FNDA:0,(anonymous_19)
FNDA:0,(anonymous_20)
DA:1,3
DA:2,3
DA:3,3
DA:4,3
DA:5,3
DA:6,3
DA:7,3
DA:8,3
DA:10,3
DA:19,3
DA:20,3
DA:21,3
DA:22,3
DA:23,3
DA:24,3
DA:28,22
DA:29,21
DA:30,21
DA:32,20
DA:36,20
DA:47,18
DA:48,18
DA:49,17
DA:50,16
DA:51,16
DA:52,16
DA:53,16
DA:54,1
DA:57,15
DA:62,15
DA:71,15
DA:72,15
DA:73,15
DA:75,15
DA:78,15
DA:80,14
DA:85,14
DA:97,16
DA:98,16
DA:99,16
DA:100,0
DA:102,16
DA:103,16
DA:104,16
DA:105,16
DA:106,1
DA:109,15
DA:112,15
DA:114,14
DA:120,14
DA:133,13
DA:134,13
DA:135,13
DA:137,13
DA:138,13
DA:139,13
DA:140,0
DA:142,13
DA:143,0
DA:146,13
DA:147,13
DA:148,12
DA:150,12
DA:151,12
DA:152,12
DA:153,0
DA:155,12
DA:156,0
DA:158,12
DA:159,1
DA:161,11
DA:162,1
DA:164,10
DA:166,10
DA:167,10
DA:168,0
DA:171,0
DA:172,0
DA:173,0
DA:177,10
DA:178,10
DA:183,10
DA:185,10
DA:186,10
DA:187,10
DA:188,10
DA:190,10
DA:192,10
DA:193,10
DA:194,10
DA:198,10
DA:205,7
DA:206,7
DA:207,7
DA:208,1
DA:210,6
DA:211,1
DA:214,5
DA:215,5
DA:217,5
DA:218,5
DA:220,5
DA:224,5
DA:225,1
DA:228,4
DA:229,4
DA:230,4
DA:231,1
DA:234,3
DA:235,3
DA:236,3
DA:244,1
DA:245,1
DA:247,0
DA:248,0
DA:250,0
DA:251,0
DA:252,0
DA:253,0
DA:254,0
DA:256,0
DA:260,0
DA:273,0
DA:274,0
DA:276,0
DA:281,0
DA:282,0
DA:283,0
DA:285,0
DA:294,5
DA:295,5
DA:297,5
DA:301,5
DA:303,5
DA:304,5
DA:305,5
DA:306,5
DA:311,5
DA:312,5
DA:314,5
DA:319,5
DA:320,5
DA:321,5
DA:326,0
DA:330,0
DA:332,0
DA:333,0
DA:335,0
DA:336,0
DA:337,0
DA:339,0
DA:340,0
DA:342,0
LF:153
LH:118
BRDA:19,0,0,3
BRDA:19,0,1,0
BRDA:28,1,0,1
BRDA:29,2,0,0
BRDA:30,3,0,1
BRDA:48,4,0,1
BRDA:49,5,0,1
BRDA:50,6,0,0
BRDA:51,7,0,0
BRDA:52,8,0,0
BRDA:53,9,0,1
BRDA:71,10,0,0
BRDA:72,11,0,0
BRDA:73,12,0,0
BRDA:78,13,0,1
BRDA:98,14,0,0
BRDA:99,15,0,0
BRDA:99,16,0,16
BRDA:99,16,1,16
BRDA:102,17,0,0
BRDA:103,18,0,0
BRDA:104,19,0,0
BRDA:105,20,0,1
BRDA:112,21,0,1
BRDA:134,22,0,0
BRDA:135,23,0,0
BRDA:138,24,0,0
BRDA:139,25,0,0
BRDA:139,26,0,13
BRDA:139,26,1,13
BRDA:142,27,0,0
BRDA:147,28,0,1
BRDA:148,29,0,0
BRDA:151,30,0,0
BRDA:152,31,0,0
BRDA:155,32,0,0
BRDA:158,33,0,1
BRDA:161,34,0,1
BRDA:164,35,0,0
BRDA:167,36,0,0
BRDA:172,37,0,0
BRDA:186,38,0,10
BRDA:186,38,1,0
BRDA:187,39,0,10
BRDA:192,40,0,10
BRDA:206,41,0,0
BRDA:207,42,0,1
BRDA:210,43,0,1
BRDA:224,44,0,1
BRDA:224,45,0,5
BRDA:224,45,1,4
BRDA:229,46,0,0
BRDA:230,47,0,1
BRDA:230,48,0,4
BRDA:230,48,1,1
BRDA:245,49,0,1
BRDA:252,50,0,0
BRDA:252,50,1,0
BRDA:262,51,0,0
BRDA:262,51,1,0
BRDA:274,52,0,0
BRDA:295,53,0,0
BRDA:303,54,0,5
BRDA:312,55,0,0
BRDA:319,56,0,5
BRDA:330,57,0,0
BRDA:332,58,0,0
BRDA:333,59,0,0
BRDA:335,60,0,0
BRDA:335,60,1,0
BRDA:339,61,0,0
BRDA:340,62,0,0
BRF:72
BRH:30
end_of_record
