<?xml version="1.0" encoding="UTF-8"?>
<testsuite xmlns:xsi="http://www.w3.org/2001/XMLSchema-instance" xsi:noNamespaceSchemaLocation="https://maven.apache.org/surefire/maven-surefire-plugin/xsd/surefire-test-report.xsd" version="3.0.2" name="com.xxx.financial.InterestReviewServiceTest" time="0.207" tests="7" errors="0" skipped="0" failures="0">
  <properties>
[...]
</properties>
  <testcase name="test_PinyinApprover_RequiresManagerReview" classname="com.xxx.financial.InterestReviewServiceTest" time="0.171">
    <system-out><![CDATA[========== 场景2：审批人只留拼音测试 ==========
19:41:40.382 [main] INFO  c.x.f.service.InterestReviewService - 初始化企业票据贴现利息复核，复核单号: REV19FD02CB, 票据号: CD20260601001, 操作人: 操作员张三
19:41:40.389 [main] INFO  c.x.f.service.InterestReviewService - 【步骤1】开始导入尾差调整条，复核单号: REV19FD02CB
19:41:40.390 [main] INFO  c.x.f.service.SelfCheckService - 自检[重复导入检查] - 通过: 无重复导入
19:41:40.390 [main] INFO  c.x.f.service.TailAdjustmentService - 开始处理尾差调整条，调整单号: ADJ20260601002, 票据号: CD20260601001
19:41:40.392 [main] WARN  c.x.f.service.TailAdjustmentService - 尾差调整条审批人仅为拼音: zhang ming, 标记为待客户经理复核
19:41:40.392 [main] INFO  c.x.f.service.TailAdjustmentService - 尾差调整条处理完成，状态: 待客户经理复核
19:41:40.392 [main] INFO  c.x.f.service.SelfCheckService - 自检[审批人拼音检查] - 未通过: 审批人仅为拼音，需客户经理复核
19:41:40.392 [main] INFO  c.x.f.service.InterestReviewService - 步骤1完成，待客户经理复核

--- 步骤1结果 ---
【企业票据贴现利息复核结果】
复核单号: REV19FD02CB
最终状态: 待客户经理复核
处理结果: 需人工介入
下一步操作: 请客户经理复核审批人身份，确认无误后继续流程
处理人: 客户经理

详细消息：
  尾差调整条导入成功，但审批人仅留拼音(zhang ming)
  已标记为待客户经理复核，不归入正常流程
19:41:40.393 [main] INFO  c.x.f.service.InterestReviewService - 【步骤2】支付平台产品阿南补看托管确认页，复核单号: REV19FD02CB
19:41:40.393 [main] WARN  c.x.f.service.InterestReviewService - 步骤2暂停: 需先完成客户经理复核

--- 步骤2结果（未经理复核前） ---
【企业票据贴现利息复核结果】
复核单号: REV19FD02CB
最终状态: 待客户经理复核
处理结果: 需人工介入
下一步操作: 请先联系客户经理完成审批人身份复核
处理人: 客户经理

详细消息：
  审批人仅为拼音，需先由客户经理复核
19:41:40.393 [main] INFO  c.x.f.service.InterestReviewService - 【客户经理复核】审批人拼音复核，复核单号: REV19FD02CB, 通过: true

--- 客户经理复核结果 ---
【企业票据贴现利息复核结果】
复核单号: REV19FD02CB
最终状态: 正常流程
处理结果: 成功
下一步操作: 请支付平台产品阿南复核托管确认页
处理人: 支付平台产品阿南

详细消息：
  客户经理已确认审批人身份
  请支付平台产品阿南补看托管确认页
19:41:40.394 [main] INFO  c.x.f.service.InterestReviewService - 【步骤2】支付平台产品阿南补看托管确认页，复核单号: REV19FD02CB
19:41:40.394 [main] INFO  c.x.f.s.TrusteeConfirmationService - 开始复核托管确认页，确认单号: TC20260601001
19:41:40.394 [main] INFO  c.x.f.s.TrusteeConfirmationService - 尾差调整与托管确认数据一致，无冲突
19:41:40.394 [main] INFO  c.x.f.s.TrusteeConfirmationService - 托管确认页复核完成，无冲突
19:41:40.394 [main] INFO  c.x.f.s.TrusteeConfirmationService - 尾差调整与托管确认数据一致，无冲突
19:41:40.394 [main] INFO  c.x.f.service.SelfCheckService - 自检[尾差与托管冲突检查] - 通过: 尾差调整与托管确认无冲突
19:41:40.394 [main] INFO  c.x.f.service.SelfCheckService - 自检[导出一致性检查] - 通过: 导出数据一致
19:41:40.394 [main] INFO  c.x.f.service.SelfCheckService - 自检[补录后重算检查] - 通过: 补录后重算一致
19:41:40.394 [main] INFO  c.x.f.service.InterestReviewService - 步骤2完成，托管确认页复核通过

--- 步骤2结果（经理复核后） ---
【企业票据贴现利息复核结果】
复核单号: REV19FD02CB
最终状态: 正常流程
处理结果: 成功
下一步操作: 请更新余额变化表
处理人: 系统/操作员

详细消息：
  托管确认页复核成功，无冲突
19:41:40.394 [main] INFO  c.x.f.service.InterestReviewService - 【步骤3】更新余额变化表，复核单号: REV19FD02CB
19:41:40.395 [main] INFO  c.x.f.s.BalanceVerificationService - 余额变化表校验通过，共1条记录，最终余额: 9000.00
19:41:40.396 [main] WARN  c.x.f.s.BalanceVerificationService - 未找到与尾差调整相关的余额变化记录，调整单号: ADJ20260601002
19:41:40.396 [main] INFO  c.x.f.service.SelfCheckService - 自检[余额与历史匹配检查] - 通过: 余额历史连续，尾差调整待更新到余额表
19:41:40.397 [main] INFO  c.x.f.s.BalanceVerificationService - 开始更新余额变化表，票据号: CD20260601001
19:41:40.398 [main] INFO  c.x.f.s.BalanceVerificationService - 余额变化表校验通过，共2条记录，最终余额: 9012.50
19:41:40.398 [main] INFO  c.x.f.s.BalanceVerificationService - 余额变化表更新成功，记录号: BALE4C115A6, 当前余额: 9012.50
19:41:40.398 [main] INFO  c.x.f.service.InterestReviewService - 步骤3完成，复核全部通过

--- 步骤3结果 ---
【企业票据贴现利息复核结果】
复核单号: REV19FD02CB
最终状态: 复核通过
处理结果: 成功
下一步操作: 复核完成，可归档或导出
处理人: 系统

详细消息：
  余额变化表更新成功
  当前余额: 9012.50
  企业票据贴现利息复核全部完成
✓ 审批人拼音场景测试通过 - 正确拦截并转客户经理复核

]]></system-out>
  </testcase>
  <testcase name="test_NormalMaterial_FullFlow_Success" classname="com.xxx.financial.InterestReviewServiceTest" time="0.001">
    <system-out><![CDATA[========== 场景1：正常材料全流程测试 ==========
19:41:40.398 [main] INFO  c.x.f.service.InterestReviewService - 初始化企业票据贴现利息复核，复核单号: REV868EDE29, 票据号: CD20260601001, 操作人: 操作员张三
19:41:40.399 [main] INFO  c.x.f.service.InterestReviewService - 【步骤1】开始导入尾差调整条，复核单号: REV868EDE29
19:41:40.399 [main] INFO  c.x.f.service.SelfCheckService - 自检[重复导入检查] - 通过: 无重复导入
19:41:40.399 [main] INFO  c.x.f.service.TailAdjustmentService - 开始处理尾差调整条，调整单号: ADJ20260601001, 票据号: CD20260601001
19:41:40.399 [main] INFO  c.x.f.service.TailAdjustmentService - 尾差调整条审批人信息完整，进入正常流程
19:41:40.399 [main] INFO  c.x.f.service.TailAdjustmentService - 尾差调整条处理完成，状态: 正常流程
19:41:40.399 [main] INFO  c.x.f.service.SelfCheckService - 自检[审批人拼音检查] - 通过: 审批人信息完整
19:41:40.399 [main] INFO  c.x.f.service.InterestReviewService - 步骤1完成，进入正常流程

--- 步骤1结果 ---
【企业票据贴现利息复核结果】
复核单号: REV868EDE29
最终状态: 正常流程
处理结果: 成功
下一步操作: 请支付平台产品阿南补看托管确认页
处理人: 支付平台产品阿南

详细消息：
  尾差调整条导入成功
  审批人信息完整，进入正常流程
19:41:40.399 [main] INFO  c.x.f.service.InterestReviewService - 【步骤2】支付平台产品阿南补看托管确认页，复核单号: REV868EDE29
19:41:40.399 [main] INFO  c.x.f.s.TrusteeConfirmationService - 开始复核托管确认页，确认单号: TC20260601001
19:41:40.400 [main] INFO  c.x.f.s.TrusteeConfirmationService - 尾差调整与托管确认数据一致，无冲突
19:41:40.400 [main] INFO  c.x.f.s.TrusteeConfirmationService - 托管确认页复核完成，无冲突
19:41:40.400 [main] INFO  c.x.f.s.TrusteeConfirmationService - 尾差调整与托管确认数据一致，无冲突
19:41:40.400 [main] INFO  c.x.f.service.SelfCheckService - 自检[尾差与托管冲突检查] - 通过: 尾差调整与托管确认无冲突
19:41:40.400 [main] INFO  c.x.f.service.SelfCheckService - 自检[导出一致性检查] - 通过: 导出数据一致
19:41:40.400 [main] INFO  c.x.f.service.SelfCheckService - 自检[补录后重算检查] - 通过: 补录后重算一致
19:41:40.400 [main] INFO  c.x.f.service.InterestReviewService - 步骤2完成，托管确认页复核通过

--- 步骤2结果 ---
【企业票据贴现利息复核结果】
复核单号: REV868EDE29
最终状态: 正常流程
处理结果: 成功
下一步操作: 请更新余额变化表
处理人: 系统/操作员

详细消息：
  托管确认页复核成功，无冲突
19:41:40.401 [main] INFO  c.x.f.service.InterestReviewService - 【步骤3】更新余额变化表，复核单号: REV868EDE29
19:41:40.401 [main] INFO  c.x.f.s.BalanceVerificationService - 余额变化表校验通过，共1条记录，最终余额: 9000.00
19:41:40.401 [main] WARN  c.x.f.s.BalanceVerificationService - 未找到与尾差调整相关的余额变化记录，调整单号: ADJ20260601001
19:41:40.401 [main] INFO  c.x.f.service.SelfCheckService - 自检[余额与历史匹配检查] - 通过: 余额历史连续，尾差调整待更新到余额表
19:41:40.401 [main] INFO  c.x.f.s.BalanceVerificationService - 开始更新余额变化表，票据号: CD20260601001
19:41:40.401 [main] INFO  c.x.f.s.BalanceVerificationService - 余额变化表校验通过，共2条记录，最终余额: 9012.50
19:41:40.401 [main] INFO  c.x.f.s.BalanceVerificationService - 余额变化表更新成功，记录号: BALDBA12E2F, 当前余额: 9012.50
19:41:40.401 [main] INFO  c.x.f.service.InterestReviewService - 步骤3完成，复核全部通过

--- 步骤3结果 ---
【企业票据贴现利息复核结果】
复核单号: REV868EDE29
最终状态: 复核通过
处理结果: 成功
下一步操作: 复核完成，可归档或导出
处理人: 系统

详细消息：
  余额变化表更新成功
  当前余额: 9012.50
  企业票据贴现利息复核全部完成

【企业票据贴现利息复核自检报告】
----------------------------------------
总计: 6项, 通过: 6项, 未通过: 0项
----------------------------------------
✓ 通过 重复导入检查: 无重复导入
✓ 通过 审批人拼音检查: 审批人信息完整
✓ 通过 尾差与托管冲突检查: 尾差调整与托管确认无冲突
✓ 通过 导出一致性检查: 导出数据一致
✓ 通过 补录后重算检查: 补录后重算一致
✓ 通过 余额与历史匹配检查: 余额历史连续，尾差调整待更新到余额表

✓ 正常材料全流程测试通过

]]></system-out>
  </testcase>
  <testcase name="test_SelfCheck_CoversAllRequiredItems" classname="com.xxx.financial.InterestReviewServiceTest" time="0.0">
    <system-out><![CDATA[========== 场景4：基本自检功能覆盖测试 ==========
19:41:40.405 [main] INFO  c.x.f.service.InterestReviewService - 初始化企业票据贴现利息复核，复核单号: REV40CFBAAB, 票据号: CD20260601001, 操作人: 操作员张三
19:41:40.405 [main] INFO  c.x.f.service.SelfCheckService - 自检[重复导入检查] - 通过: 无重复导入
19:41:40.405 [main] INFO  c.x.f.service.SelfCheckService - 自检[审批人拼音检查] - 通过: 审批人信息完整
19:41:40.405 [main] INFO  c.x.f.service.SelfCheckService - 自检[补录后重算检查] - 通过: 补录后重算一致
19:41:40.405 [main] INFO  c.x.f.service.SelfCheckService - 自检[导出一致性检查] - 通过: 导出数据一致
19:41:40.405 [main] INFO  c.x.f.s.BalanceVerificationService - 余额变化表校验通过，共1条记录，最终余额: 9000.00
19:41:40.406 [main] WARN  c.x.f.s.BalanceVerificationService - 未找到与尾差调整相关的余额变化记录，调整单号: ADJ20260601001
19:41:40.406 [main] INFO  c.x.f.service.SelfCheckService - 自检[余额与历史匹配检查] - 通过: 余额历史连续，尾差调整待更新到余额表
19:41:40.406 [main] INFO  c.x.f.s.TrusteeConfirmationService - 尾差调整与托管确认数据一致，无冲突
19:41:40.406 [main] INFO  c.x.f.service.SelfCheckService - 自检[尾差与托管冲突检查] - 通过: 尾差调整与托管确认无冲突
【企业票据贴现利息复核自检报告】
----------------------------------------
总计: 6项, 通过: 6项, 未通过: 0项
----------------------------------------
✓ 通过 重复导入检查: 无重复导入
✓ 通过 审批人拼音检查: 审批人信息完整
✓ 通过 补录后重算检查: 补录后重算一致
✓ 通过 导出一致性检查: 导出数据一致
✓ 通过 余额与历史匹配检查: 余额历史连续，尾差调整待更新到余额表
✓ 通过 尾差与托管冲突检查: 尾差调整与托管确认无冲突

✓ 基本自检功能覆盖测试通过

]]></system-out>
  </testcase>
  <testcase name="test_DuplicateImport_DetectedAndRejected" classname="com.xxx.financial.InterestReviewServiceTest" time="0.0">
    <system-out><![CDATA[========== 场景5：重复导入检测测试 ==========
19:41:40.408 [main] INFO  c.x.f.service.InterestReviewService - 初始化企业票据贴现利息复核，复核单号: REVF1722D6E, 票据号: CD20260601001, 操作人: 操作员张三
19:41:40.408 [main] INFO  c.x.f.service.InterestReviewService - 【步骤1】开始导入尾差调整条，复核单号: REVF1722D6E
19:41:40.408 [main] INFO  c.x.f.service.SelfCheckService - 自检[重复导入检查] - 通过: 无重复导入
19:41:40.408 [main] INFO  c.x.f.service.TailAdjustmentService - 开始处理尾差调整条，调整单号: ADJ20260601001, 票据号: CD20260601001
19:41:40.408 [main] INFO  c.x.f.service.TailAdjustmentService - 尾差调整条审批人信息完整，进入正常流程
19:41:40.408 [main] INFO  c.x.f.service.TailAdjustmentService - 尾差调整条处理完成，状态: 正常流程
19:41:40.409 [main] INFO  c.x.f.service.SelfCheckService - 自检[审批人拼音检查] - 通过: 审批人信息完整
19:41:40.409 [main] INFO  c.x.f.service.InterestReviewService - 步骤1完成，进入正常流程
19:41:40.409 [main] INFO  c.x.f.service.InterestReviewService - 初始化企业票据贴现利息复核，复核单号: REV486F11E9, 票据号: CD20260601001, 操作人: 操作员李四
19:41:40.409 [main] INFO  c.x.f.service.InterestReviewService - 【步骤1】开始导入尾差调整条，复核单号: REV486F11E9
19:41:40.409 [main] INFO  c.x.f.service.SelfCheckService - 自检[重复导入检查] - 未通过: 检测到重复导入
19:41:40.409 [main] WARN  c.x.f.service.InterestReviewService - 步骤1失败: 检测到重复导入

--- 重复导入结果 ---
【企业票据贴现利息复核结果】
复核单号: REV486F11E9
最终状态: 口径错误
处理结果: 需人工介入
下一步操作: 请检查调整单号是否正确，或删除重复记录后重新导入
处理人: 系统

详细消息：
  检测到重复导入
✓ 重复导入检测测试通过

]]></system-out>
  </testcase>
  <testcase name="test_DataConflict_RequiresProductDecision" classname="com.xxx.financial.InterestReviewServiceTest" time="0.001">
    <system-out><![CDATA[========== 场景3：尾差调整与托管确认冲突测试 ==========
19:41:40.409 [main] INFO  c.x.f.service.InterestReviewService - 初始化企业票据贴现利息复核，复核单号: REV66E0C662, 票据号: CD20260601001, 操作人: 操作员张三
19:41:40.409 [main] INFO  c.x.f.service.InterestReviewService - 【步骤1】开始导入尾差调整条，复核单号: REV66E0C662
19:41:40.409 [main] INFO  c.x.f.service.SelfCheckService - 自检[重复导入检查] - 通过: 无重复导入
19:41:40.409 [main] INFO  c.x.f.service.TailAdjustmentService - 开始处理尾差调整条，调整单号: ADJ20260601003, 票据号: CD20260601001
19:41:40.409 [main] INFO  c.x.f.service.TailAdjustmentService - 尾差调整条审批人信息完整，进入正常流程
19:41:40.409 [main] INFO  c.x.f.service.TailAdjustmentService - 尾差调整条处理完成，状态: 正常流程
19:41:40.409 [main] INFO  c.x.f.service.SelfCheckService - 自检[审批人拼音检查] - 通过: 审批人信息完整
19:41:40.410 [main] INFO  c.x.f.service.InterestReviewService - 步骤1完成，进入正常流程

--- 步骤1结果 ---
【企业票据贴现利息复核结果】
复核单号: REV66E0C662
最终状态: 正常流程
处理结果: 成功
下一步操作: 请支付平台产品阿南补看托管确认页
处理人: 支付平台产品阿南

详细消息：
  尾差调整条导入成功
  审批人信息完整，进入正常流程
19:41:40.410 [main] INFO  c.x.f.service.InterestReviewService - 【步骤2】支付平台产品阿南补看托管确认页，复核单号: REV66E0C662
19:41:40.410 [main] INFO  c.x.f.s.TrusteeConfirmationService - 开始复核托管确认页，确认单号: TC20260601001
19:41:40.410 [main] WARN  c.x.f.s.TrusteeConfirmationService - 检测到数据冲突: 【数据冲突】票据号:CD20260601001, 尾差调整金额:9015.80, 托管确认金额:9010.50, 差额:5.30, 冲突类型:利息金额不一致, 说明:调整后利息(系统利息9000.00+尾差调整15.80=9015.80)与托管确认利息9010.50差异超过容错阈值(0.01)
19:41:40.410 [main] WARN  c.x.f.s.TrusteeConfirmationService - 托管确认页复核完成，发现数据冲突，需支付平台产品阿南确认
19:41:40.410 [main] WARN  c.x.f.s.TrusteeConfirmationService - 检测到数据冲突: 【数据冲突】票据号:CD20260601001, 尾差调整金额:9015.80, 托管确认金额:9010.50, 差额:5.30, 冲突类型:利息金额不一致, 说明:调整后利息(系统利息9000.00+尾差调整15.80=9015.80)与托管确认利息9010.50差异超过容错阈值(0.01)
19:41:40.410 [main] INFO  c.x.f.service.SelfCheckService - 自检[尾差与托管冲突检查] - 未通过: 尾差调整与托管确认存在冲突
19:41:40.410 [main] INFO  c.x.f.service.SelfCheckService - 自检[导出一致性检查] - 通过: 导出数据一致
19:41:40.410 [main] INFO  c.x.f.service.SelfCheckService - 自检[补录后重算检查] - 未通过: 补录后重算不匹配

--- 步骤2结果 ---
【企业票据贴现利息复核结果】
复核单号: REV66E0C662
最终状态: 数据冲突待确认
处理结果: 需人工介入
下一步操作: 请支付平台产品阿南确认冲突处理方式（确认尾差调整/驳回以托管为准）
处理人: 支付平台产品阿南

详细消息：
  托管确认页复核完成，但检测到数据冲突
  【数据冲突】票据号:CD20260601001, 尾差调整金额:9015.80, 托管确认金额:9010.50, 差额:5.30, 冲突类型:利息金额不一致, 说明:调整后利息(系统利息9000.00+尾差调整15.80=9015.80)与托管确认利息9010.50差异超过容错阈值(0.01)
  请支付平台产品阿南选择确认或驳回，系统不自动拍板
冲突证据列表：
  【数据冲突】票据号:CD20260601001, 尾差调整金额:9015.80, 托管确认金额:9010.50, 差额:5.30, 冲突类型:利息金额不一致, 说明:调整后利息(系统利息9000.00+尾差调整15.80=9015.80)与托管确认利息9010.50差异超过容错阈值(0.01)
19:41:40.410 [main] INFO  c.x.f.service.InterestReviewService - 【步骤3】更新余额变化表，复核单号: REV66E0C662

--- 步骤3结果（冲突未解决前） ---
【企业票据贴现利息复核结果】
复核单号: REV66E0C662
最终状态: 数据冲突待确认
处理结果: 需人工介入
下一步操作: 请先由支付平台产品阿南处理数据冲突
处理人: 支付平台产品阿南

详细消息：
  存在未解决的数据冲突，不能更新余额变化表
19:41:40.410 [main] INFO  c.x.f.service.InterestReviewService - 【冲突处理】支付平台产品阿南处理数据冲突，调整单号: ADJ20260601003, 确认: true
19:41:40.410 [main] INFO  c.x.f.s.TrusteeConfirmationService - 支付平台产品阿南已确认冲突，以尾差调整为准，调整单号: ADJ20260601003

--- 冲突处理结果（支付平台产品阿南确认） ---
【企业票据贴现利息复核结果】
复核单号: REV66E0C662
最终状态: 正常流程
处理结果: 成功
下一步操作: 请更新余额变化表
处理人: 系统/操作员

详细消息：
  数据冲突已解决
19:41:40.410 [main] INFO  c.x.f.service.InterestReviewService - 【步骤3】更新余额变化表，复核单号: REV66E0C662
19:41:40.410 [main] INFO  c.x.f.s.BalanceVerificationService - 余额变化表校验通过，共1条记录，最终余额: 9000.00
19:41:40.410 [main] WARN  c.x.f.s.BalanceVerificationService - 未找到与尾差调整相关的余额变化记录，调整单号: ADJ20260601003
19:41:40.410 [main] INFO  c.x.f.service.SelfCheckService - 自检[余额与历史匹配检查] - 通过: 余额历史连续，尾差调整待更新到余额表
19:41:40.410 [main] INFO  c.x.f.s.BalanceVerificationService - 开始更新余额变化表，票据号: CD20260601001
19:41:40.411 [main] INFO  c.x.f.s.BalanceVerificationService - 余额变化表校验通过，共2条记录，最终余额: 9015.80
19:41:40.411 [main] INFO  c.x.f.s.BalanceVerificationService - 余额变化表更新成功，记录号: BALC39C1862, 当前余额: 9015.80
19:41:40.411 [main] INFO  c.x.f.service.InterestReviewService - 步骤3完成，复核全部通过

--- 步骤3结果（冲突解决后） ---
【企业票据贴现利息复核结果】
复核单号: REV66E0C662
最终状态: 复核通过
处理结果: 成功
下一步操作: 复核完成，可归档或导出
处理人: 系统

详细消息：
  余额变化表更新成功
  当前余额: 9015.80
  企业票据贴现利息复核全部完成
✓ 数据冲突场景测试通过 - 正确列出冲突证据不自动拍板

]]></system-out>
  </testcase>
  <testcase name="test_BalanceHistory_InconsistentDetected" classname="com.xxx.financial.InterestReviewServiceTest" time="0.0">
    <system-out><![CDATA[========== 场景7：余额变化表不一致检测测试 ==========
19:41:40.411 [main] INFO  c.x.f.service.InterestReviewService - 初始化企业票据贴现利息复核，复核单号: REV00B5BC69, 票据号: CD20260601001, 操作人: 操作员张三
19:41:40.411 [main] INFO  c.x.f.service.InterestReviewService - 【步骤1】开始导入尾差调整条，复核单号: REV00B5BC69
19:41:40.411 [main] INFO  c.x.f.service.SelfCheckService - 自检[重复导入检查] - 通过: 无重复导入
19:41:40.411 [main] INFO  c.x.f.service.TailAdjustmentService - 开始处理尾差调整条，调整单号: ADJ20260601001, 票据号: CD20260601001
19:41:40.411 [main] INFO  c.x.f.service.TailAdjustmentService - 尾差调整条审批人信息完整，进入正常流程
19:41:40.411 [main] INFO  c.x.f.service.TailAdjustmentService - 尾差调整条处理完成，状态: 正常流程
19:41:40.411 [main] INFO  c.x.f.service.SelfCheckService - 自检[审批人拼音检查] - 通过: 审批人信息完整
19:41:40.411 [main] INFO  c.x.f.service.InterestReviewService - 步骤1完成，进入正常流程
19:41:40.411 [main] INFO  c.x.f.service.InterestReviewService - 【步骤2】支付平台产品阿南补看托管确认页，复核单号: REV00B5BC69
19:41:40.411 [main] INFO  c.x.f.s.TrusteeConfirmationService - 开始复核托管确认页，确认单号: TC20260601001
19:41:40.411 [main] INFO  c.x.f.s.TrusteeConfirmationService - 尾差调整与托管确认数据一致，无冲突
19:41:40.411 [main] INFO  c.x.f.s.TrusteeConfirmationService - 托管确认页复核完成，无冲突
19:41:40.411 [main] INFO  c.x.f.s.TrusteeConfirmationService - 尾差调整与托管确认数据一致，无冲突
19:41:40.411 [main] INFO  c.x.f.service.SelfCheckService - 自检[尾差与托管冲突检查] - 通过: 尾差调整与托管确认无冲突
19:41:40.411 [main] INFO  c.x.f.service.SelfCheckService - 自检[导出一致性检查] - 通过: 导出数据一致
19:41:40.411 [main] INFO  c.x.f.service.SelfCheckService - 自检[补录后重算检查] - 通过: 补录后重算一致
19:41:40.412 [main] INFO  c.x.f.service.InterestReviewService - 步骤2完成，托管确认页复核通过
19:41:40.412 [main] INFO  c.x.f.service.InterestReviewService - 【步骤3】更新余额变化表，复核单号: REV00B5BC69
19:41:40.412 [main] ERROR c.x.f.s.BalanceVerificationService - 余额变化表不连续，上一条期望余额: 9000.00, 当前条期初余额: 8000.00
19:41:40.412 [main] WARN  c.x.f.s.BalanceVerificationService - 未找到与尾差调整相关的余额变化记录，调整单号: ADJ20260601001
19:41:40.412 [main] INFO  c.x.f.service.SelfCheckService - 自检[余额与历史匹配检查] - 未通过: 余额变化表不连续，请检查历史数据

--- 步骤3结果（余额不一致时） ---
【企业票据贴现利息复核结果】
复核单号: REV00B5BC69
最终状态: 口径错误
处理结果: 需人工介入
下一步操作: 请检查余额历史记录的准确性
处理人: 操作员

详细消息：
  余额变化表与历史记录不匹配，请检查数据
✓ 余额变化表不一致检测测试通过

]]></system-out>
  </testcase>
  <testcase name="test_ThreeStepFlow_WithPinyinAndConflict" classname="com.xxx.financial.InterestReviewServiceTest" time="0.004">
    <system-out><![CDATA[========== 场景6：三步完整流程（含拼音+冲突） ==========
19:41:40.412 [main] INFO  c.x.f.service.InterestReviewService - 初始化企业票据贴现利息复核，复核单号: REV1C3E9B0E, 票据号: CD20260601001, 操作人: 操作员张三
【第一步】尾差调整条第一次导入
19:41:40.412 [main] INFO  c.x.f.service.InterestReviewService - 【步骤1】开始导入尾差调整条，复核单号: REV1C3E9B0E
19:41:40.412 [main] INFO  c.x.f.service.SelfCheckService - 自检[重复导入检查] - 通过: 无重复导入
19:41:40.412 [main] INFO  c.x.f.service.TailAdjustmentService - 开始处理尾差调整条，调整单号: ADJ20260601002, 票据号: CD20260601001
19:41:40.412 [main] WARN  c.x.f.service.TailAdjustmentService - 尾差调整条审批人仅为拼音: zhang ming, 标记为待客户经理复核
19:41:40.413 [main] INFO  c.x.f.service.TailAdjustmentService - 尾差调整条处理完成，状态: 待客户经理复核
19:41:40.413 [main] INFO  c.x.f.service.SelfCheckService - 自检[审批人拼音检查] - 未通过: 审批人仅为拼音，需客户经理复核
19:41:40.413 [main] INFO  c.x.f.service.InterestReviewService - 步骤1完成，待客户经理复核

--- 步骤1 ---
【企业票据贴现利息复核结果】
复核单号: REV1C3E9B0E
最终状态: 待客户经理复核
处理结果: 需人工介入
下一步操作: 请客户经理复核审批人身份，确认无误后继续流程
处理人: 客户经理

详细消息：
  尾差调整条导入成功，但审批人仅留拼音(zhang ming)
  已标记为待客户经理复核，不归入正常流程

【客户经理复核】审批人拼音确认
19:41:40.413 [main] INFO  c.x.f.service.InterestReviewService - 【客户经理复核】审批人拼音复核，复核单号: REV1C3E9B0E, 通过: true

--- 经理复核 ---
【企业票据贴现利息复核结果】
复核单号: REV1C3E9B0E
最终状态: 正常流程
处理结果: 成功
下一步操作: 请支付平台产品阿南复核托管确认页
处理人: 支付平台产品阿南

详细消息：
  客户经理已确认审批人身份
  请支付平台产品阿南补看托管确认页

【第二步】支付平台产品阿南补看托管确认页
19:41:40.413 [main] INFO  c.x.f.service.InterestReviewService - 【步骤2】支付平台产品阿南补看托管确认页，复核单号: REV1C3E9B0E
19:41:40.413 [main] INFO  c.x.f.s.TrusteeConfirmationService - 开始复核托管确认页，确认单号: TC20260601001
19:41:40.414 [main] WARN  c.x.f.s.TrusteeConfirmationService - 检测到数据冲突: 【数据冲突】票据号:CD20260601001, 尾差调整金额:9012.50, 托管确认金额:9010.50, 差额:2.00, 冲突类型:利息金额不一致, 说明:调整后利息(系统利息9000.00+尾差调整12.50=9012.50)与托管确认利息9010.50差异超过容错阈值(0.01)
19:41:40.414 [main] WARN  c.x.f.s.TrusteeConfirmationService - 托管确认页复核完成，发现数据冲突，需支付平台产品阿南确认
19:41:40.414 [main] WARN  c.x.f.s.TrusteeConfirmationService - 检测到数据冲突: 【数据冲突】票据号:CD20260601001, 尾差调整金额:9012.50, 托管确认金额:9010.50, 差额:2.00, 冲突类型:利息金额不一致, 说明:调整后利息(系统利息9000.00+尾差调整12.50=9012.50)与托管确认利息9010.50差异超过容错阈值(0.01)
19:41:40.414 [main] INFO  c.x.f.service.SelfCheckService - 自检[尾差与托管冲突检查] - 未通过: 尾差调整与托管确认存在冲突
19:41:40.414 [main] INFO  c.x.f.service.SelfCheckService - 自检[导出一致性检查] - 通过: 导出数据一致
19:41:40.414 [main] INFO  c.x.f.service.SelfCheckService - 自检[补录后重算检查] - 未通过: 补录后重算不匹配

--- 步骤2 ---
【企业票据贴现利息复核结果】
复核单号: REV1C3E9B0E
最终状态: 数据冲突待确认
处理结果: 需人工介入
下一步操作: 请支付平台产品阿南确认冲突处理方式（确认尾差调整/驳回以托管为准）
处理人: 支付平台产品阿南

详细消息：
  托管确认页复核完成，但检测到数据冲突
  【数据冲突】票据号:CD20260601001, 尾差调整金额:9012.50, 托管确认金额:9010.50, 差额:2.00, 冲突类型:利息金额不一致, 说明:调整后利息(系统利息9000.00+尾差调整12.50=9012.50)与托管确认利息9010.50差异超过容错阈值(0.01)
  请支付平台产品阿南选择确认或驳回，系统不自动拍板

【支付平台产品阿南处理冲突】
19:41:40.414 [main] INFO  c.x.f.service.InterestReviewService - 【冲突处理】支付平台产品阿南处理数据冲突，调整单号: ADJ20260601002, 确认: false
19:41:40.414 [main] INFO  c.x.f.s.TrusteeConfirmationService - 支付平台产品阿南已驳回冲突，以托管确认页为准，调整单号: ADJ20260601002
19:41:40.414 [main] INFO  c.x.f.s.TrusteeConfirmationService - 已自动更新尾差调整金额为: 10.50 (托管确认利息9010.50 - 系统利息9000.00)
19:41:40.414 [main] INFO  c.x.f.service.InterestReviewService - 已清除调整单号ADJ20260601002的重复导入记录，因金额已更新

--- 冲突处理 ---
【企业票据贴现利息复核结果】
复核单号: REV1C3E9B0E
最终状态: 正常流程
处理结果: 成功
下一步操作: 请更新余额变化表
处理人: 系统/操作员

详细消息：
  数据冲突已解决

【补录后重算验证】
19:41:40.414 [main] INFO  c.x.f.service.SelfCheckService - 自检[重复导入检查] - 通过: 无重复导入
19:41:40.415 [main] INFO  c.x.f.service.SelfCheckService - 自检[审批人拼音检查] - 未通过: 审批人仅为拼音，需客户经理复核
19:41:40.415 [main] INFO  c.x.f.service.SelfCheckService - 自检[补录后重算检查] - 通过: 补录后重算一致
19:41:40.415 [main] INFO  c.x.f.service.SelfCheckService - 自检[导出一致性检查] - 通过: 导出数据一致
19:41:40.415 [main] INFO  c.x.f.s.BalanceVerificationService - 余额变化表校验通过，共1条记录，最终余额: 9000.00
19:41:40.415 [main] WARN  c.x.f.s.BalanceVerificationService - 未找到与尾差调整相关的余额变化记录，调整单号: ADJ20260601002
19:41:40.415 [main] INFO  c.x.f.service.SelfCheckService - 自检[余额与历史匹配检查] - 通过: 余额历史连续，尾差调整待更新到余额表
19:41:40.415 [main] INFO  c.x.f.s.TrusteeConfirmationService - 尾差调整与托管确认数据一致，无冲突
19:41:40.415 [main] INFO  c.x.f.service.SelfCheckService - 自检[尾差与托管冲突检查] - 通过: 尾差调整与托管确认无冲突
【企业票据贴现利息复核自检报告】
----------------------------------------
总计: 6项, 通过: 5项, 未通过: 1项
----------------------------------------
✓ 通过 重复导入检查: 无重复导入
✗ 未通过 审批人拼音检查: 审批人仅为拼音，需客户经理复核
  详情: 审批人: zhang ming，检测为纯拼音格式，不属于罕见边角料，作为正常流程但需人工确认
✓ 通过 补录后重算检查: 补录后重算一致
✓ 通过 导出一致性检查: 导出数据一致
✓ 通过 余额与历史匹配检查: 余额历史连续，尾差调整待更新到余额表
✓ 通过 尾差与托管冲突检查: 尾差调整与托管确认无冲突


【第三步】余额变化表更新
19:41:40.415 [main] INFO  c.x.f.service.InterestReviewService - 【步骤3】更新余额变化表，复核单号: REV1C3E9B0E
19:41:40.416 [main] INFO  c.x.f.s.BalanceVerificationService - 余额变化表校验通过，共1条记录，最终余额: 9000.00
19:41:40.416 [main] WARN  c.x.f.s.BalanceVerificationService - 未找到与尾差调整相关的余额变化记录，调整单号: ADJ20260601002
19:41:40.416 [main] INFO  c.x.f.service.SelfCheckService - 自检[余额与历史匹配检查] - 通过: 余额历史连续，尾差调整待更新到余额表
19:41:40.416 [main] INFO  c.x.f.s.BalanceVerificationService - 开始更新余额变化表，票据号: CD20260601001
19:41:40.416 [main] INFO  c.x.f.s.BalanceVerificationService - 余额变化表校验通过，共2条记录，最终余额: 9010.50
19:41:40.416 [main] INFO  c.x.f.s.BalanceVerificationService - 余额变化表更新成功，记录号: BAL6FB4CE1A, 当前余额: 9010.50
19:41:40.416 [main] INFO  c.x.f.service.InterestReviewService - 步骤3完成，复核全部通过

--- 步骤3 ---
【企业票据贴现利息复核结果】
复核单号: REV1C3E9B0E
最终状态: 复核通过
处理结果: 成功
下一步操作: 复核完成，可归档或导出
处理人: 系统

详细消息：
  余额变化表更新成功
  当前余额: 9010.50
  企业票据贴现利息复核全部完成

流程完成状态：
  步骤1完成: true
  步骤2完成: true
  步骤3完成: true
  最终余额: 9010.50
✓ 三步完整流程（含拼音+冲突+补录）测试通过

]]></system-out>
  </testcase>
</testsuite>